20230417133141;28-b931e70264ff;77 01 55 00 7f ff 0c 10 ad : crc=ad YES 77 01 55 00 7f ff 0c 10 ad t=23437 
20230417140001;28-b931e70264ff;81 01 55 00 7f ff 0c 10 19 : crc=19 YES 81 01 55 00 7f ff 0c 10 19 t=24062 
20230417150001;28-b931e70264ff;75 01 55 00 7f ff 0c 10 2b : crc=2b YES 75 01 55 00 7f ff 0c 10 2b t=23312 
20230417160001;28-b931e70264ff;62 01 55 00 7f ff 0c 10 af : crc=af YES 62 01 55 00 7f ff 0c 10 af t=22125 
20230417170001;28-b931e70264ff;5d 01 55 00 7f ff 0c 10 a9 : crc=a9 YES 5d 01 55 00 7f ff 0c 10 a9 t=21812 
20230417180001;28-b931e70264ff;55 01 55 00 7f ff 0c 10 83 : crc=83 YES 55 01 55 00 7f ff 0c 10 83 t=21312 
20230417190001;28-b931e70264ff;5a 01 55 00 7f ff 0c 10 79 : crc=79 YES 5a 01 55 00 7f ff 0c 10 79 t=21625 
20230417200001;28-b931e70264ff;5c 01 55 00 7f ff 0c 10 ea : crc=ea YES 5c 01 55 00 7f ff 0c 10 ea t=21750 
20230417210001;28-b931e70264ff;5a 01 55 00 7f ff 0c 10 79 : crc=79 YES 5a 01 55 00 7f ff 0c 10 79 t=21625 
20230417220001;28-b931e70264ff;57 01 55 00 7f ff 0c 10 05 : crc=05 YES 57 01 55 00 7f ff 0c 10 05 t=21437 
20230417230001;28-b931e70264ff;61 01 55 00 7f ff 0c 10 6a : crc=6a YES 61 01 55 00 7f ff 0c 10 6a t=22062 
20230418000001;28-b931e70264ff;68 01 55 00 7f ff 0c 10 03 : crc=03 YES 68 01 55 00 7f ff 0c 10 03 t=22500 
20230418010001;28-b931e70264ff;63 01 55 00 7f ff 0c 10 ec : crc=ec YES 63 01 55 00 7f ff 0c 10 ec t=22187 
20230418020001;28-b931e70264ff;5e 01 55 00 7f ff 0c 10 6c : crc=6c YES 5e 01 55 00 7f ff 0c 10 6c t=21875 
20230418030001;28-b931e70264ff;5c 01 55 00 7f ff 0c 10 ea : crc=ea YES 5c 01 55 00 7f ff 0c 10 ea t=21750 
20230418040001;28-b931e70264ff;59 01 55 00 7f ff 0c 10 bc : crc=bc YES 59 01 55 00 7f ff 0c 10 bc t=21562 
20230418050001;28-b931e70264ff;70 01 55 00 7f ff 0c 10 7d : crc=7d YES 70 01 55 00 7f ff 0c 10 7d t=23000 
20230418060001;28-b931e70264ff;58 01 55 00 7f ff 0c 10 ff : crc=ff YES 58 01 55 00 7f ff 0c 10 ff t=21500 
20230418070001;28-b931e70264ff;64 01 55 00 7f ff 0c 10 3c : crc=3c YES 64 01 55 00 7f ff 0c 10 3c t=22250 
20230418080001;28-b931e70264ff;72 01 55 00 7f ff 0c 10 fb : crc=fb YES 72 01 55 00 7f ff 0c 10 fb t=23125 
20230418090001;28-b931e70264ff;93 01 55 00 7f ff 0c 10 cb : crc=cb YES 93 01 55 00 7f ff 0c 10 cb t=25187 
20230418100001;28-b931e70264ff;78 01 55 00 7f ff 0c 10 57 : crc=57 YES 78 01 55 00 7f ff 0c 10 57 t=23500 
20230418110001;28-b931e70264ff;73 01 55 00 7f ff 0c 10 b8 : crc=b8 YES 73 01 55 00 7f ff 0c 10 b8 t=23187 
