20230417134318;28-9c31e70264ff;54 01 55 00 7f ff 0c 10 c0 : crc=c0 YES 54 01 55 00 7f ff 0c 10 c0 t=21250 
20230417140035;28-9c31e70264ff;64 01 55 00 7f ff 0c 10 3c : crc=3c YES 64 01 55 00 7f ff 0c 10 3c t=22250 
20230417150001;28-9c31e70264ff;50 01 55 00 7f ff 0c 10 d5 : crc=d5 YES 50 01 55 00 7f ff 0c 10 d5 t=21000 
20230417160001;28-9c31e70264ff;19 01 55 00 7f ff 0c 10 f5 : crc=f5 YES 19 01 55 00 7f ff 0c 10 f5 t=17562 
20230417170002;28-9c31e70264ff;ef 00 55 00 7f ff 0c 10 7c : crc=7c YES ef 00 55 00 7f ff 0c 10 7c t=14937 
20230417180001;28-9c31e70264ff;b6 00 55 00 7f ff 0c 10 08 : crc=08 YES b6 00 55 00 7f ff 0c 10 08 t=11375 
20230417190001;28-9c31e70264ff;92 00 55 00 7f ff 0c 10 b5 : crc=b5 YES 92 00 55 00 7f ff 0c 10 b5 t=9125 
20230417200001;28-9c31e70264ff;75 00 55 00 7f ff 0c 10 16 : crc=16 YES 75 00 55 00 7f ff 0c 10 16 t=7312 
20230417210001;28-9c31e70264ff;70 00 55 00 7f ff 0c 10 40 : crc=40 YES 70 00 55 00 7f ff 0c 10 40 t=7000 
20230417220001;28-9c31e70264ff;71 00 55 00 7f ff 0c 10 03 : crc=03 YES 71 00 55 00 7f ff 0c 10 03 t=7062 
20230417230002;28-9c31e70264ff;73 00 55 00 7f ff 0c 10 85 : crc=85 YES 73 00 55 00 7f ff 0c 10 85 t=7187 
20230418000001;28-9c31e70264ff;74 00 55 00 7f ff 0c 10 55 : crc=55 YES 74 00 55 00 7f ff 0c 10 55 t=7250 
20230418010001;28-9c31e70264ff;74 00 55 00 7f ff 0c 10 55 : crc=55 YES 74 00 55 00 7f ff 0c 10 55 t=7250 
20230418020001;28-9c31e70264ff;6e 00 55 00 7f ff 0c 10 ad : crc=ad YES 6e 00 55 00 7f ff 0c 10 ad t=6875 
20230418030001;28-9c31e70264ff;70 00 55 00 7f ff 0c 10 40 : crc=40 YES 70 00 55 00 7f ff 0c 10 40 t=7000 
20230418040001;28-9c31e70264ff;71 00 55 00 7f ff 0c 10 03 : crc=03 YES 71 00 55 00 7f ff 0c 10 03 t=7062 
20230418050001;28-9c31e70264ff;71 00 55 00 7f ff 0c 10 03 : crc=03 YES 71 00 55 00 7f ff 0c 10 03 t=7062 
20230418060002;28-9c31e70264ff;6d 00 55 00 7f ff 0c 10 68 : crc=68 YES 6d 00 55 00 7f ff 0c 10 68 t=6812 
20230418070001;28-9c31e70264ff;7b 00 55 00 7f ff 0c 10 af : crc=af YES 7b 00 55 00 7f ff 0c 10 af t=7687 
20230418080002;28-9c31e70264ff;b8 00 55 00 7f ff 0c 10 b1 : crc=b1 YES b8 00 55 00 7f ff 0c 10 b1 t=11500 
20230418090001;28-9c31e70264ff;f1 00 55 00 7f ff 0c 10 91 : crc=91 YES f1 00 55 00 7f ff 0c 10 91 t=15062 
20230418100001;28-9c31e70264ff;06 01 55 00 7f ff 0c 10 5b : crc=5b YES 06 01 55 00 7f ff 0c 10 5b t=16375 
20230418110001;28-9c31e70264ff;11 01 55 00 7f ff 0c 10 df : crc=df YES 11 01 55 00 7f ff 0c 10 df t=17062 
20230418120001;28-9c31e70264ff;33 01 55 00 7f ff 0c 10 f1 : crc=f1 YES 33 01 55 00 7f ff 0c 10 f1 t=19187 
20230418130002;28-9c31e70264ff;8a 01 55 00 7f ff 0c 10 f6 : crc=f6 YES 8a 01 55 00 7f ff 0c 10 f6 t=24625 
20230418140001;28-9c31e70264ff;96 01 55 00 7f ff 0c 10 9d : crc=9d YES 96 01 55 00 7f ff 0c 10 9d t=25375 
20230418150001;28-9c31e70264ff;8b 01 55 00 7f ff 0c 10 b5 : crc=b5 YES 8b 01 55 00 7f ff 0c 10 b5 t=24687 
20230418160001;28-9c31e70264ff;5b 01 55 00 7f ff 0c 10 3a : crc=3a YES 5b 01 55 00 7f ff 0c 10 3a t=21687 
20230418170001;28-9c31e70264ff;00 01 55 00 7f ff 0c 10 c8 : crc=c8 YES 00 01 55 00 7f ff 0c 10 c8 t=16000 
20230418180001;28-9c31e70264ff;bf 00 55 00 7f ff 0c 10 61 : crc=61 YES bf 00 55 00 7f ff 0c 10 61 t=11937 
20230418190001;28-9c31e70264ff;94 00 55 00 7f ff 0c 10 26 : crc=26 YES 94 00 55 00 7f ff 0c 10 26 t=9250 
20230418200002;28-9c31e70264ff;75 00 55 00 7f ff 0c 10 16 : crc=16 YES 75 00 55 00 7f ff 0c 10 16 t=7312 
20230418210001;28-9c31e70264ff;52 00 55 00 7f ff 0c 10 6e : crc=6e YES 52 00 55 00 7f ff 0c 10 6e t=5125 
20230418220001;28-9c31e70264ff;42 00 55 00 7f ff 0c 10 3a : crc=3a YES 42 00 55 00 7f ff 0c 10 3a t=4125 
20230418230001;28-9c31e70264ff;41 00 55 00 7f ff 0c 10 ff : crc=ff YES 41 00 55 00 7f ff 0c 10 ff t=4062 
20230419000001;28-9c31e70264ff;41 00 55 00 7f ff 0c 10 ff : crc=ff YES 41 00 55 00 7f ff 0c 10 ff t=4062 
20230419010001;28-9c31e70264ff;43 00 55 00 7f ff 0c 10 79 : crc=79 YES 43 00 55 00 7f ff 0c 10 79 t=4187 
20230419020001;28-9c31e70264ff;56 00 55 00 7f ff 0c 10 7b : crc=7b YES 56 00 55 00 7f ff 0c 10 7b t=5375 
20230419030001;28-9c31e70264ff;53 00 55 00 7f ff 0c 10 2d : crc=2d YES 53 00 55 00 7f ff 0c 10 2d t=5187 
20230419040001;28-9c31e70264ff;3a 00 55 00 7f ff 0c 10 a5 : crc=a5 YES 3a 00 55 00 7f ff 0c 10 a5 t=3625 
20230419050001;28-9c31e70264ff;31 00 55 00 7f ff 0c 10 4a : crc=4a YES 31 00 55 00 7f ff 0c 10 4a t=3062 
20230419060001;28-9c31e70264ff;3f 00 55 00 7f ff 0c 10 f3 : crc=f3 YES 3f 00 55 00 7f ff 0c 10 f3 t=3937 
20230419070001;28-9c31e70264ff;61 00 55 00 7f ff 0c 10 57 : crc=57 YES 61 00 55 00 7f ff 0c 10 57 t=6062 
20230419080001;28-9c31e70264ff;b2 00 55 00 7f ff 0c 10 1d : crc=1d YES b2 00 55 00 7f ff 0c 10 1d t=11125 
20230419090001;28-9c31e70264ff;be 00 55 00 7f ff 0c 10 22 : crc=22 YES be 00 55 00 7f ff 0c 10 22 t=11875 
20230419100001;28-9c31e70264ff;0a 01 55 00 7f ff 0c 10 64 : crc=64 YES 0a 01 55 00 7f ff 0c 10 64 t=16625 
20230419110001;28-9c31e70264ff;a4 00 55 00 7f ff 0c 10 da : crc=da YES a4 00 55 00 7f ff 0c 10 da t=10250 
20230419120001;28-9c31e70264ff;72 00 55 00 7f ff 0c 10 c6 : crc=c6 YES 72 00 55 00 7f ff 0c 10 c6 t=7125 
20230419130002;28-9c31e70264ff;78 00 55 00 7f ff 0c 10 6a : crc=6a YES 78 00 55 00 7f ff 0c 10 6a t=7500 
20230419140001;28-9c31e70264ff;c9 00 55 00 7f ff 0c 10 47 : crc=47 YES c9 00 55 00 7f ff 0c 10 47 t=12562 
20230419150001;28-9c31e70264ff;0f 01 55 00 7f ff 0c 10 32 : crc=32 YES 0f 01 55 00 7f ff 0c 10 32 t=16937 
20230419160001;28-9c31e70264ff;2d 01 55 00 7f ff 0c 10 1c : crc=1c YES 2d 01 55 00 7f ff 0c 10 1c t=18812 
20230419170001;28-9c31e70264ff;5c 01 55 00 7f ff 0c 10 ea : crc=ea YES 5c 01 55 00 7f ff 0c 10 ea t=21750 
20230419180001;28-9c31e70264ff;24 01 55 00 7f ff 0c 10 75 : crc=75 YES 24 01 55 00 7f ff 0c 10 75 t=18250 
20230419190002;28-9c31e70264ff;cb 00 55 00 7f ff 0c 10 c1 : crc=c1 YES cb 00 55 00 7f ff 0c 10 c1 t=12687 
20230419200001;28-9c31e70264ff;79 00 55 00 7f ff 0c 10 29 : crc=29 YES 79 00 55 00 7f ff 0c 10 29 t=7562 
20230419210001;28-9c31e70264ff;74 00 55 00 7f ff 0c 10 55 : crc=55 YES 74 00 55 00 7f ff 0c 10 55 t=7250 
20230419220001;28-9c31e70264ff;78 00 55 00 7f ff 0c 10 6a : crc=6a YES 78 00 55 00 7f ff 0c 10 6a t=7500 
20230419230001;28-9c31e70264ff;76 00 55 00 7f ff 0c 10 d3 : crc=d3 YES 76 00 55 00 7f ff 0c 10 d3 t=7375 
20230420000001;28-9c31e70264ff;77 00 55 00 7f ff 0c 10 90 : crc=90 YES 77 00 55 00 7f ff 0c 10 90 t=7437 
20230420010001;28-9c31e70264ff;75 00 55 00 7f ff 0c 10 16 : crc=16 YES 75 00 55 00 7f ff 0c 10 16 t=7312 
20230420020001;28-9c31e70264ff;70 00 55 00 7f ff 0c 10 40 : crc=40 YES 70 00 55 00 7f ff 0c 10 40 t=7000 
20230420030001;28-9c31e70264ff;68 00 55 00 7f ff 0c 10 3e : crc=3e YES 68 00 55 00 7f ff 0c 10 3e t=6500 
20230420040001;28-9c31e70264ff;4f 00 55 00 7f ff 0c 10 46 : crc=46 YES 4f 00 55 00 7f ff 0c 10 46 t=4937 
20230420050001;28-9c31e70264ff;43 00 55 00 7f ff 0c 10 79 : crc=79 YES 43 00 55 00 7f ff 0c 10 79 t=4187 
20230420060001;28-9c31e70264ff;50 00 55 00 7f ff 0c 10 e8 : crc=e8 YES 50 00 55 00 7f ff 0c 10 e8 t=5000 
20230420070001;28-9c31e70264ff;71 00 55 00 7f ff 0c 10 03 : crc=03 YES 71 00 55 00 7f ff 0c 10 03 t=7062 
20230420080001;28-9c31e70264ff;c3 00 55 00 7f ff 0c 10 eb : crc=eb YES c3 00 55 00 7f ff 0c 10 eb t=12187 
20230420090001;28-9c31e70264ff;11 01 55 00 7f ff 0c 10 df : crc=df YES 11 01 55 00 7f ff 0c 10 df t=17062 
20230420100001;28-9c31e70264ff;40 01 55 00 7f ff 0c 10 81 : crc=81 YES 40 01 55 00 7f ff 0c 10 81 t=20000 
20230420105341;28-9c31e70264ff;63 01 55 00 7f ff 0c 10 ec : crc=ec YES 63 01 55 00 7f ff 0c 10 ec t=22187 
20230420110001;28-9c31e70264ff;3a 01 55 00 7f ff 0c 10 98 : crc=98 YES 3a 01 55 00 7f ff 0c 10 98 t=19625 
20230420120001;28-9c31e70264ff;6c 01 55 00 7f ff 0c 10 16 : crc=16 YES 6c 01 55 00 7f ff 0c 10 16 t=22750 
20230420130001;28-9c31e70264ff;ea 01 55 00 7f ff 0c 10 17 : crc=17 YES ea 01 55 00 7f ff 0c 10 17 t=30625 
20230420140001;28-9c31e70264ff;eb 01 55 00 7f ff 0c 10 54 : crc=54 YES eb 01 55 00 7f ff 0c 10 54 t=30687 
20230420150002;28-9c31e70264ff;c3 01 55 00 7f ff 0c 10 d6 : crc=d6 YES c3 01 55 00 7f ff 0c 10 d6 t=28187 
20230420160001;28-9c31e70264ff;cf 01 55 00 7f ff 0c 10 e9 : crc=e9 YES cf 01 55 00 7f ff 0c 10 e9 t=28937 
20230420170001;28-9c31e70264ff;8c 01 55 00 7f ff 0c 10 65 : crc=65 YES 8c 01 55 00 7f ff 0c 10 65 t=24750 
20230420180001;28-9c31e70264ff;50 01 55 00 7f ff 0c 10 d5 : crc=d5 YES 50 01 55 00 7f ff 0c 10 d5 t=21000 
20230420190001;28-9c31e70264ff;ef 00 55 00 7f ff 0c 10 7c : crc=7c YES ef 00 55 00 7f ff 0c 10 7c t=14937 
20230420200001;28-9c31e70264ff;8a 00 55 00 7f ff 0c 10 cb : crc=cb YES 8a 00 55 00 7f ff 0c 10 cb t=8625 
20230420210001;28-9c31e70264ff;6f 00 55 00 7f ff 0c 10 ee : crc=ee YES 6f 00 55 00 7f ff 0c 10 ee t=6937 
20230420220001;28-9c31e70264ff;67 00 55 00 7f ff 0c 10 c4 : crc=c4 YES 67 00 55 00 7f ff 0c 10 c4 t=6437 
20230420230001;28-9c31e70264ff;53 00 55 00 7f ff 0c 10 2d : crc=2d YES 53 00 55 00 7f ff 0c 10 2d t=5187 
