20230420104233;28-309ee30264ff;d9 00 55 00 7f ff 0c 10 13 : crc=13 YES d9 00 55 00 7f ff 0c 10 13 t=13562 
20230420110001;28-309ee30264ff;cb 00 55 00 7f ff 0c 10 c1 : crc=c1 YES cb 00 55 00 7f ff 0c 10 c1 t=12687 
20230420120001;28-309ee30264ff;ea 00 55 00 7f ff 0c 10 2a : crc=2a YES ea 00 55 00 7f ff 0c 10 2a t=14625 
20230420130001;28-309ee30264ff;f8 00 55 00 7f ff 0c 10 f8 : crc=f8 YES f8 00 55 00 7f ff 0c 10 f8 t=15500 
20230420140001;28-309ee30264ff;e3 00 55 00 7f ff 0c 10 43 : crc=43 YES e3 00 55 00 7f ff 0c 10 43 t=14187 
20230420150001;28-309ee30264ff;f2 00 55 00 7f ff 0c 10 54 : crc=54 YES f2 00 55 00 7f ff 0c 10 54 t=15125 
20230420160002;28-309ee30264ff;f5 00 55 00 7f ff 0c 10 84 : crc=84 YES f5 00 55 00 7f ff 0c 10 84 t=15312 
20230420170002;28-309ee30264ff;f4 00 55 00 7f ff 0c 10 c7 : crc=c7 YES f4 00 55 00 7f ff 0c 10 c7 t=15250 
20230420180002;28-309ee30264ff;f0 00 55 00 7f ff 0c 10 d2 : crc=d2 YES f0 00 55 00 7f ff 0c 10 d2 t=15000 
20230420190001;28-309ee30264ff;c2 00 55 00 7f ff 0c 10 a8 : crc=a8 YES c2 00 55 00 7f ff 0c 10 a8 t=12125 
20230420200001;28-309ee30264ff;88 00 55 00 7f ff 0c 10 4d : crc=4d YES 88 00 55 00 7f ff 0c 10 4d t=8500 
20230420210001;28-309ee30264ff;7c 00 55 00 7f ff 0c 10 7f : crc=7f YES 7c 00 55 00 7f ff 0c 10 7f t=7750 
20230420220001;28-309ee30264ff;7e 00 55 00 7f ff 0c 10 f9 : crc=f9 YES 7e 00 55 00 7f ff 0c 10 f9 t=7875 
20230420230001;28-309ee30264ff;6d 00 55 00 7f ff 0c 10 68 : crc=68 YES 6d 00 55 00 7f ff 0c 10 68 t=6812 
20230421000001;28-309ee30264ff;6b 00 55 00 7f ff 0c 10 fb : crc=fb YES 6b 00 55 00 7f ff 0c 10 fb t=6687 
20230421010001;28-309ee30264ff;62 00 55 00 7f ff 0c 10 92 : crc=92 YES 62 00 55 00 7f ff 0c 10 92 t=6125 
20230421020001;28-309ee30264ff;69 00 55 00 7f ff 0c 10 7d : crc=7d YES 69 00 55 00 7f ff 0c 10 7d t=6562 
20230421030001;28-309ee30264ff;57 00 55 00 7f ff 0c 10 38 : crc=38 YES 57 00 55 00 7f ff 0c 10 38 t=5437 
20230421040001;28-309ee30264ff;60 00 55 00 7f ff 0c 10 14 : crc=14 YES 60 00 55 00 7f ff 0c 10 14 t=6000 
20230421050001;28-309ee30264ff;50 00 55 00 7f ff 0c 10 e8 : crc=e8 YES 50 00 55 00 7f ff 0c 10 e8 t=5000 
20230421060001;28-309ee30264ff;4f 00 55 00 7f ff 0c 10 46 : crc=46 YES 4f 00 55 00 7f ff 0c 10 46 t=4937 
20230421070002;28-309ee30264ff;8b 00 55 00 7f ff 0c 10 88 : crc=88 YES 8b 00 55 00 7f ff 0c 10 88 t=8687 
20230421080001;28-309ee30264ff;b4 00 55 00 7f ff 0c 10 8e : crc=8e YES b4 00 55 00 7f ff 0c 10 8e t=11250 
20230421090001;28-309ee30264ff;d0 00 55 00 7f ff 0c 10 7a : crc=7a YES d0 00 55 00 7f ff 0c 10 7a t=13000 
20230421100001;28-309ee30264ff;e5 00 55 00 7f ff 0c 10 d0 : crc=d0 YES e5 00 55 00 7f ff 0c 10 d0 t=14312 
20230421110001;28-309ee30264ff;03 01 55 00 7f ff 0c 10 0d : crc=0d YES 03 01 55 00 7f ff 0c 10 0d t=16187 
20230421120001;28-309ee30264ff;06 01 55 00 7f ff 0c 10 5b : crc=5b YES 06 01 55 00 7f ff 0c 10 5b t=16375 
20230421130001;28-309ee30264ff;f1 00 55 00 7f ff 0c 10 91 : crc=91 YES f1 00 55 00 7f ff 0c 10 91 t=15062 
20230421140001;28-309ee30264ff;06 01 55 00 7f ff 0c 10 5b : crc=5b YES 06 01 55 00 7f ff 0c 10 5b t=16375 
20230421150001;28-309ee30264ff;fb 00 55 00 7f ff 0c 10 3d : crc=3d YES fb 00 55 00 7f ff 0c 10 3d t=15687 
20230421160001;28-309ee30264ff;ef 00 55 00 7f ff 0c 10 7c : crc=7c YES ef 00 55 00 7f ff 0c 10 7c t=14937 
20230421170002;28-309ee30264ff;f2 00 55 00 7f ff 0c 10 54 : crc=54 YES f2 00 55 00 7f ff 0c 10 54 t=15125 
20230421180002;28-309ee30264ff;e7 00 55 00 7f ff 0c 10 56 : crc=56 YES e7 00 55 00 7f ff 0c 10 56 t=14437 
20230421190002;28-309ee30264ff;d7 00 55 00 7f ff 0c 10 aa : crc=aa YES d7 00 55 00 7f ff 0c 10 aa t=13437 
20230421200001;28-309ee30264ff;7f 00 55 00 7f ff 0c 10 ba : crc=ba YES 7f 00 55 00 7f ff 0c 10 ba t=7937 
20230421210001;28-309ee30264ff;6a 00 55 00 7f ff 0c 10 b8 : crc=b8 YES 6a 00 55 00 7f ff 0c 10 b8 t=6625 
20230421220002;28-309ee30264ff;4d 00 55 00 7f ff 0c 10 c0 : crc=c0 YES 4d 00 55 00 7f ff 0c 10 c0 t=4812 
20230421230001;28-309ee30264ff;33 00 55 00 7f ff 0c 10 cc : crc=cc YES 33 00 55 00 7f ff 0c 10 cc t=3187 
