20230415104924;28-0114559530aa;fc 00 4b 46 7f ff 0c 10 d0 : crc=d0 YES fc 00 4b 46 7f ff 0c 10 d0 t=15750 
20230415105205;28-0114559530aa;fb 00 4b 46 7f ff 0c 10 00 : crc=00 YES fb 00 4b 46 7f ff 0c 10 00 t=15687 
20230415110001;28-0114559530aa;f5 00 4b 46 7f ff 0c 10 b9 : crc=b9 YES f5 00 4b 46 7f ff 0c 10 b9 t=15312 
20230415110710;28-0114559530aa;e9 00 4b 46 7f ff 0c 10 d2 : crc=d2 YES e9 00 4b 46 7f ff 0c 10 d2 t=14562 
20230415120001;28-0114559530aa;e2 00 4b 46 7f ff 0c 10 3d : crc=3d YES e2 00 4b 46 7f ff 0c 10 3d t=14125 
20230415130001;28-0114559530aa;ee 00 4b 46 7f ff 0c 10 02 : crc=02 YES ee 00 4b 46 7f ff 0c 10 02 t=14875 
20230415140002;28-0114559530aa;9a 01 4b 46 7f ff 0c 10 9f : crc=9f YES 9a 01 4b 46 7f ff 0c 10 9f t=25625 
20230415150001;28-0114559530aa;ea 00 4b 46 7f ff 0c 10 17 : crc=17 YES ea 00 4b 46 7f ff 0c 10 17 t=14625 
20230415160001;28-0114559530aa;ce 00 4b 46 7f ff 0c 10 aa : crc=aa YES ce 00 4b 46 7f ff 0c 10 aa t=12875 
20230415170001;28-0114559530aa;b8 00 4b 46 7f ff 0c 10 8c : crc=8c YES b8 00 4b 46 7f ff 0c 10 8c t=11500 
20230415180001;28-0114559530aa;ab 00 4b 46 7f ff 0c 10 1d : crc=1d YES ab 00 4b 46 7f ff 0c 10 1d t=10687 
20230415190001;28-0114559530aa;9f 00 4b 46 7f ff 0c 10 f4 : crc=f4 YES 9f 00 4b 46 7f ff 0c 10 f4 t=9937 
20230415200001;28-0114559530aa;96 00 4b 46 7f ff 0c 10 9d : crc=9d YES 96 00 4b 46 7f ff 0c 10 9d t=9375 
20230415210001;28-0114559530aa;90 00 4b 46 7f ff 0c 10 0e : crc=0e YES 90 00 4b 46 7f ff 0c 10 0e t=9000 
20230415220001;28-0114559530aa;88 00 4b 46 7f ff 0c 10 70 : crc=70 YES 88 00 4b 46 7f ff 0c 10 70 t=8500 
20230415230001;28-0114559530aa;83 00 4b 46 7f ff 0c 10 9f : crc=9f YES 83 00 4b 46 7f ff 0c 10 9f t=8187 
20230416000001;28-0114559530aa;80 00 4b 46 7f ff 0c 10 5a : crc=5a YES 80 00 4b 46 7f ff 0c 10 5a t=8000 
20230416010001;28-0114559530aa;7d 00 4b 46 7f ff 0c 10 01 : crc=01 YES 7d 00 4b 46 7f ff 0c 10 01 t=7812 
20230416020001;28-0114559530aa;76 00 4b 46 7f ff 0c 10 ee : crc=ee YES 76 00 4b 46 7f ff 0c 10 ee t=7375 
20230416030001;28-0114559530aa;73 00 4b 46 7f ff 0c 10 b8 : crc=b8 YES 73 00 4b 46 7f ff 0c 10 b8 t=7187 
20230416040001;28-0114559530aa;70 00 4b 46 7f ff 0c 10 7d : crc=7d YES 70 00 4b 46 7f ff 0c 10 7d t=7000 
20230416050001;28-0114559530aa;6c 00 4b 46 7f ff 0c 10 16 : crc=16 YES 6c 00 4b 46 7f ff 0c 10 16 t=6750 
20230416060001;28-0114559530aa;6a 00 4b 46 7f ff 0c 10 85 : crc=85 YES 6a 00 4b 46 7f ff 0c 10 85 t=6625 
20230416070001;28-0114559530aa;73 00 4b 46 7f ff 0c 10 b8 : crc=b8 YES 73 00 4b 46 7f ff 0c 10 b8 t=7187 
20230416080002;28-0114559530aa;88 00 4b 46 7f ff 0c 10 70 : crc=70 YES 88 00 4b 46 7f ff 0c 10 70 t=8500 
20230416090001;28-0114559530aa;b4 00 4b 46 7f ff 0c 10 b3 : crc=b3 YES b4 00 4b 46 7f ff 0c 10 b3 t=11250 
20230416100001;28-0114559530aa;f1 00 4b 46 7f ff 0c 10 ac : crc=ac YES f1 00 4b 46 7f ff 0c 10 ac t=15062 
20230416110001;28-0114559530aa;35 01 4b 46 7f ff 0c 10 5f : crc=5f YES 35 01 4b 46 7f ff 0c 10 5f t=19312 
20230416120001;28-0114559530aa;25 01 4b 46 7f ff 0c 10 0b : crc=0b YES 25 01 4b 46 7f ff 0c 10 0b t=18312 
20230416130001;28-0114559530aa;27 01 4b 46 7f ff 0c 10 8d : crc=8d YES 27 01 4b 46 7f ff 0c 10 8d t=18437 
20230416140001;28-0114559530aa;37 01 4b 46 7f ff 0c 10 d9 : crc=d9 YES 37 01 4b 46 7f ff 0c 10 d9 t=19437 
20230416150001;28-0114559530aa;21 01 4b 46 7f ff 0c 10 1e : crc=1e YES 21 01 4b 46 7f ff 0c 10 1e t=18062 
20230416160001;28-0114559530aa;08 01 4b 46 7f ff 0c 10 df : crc=df YES 08 01 4b 46 7f ff 0c 10 df t=16500 
20230416170001;28-0114559530aa;f3 00 4b 46 7f ff 0c 10 2a : crc=2a YES f3 00 4b 46 7f ff 0c 10 2a t=15187 
20230416180001;28-0114559530aa;ca 00 4b 46 7f ff 0c 10 bf : crc=bf YES ca 00 4b 46 7f ff 0c 10 bf t=12625 
20230416190001;28-0114559530aa;9c 00 4b 46 7f ff 0c 10 31 : crc=31 YES 9c 00 4b 46 7f ff 0c 10 31 t=9750 
20230416200001;28-0114559530aa;79 00 4b 46 7f ff 0c 10 14 : crc=14 YES 79 00 4b 46 7f ff 0c 10 14 t=7562 
20230416210001;28-0114559530aa;6c 00 4b 46 7f ff 0c 10 16 : crc=16 YES 6c 00 4b 46 7f ff 0c 10 16 t=6750 
20230416220001;28-0114559530aa;67 00 4b 46 7f ff 0c 10 f9 : crc=f9 YES 67 00 4b 46 7f ff 0c 10 f9 t=6437 
20230416230001;28-0114559530aa;55 00 4b 46 7f ff 0c 10 83 : crc=83 YES 55 00 4b 46 7f ff 0c 10 83 t=5312 
20230417000001;28-0114559530aa;67 00 4b 46 7f ff 0c 10 f9 : crc=f9 YES 67 00 4b 46 7f ff 0c 10 f9 t=6437 
20230417010001;28-0114559530aa;65 00 4b 46 7f ff 0c 10 7f : crc=7f YES 65 00 4b 46 7f ff 0c 10 7f t=6312 
20230417020001;28-0114559530aa;67 00 4b 46 7f ff 0c 10 f9 : crc=f9 YES 67 00 4b 46 7f ff 0c 10 f9 t=6437 
20230417030001;28-0114559530aa;65 00 4b 46 7f ff 0c 10 7f : crc=7f YES 65 00 4b 46 7f ff 0c 10 7f t=6312 
20230417040001;28-0114559530aa;64 00 4b 46 7f ff 0c 10 3c : crc=3c YES 64 00 4b 46 7f ff 0c 10 3c t=6250 
20230417050001;28-0114559530aa;61 00 4b 46 7f ff 0c 10 6a : crc=6a YES 61 00 4b 46 7f ff 0c 10 6a t=6062 
20230417060001;28-0114559530aa;63 00 4b 46 7f ff 0c 10 ec : crc=ec YES 63 00 4b 46 7f ff 0c 10 ec t=6187 
20230417070001;28-0114559530aa;70 00 4b 46 7f ff 0c 10 7d : crc=7d YES 70 00 4b 46 7f ff 0c 10 7d t=7000 
20230417080001;28-0114559530aa;86 00 4b 46 7f ff 0c 10 c9 : crc=c9 YES 86 00 4b 46 7f ff 0c 10 c9 t=8375 
20230417090001;28-0114559530aa;b3 00 4b 46 7f ff 0c 10 63 : crc=63 YES b3 00 4b 46 7f ff 0c 10 63 t=11187 
20230417100001;28-0114559530aa;ed 00 4b 46 7f ff 0c 10 c7 : crc=c7 YES ed 00 4b 46 7f ff 0c 10 c7 t=14812 
20230417110001;28-0114559530aa;f6 00 4b 46 7f ff 0c 10 7c : crc=7c YES f6 00 4b 46 7f ff 0c 10 7c t=15375 
20230417120001;28-0114559530aa;1d 01 4b 46 7f ff 0c 10 dd : crc=dd YES 1d 01 4b 46 7f ff 0c 10 dd t=17812 
20230417130001;28-0114559530aa;32 01 4b 46 7f ff 0c 10 8f : crc=8f YES 32 01 4b 46 7f ff 0c 10 8f t=19125 
20230417140001;28-0114559530aa;40 01 4b 46 7f ff 0c 10 bc : crc=bc YES 40 01 4b 46 7f ff 0c 10 bc t=20000 
20230417150002;28-0114559530aa;39 01 4b 46 7f ff 0c 10 60 : crc=60 YES 39 01 4b 46 7f ff 0c 10 60 t=19562 
20230417160001;28-0114559530aa;0b 01 4b 46 7f ff 0c 10 1a : crc=1a YES 0b 01 4b 46 7f ff 0c 10 1a t=16687 
20230417170001;28-0114559530aa;e9 00 4b 46 7f ff 0c 10 d2 : crc=d2 YES e9 00 4b 46 7f ff 0c 10 d2 t=14562 
20230417180001;28-0114559530aa;b4 00 4b 46 7f ff 0c 10 b3 : crc=b3 YES b4 00 4b 46 7f ff 0c 10 b3 t=11250 
20230417190001;28-0114559530aa;90 00 4b 46 7f ff 0c 10 0e : crc=0e YES 90 00 4b 46 7f ff 0c 10 0e t=9000 
20230417200001;28-0114559530aa;76 00 4b 46 7f ff 0c 10 ee : crc=ee YES 76 00 4b 46 7f ff 0c 10 ee t=7375 
20230417210001;28-0114559530aa;71 00 4b 46 7f ff 0c 10 3e : crc=3e YES 71 00 4b 46 7f ff 0c 10 3e t=7062 
20230417220001;28-0114559530aa;70 00 4b 46 7f ff 0c 10 7d : crc=7d YES 70 00 4b 46 7f ff 0c 10 7d t=7000 
20230417230001;28-0114559530aa;74 00 4b 46 7f ff 0c 10 68 : crc=68 YES 74 00 4b 46 7f ff 0c 10 68 t=7250 
20230418000001;28-0114559530aa;74 00 4b 46 7f ff 0c 10 68 : crc=68 YES 74 00 4b 46 7f ff 0c 10 68 t=7250 
20230418010001;28-0114559530aa;73 00 4b 46 7f ff 0c 10 b8 : crc=b8 YES 73 00 4b 46 7f ff 0c 10 b8 t=7187 
20230418020001;28-0114559530aa;6c 00 4b 46 7f ff 0c 10 16 : crc=16 YES 6c 00 4b 46 7f ff 0c 10 16 t=6750 
20230418030001;28-0114559530aa;6d 00 4b 46 7f ff 0c 10 55 : crc=55 YES 6d 00 4b 46 7f ff 0c 10 55 t=6812 
20230418040001;28-0114559530aa;6d 00 4b 46 7f ff 0c 10 55 : crc=55 YES 6d 00 4b 46 7f ff 0c 10 55 t=6812 
20230418050001;28-0114559530aa;6e 00 4b 46 7f ff 0c 10 90 : crc=90 YES 6e 00 4b 46 7f ff 0c 10 90 t=6875 
20230418060001;28-0114559530aa;68 00 4b 46 7f ff 0c 10 03 : crc=03 YES 68 00 4b 46 7f ff 0c 10 03 t=6500 
20230418070001;28-0114559530aa;91 00 4b 46 7f ff 0c 10 4d : crc=4d YES 91 00 4b 46 7f ff 0c 10 4d t=9062 
20230418080001;28-0114559530aa;d2 00 4b 46 7f ff 0c 10 c1 : crc=c1 YES d2 00 4b 46 7f ff 0c 10 c1 t=13125 
20230418090001;28-0114559530aa;e8 00 4b 46 7f ff 0c 10 91 : crc=91 YES e8 00 4b 46 7f ff 0c 10 91 t=14500 
20230418100001;28-0114559530aa;ff 00 4b 46 7f ff 0c 10 15 : crc=15 YES ff 00 4b 46 7f ff 0c 10 15 t=15937 
20230418110001;28-0114559530aa;02 01 4b 46 7f ff 0c 10 73 : crc=73 YES 02 01 4b 46 7f ff 0c 10 73 t=16125 
20230418120001;28-0114559530aa;48 01 4b 46 7f ff 0c 10 96 : crc=96 YES 48 01 4b 46 7f ff 0c 10 96 t=20500 
20230418130001;28-0114559530aa;50 01 4b 46 7f ff 0c 10 e8 : crc=e8 YES 50 01 4b 46 7f ff 0c 10 e8 t=21000 
20230418140001;28-0114559530aa;48 01 4b 46 7f ff 0c 10 96 : crc=96 YES 48 01 4b 46 7f ff 0c 10 96 t=20500 
20230418150001;28-0114559530aa;66 01 4b 46 7f ff 0c 10 87 : crc=87 YES 66 01 4b 46 7f ff 0c 10 87 t=22375 
20230418160001;28-0114559530aa;36 01 4b 46 7f ff 0c 10 9a : crc=9a YES 36 01 4b 46 7f ff 0c 10 9a t=19375 
20230418170001;28-0114559530aa;e8 00 4b 46 7f ff 0c 10 91 : crc=91 YES e8 00 4b 46 7f ff 0c 10 91 t=14500 
20230418180001;28-0114559530aa;b4 00 4b 46 7f ff 0c 10 b3 : crc=b3 YES b4 00 4b 46 7f ff 0c 10 b3 t=11250 
20230418190001;28-0114559530aa;8a 00 4b 46 7f ff 0c 10 f6 : crc=f6 YES 8a 00 4b 46 7f ff 0c 10 f6 t=8625 
20230418200001;28-0114559530aa;71 00 4b 46 7f ff 0c 10 3e : crc=3e YES 71 00 4b 46 7f ff 0c 10 3e t=7062 
20230418210001;28-0114559530aa;54 00 4b 46 7f ff 0c 10 c0 : crc=c0 YES 54 00 4b 46 7f ff 0c 10 c0 t=5250 
20230418220002;28-0114559530aa;47 00 4b 46 7f ff 0c 10 51 : crc=51 YES 47 00 4b 46 7f ff 0c 10 51 t=4437 
20230418230001;28-0114559530aa;42 00 4b 46 7f ff 0c 10 07 : crc=07 YES 42 00 4b 46 7f ff 0c 10 07 t=4125 
20230419000001;28-0114559530aa;42 00 4b 46 7f ff 0c 10 07 : crc=07 YES 42 00 4b 46 7f ff 0c 10 07 t=4125 
20230419010001;28-0114559530aa;45 00 4b 46 7f ff 0c 10 d7 : crc=d7 YES 45 00 4b 46 7f ff 0c 10 d7 t=4312 
20230419020000;28-0114559530aa;55 00 4b 46 7f ff 0c 10 83 : crc=83 YES 55 00 4b 46 7f ff 0c 10 83 t=5312 
20230419030002;28-0114559530aa;4f 00 4b 46 7f ff 0c 10 7b : crc=7b YES 4f 00 4b 46 7f ff 0c 10 7b t=4937 
20230419040001;28-0114559530aa;39 00 4b 46 7f ff 0c 10 5d : crc=5d YES 39 00 4b 46 7f ff 0c 10 5d t=3562 
20230419050001;28-0114559530aa;33 00 4b 46 7f ff 0c 10 f1 : crc=f1 YES 33 00 4b 46 7f ff 0c 10 f1 t=3187 
20230419060001;28-0114559530aa;3a 00 4b 46 7f ff 0c 10 98 : crc=98 YES 3a 00 4b 46 7f ff 0c 10 98 t=3625 
20230419070001;28-0114559530aa;58 00 4b 46 7f ff 0c 10 ff : crc=ff YES 58 00 4b 46 7f ff 0c 10 ff t=5500 
20230419080001;28-0114559530aa;c2 00 4b 46 7f ff 0c 10 95 : crc=95 YES c2 00 4b 46 7f ff 0c 10 95 t=12125 
20230419090001;28-0114559530aa;b4 00 4b 46 7f ff 0c 10 b3 : crc=b3 YES b4 00 4b 46 7f ff 0c 10 b3 t=11250 
20230419100001;28-0114559530aa;d8 00 4b 46 7f ff 0c 10 6d : crc=6d YES d8 00 4b 46 7f ff 0c 10 6d t=13500 
20230419110001;28-0114559530aa;95 00 4b 46 7f ff 0c 10 58 : crc=58 YES 95 00 4b 46 7f ff 0c 10 58 t=9312 
20230419120001;28-0114559530aa;70 00 4b 46 7f ff 0c 10 7d : crc=7d YES 70 00 4b 46 7f ff 0c 10 7d t=7000 
20230419130001;28-0114559530aa;73 00 4b 46 7f ff 0c 10 b8 : crc=b8 YES 73 00 4b 46 7f ff 0c 10 b8 t=7187 
20230419140002;28-0114559530aa;b4 00 4b 46 7f ff 0c 10 b3 : crc=b3 YES b4 00 4b 46 7f ff 0c 10 b3 t=11250 
20230419150001;28-0114559530aa;07 01 4b 46 7f ff 0c 10 25 : crc=25 YES 07 01 4b 46 7f ff 0c 10 25 t=16437 
20230419160001;28-0114559530aa;07 01 4b 46 7f ff 0c 10 25 : crc=25 YES 07 01 4b 46 7f ff 0c 10 25 t=16437 
20230419170001;28-0114559530aa;3d 01 4b 46 7f ff 0c 10 75 : crc=75 YES 3d 01 4b 46 7f ff 0c 10 75 t=19812 
20230419180001;28-0114559530aa;fe 00 4b 46 7f ff 0c 10 56 : crc=56 YES fe 00 4b 46 7f ff 0c 10 56 t=15875 
20230419190001;28-0114559530aa;a7 00 4b 46 7f ff 0c 10 22 : crc=22 YES a7 00 4b 46 7f ff 0c 10 22 t=10437 
20230419200001;28-0114559530aa;6d 00 4b 46 7f ff 0c 10 55 : crc=55 YES 6d 00 4b 46 7f ff 0c 10 55 t=6812 
20230419210001;28-0114559530aa;72 00 4b 46 7f ff 0c 10 fb : crc=fb YES 72 00 4b 46 7f ff 0c 10 fb t=7125 
20230419220001;28-0114559530aa;72 00 4b 46 7f ff 0c 10 fb : crc=fb YES 72 00 4b 46 7f ff 0c 10 fb t=7125 
20230419230001;28-0114559530aa;71 00 4b 46 7f ff 0c 10 3e : crc=3e YES 71 00 4b 46 7f ff 0c 10 3e t=7062 
20230420000002;28-0114559530aa;70 00 4b 46 7f ff 0c 10 7d : crc=7d YES 70 00 4b 46 7f ff 0c 10 7d t=7000 
20230420010001;28-0114559530aa;6f 00 4b 46 7f ff 0c 10 d3 : crc=d3 YES 6f 00 4b 46 7f ff 0c 10 d3 t=6937 
20230420020001;28-0114559530aa;6a 00 4b 46 7f ff 0c 10 85 : crc=85 YES 6a 00 4b 46 7f ff 0c 10 85 t=6625 
20230420030001;28-0114559530aa;61 00 4b 46 7f ff 0c 10 6a : crc=6a YES 61 00 4b 46 7f ff 0c 10 6a t=6062 
20230420040001;28-0114559530aa;4b 00 4b 46 7f ff 0c 10 6e : crc=6e YES 4b 00 4b 46 7f ff 0c 10 6e t=4687 
20230420050001;28-0114559530aa;42 00 4b 46 7f ff 0c 10 07 : crc=07 YES 42 00 4b 46 7f ff 0c 10 07 t=4125 
20230420060001;28-0114559530aa;49 00 4b 46 7f ff 0c 10 e8 : crc=e8 YES 49 00 4b 46 7f ff 0c 10 e8 t=4562 
20230420070001;28-0114559530aa;8e 00 4b 46 7f ff 0c 10 e3 : crc=e3 YES 8e 00 4b 46 7f ff 0c 10 e3 t=8875 
20230420080002;28-0114559530aa;04 01 4b 46 7f ff 0c 10 e0 : crc=e0 YES 04 01 4b 46 7f ff 0c 10 e0 t=16250 
20230420090001;28-0114559530aa;65 01 4b 46 7f ff 0c 10 42 : crc=42 YES 65 01 4b 46 7f ff 0c 10 42 t=22312 
20230420100001;28-0114559530aa;45 01 4b 46 7f ff 0c 10 ea : crc=ea YES 45 01 4b 46 7f ff 0c 10 ea t=20312 
20230420110001;28-0114559530aa;3c 01 4b 46 7f ff 0c 10 36 : crc=36 YES 3c 01 4b 46 7f ff 0c 10 36 t=19750 
20230420120001;28-0114559530aa;74 01 4b 46 7f ff 0c 10 55 : crc=55 YES 74 01 4b 46 7f ff 0c 10 55 t=23250 
20230420130001;28-0114559530aa;bd 01 4b 46 7f ff 0c 10 e7 : crc=e7 YES bd 01 4b 46 7f ff 0c 10 e7 t=27812 
20230420140001;28-0114559530aa;b2 01 4b 46 7f ff 0c 10 1d : crc=1d YES b2 01 4b 46 7f ff 0c 10 1d t=27125 
20230420150001;28-0114559530aa;a1 01 4b 46 7f ff 0c 10 8c : crc=8c YES a1 01 4b 46 7f ff 0c 10 8c t=26062 
20230420160002;28-0114559530aa;8e 01 4b 46 7f ff 0c 10 de : crc=de YES 8e 01 4b 46 7f ff 0c 10 de t=24875 
20230420170002;28-0114559530aa;6e 01 4b 46 7f ff 0c 10 ad : crc=ad YES 6e 01 4b 46 7f ff 0c 10 ad t=22875 
20230420180002;28-0114559530aa;35 01 4b 46 7f ff 0c 10 5f : crc=5f YES 35 01 4b 46 7f ff 0c 10 5f t=19312 
20230420190001;28-0114559530aa;db 00 4b 46 7f ff 0c 10 a8 : crc=a8 YES db 00 4b 46 7f ff 0c 10 a8 t=13687 
20230420200001;28-0114559530aa;89 00 4b 46 7f ff 0c 10 33 : crc=33 YES 89 00 4b 46 7f ff 0c 10 33 t=8562 
20230420210001;28-0114559530aa;73 00 4b 46 7f ff 0c 10 b8 : crc=b8 YES 73 00 4b 46 7f ff 0c 10 b8 t=7187 
20230420220001;28-0114559530aa;67 00 4b 46 7f ff 0c 10 f9 : crc=f9 YES 67 00 4b 46 7f ff 0c 10 f9 t=6437 
20230420230001;28-0114559530aa;5b 00 4b 46 7f ff 0c 10 3a : crc=3a YES 5b 00 4b 46 7f ff 0c 10 3a t=5687 
20230421000001;28-0114559530aa;58 00 4b 46 7f ff 0c 10 ff : crc=ff YES 58 00 4b 46 7f ff 0c 10 ff t=5500 
20230421010001;28-0114559530aa;4d 00 4b 46 7f ff 0c 10 fd : crc=fd YES 4d 00 4b 46 7f ff 0c 10 fd t=4812 
20230421020001;28-0114559530aa;4e 00 4b 46 7f ff 0c 10 38 : crc=38 YES 4e 00 4b 46 7f ff 0c 10 38 t=4875 
20230421030001;28-0114559530aa;44 00 4b 46 7f ff 0c 10 94 : crc=94 YES 44 00 4b 46 7f ff 0c 10 94 t=4250 
20230421040001;28-0114559530aa;3b 00 4b 46 7f ff 0c 10 db : crc=db YES 3b 00 4b 46 7f ff 0c 10 db t=3687 
20230421050001;28-0114559530aa;38 00 4b 46 7f ff 0c 10 1e : crc=1e YES 38 00 4b 46 7f ff 0c 10 1e t=3500 
20230421060001;28-0114559530aa;3c 00 4b 46 7f ff 0c 10 0b : crc=0b YES 3c 00 4b 46 7f ff 0c 10 0b t=3750 
20230421070002;28-0114559530aa;8e 00 4b 46 7f ff 0c 10 e3 : crc=e3 YES 8e 00 4b 46 7f ff 0c 10 e3 t=8875 
20230421080001;28-0114559530aa;09 01 4b 46 7f ff 0c 10 9c : crc=9c YES 09 01 4b 46 7f ff 0c 10 9c t=16562 
20230421090001;28-0114559530aa;7b 01 4b 46 7f ff 0c 10 af : crc=af YES 7b 01 4b 46 7f ff 0c 10 af t=23687 
20230421100001;28-0114559530aa;b1 01 4b 46 7f ff 0c 10 d8 : crc=d8 YES b1 01 4b 46 7f ff 0c 10 d8 t=27062 
20230421110001;28-0114559530aa;d2 01 4b 46 7f ff 0c 10 fc : crc=fc YES d2 01 4b 46 7f ff 0c 10 fc t=29125 
20230421120001;28-0114559530aa;f0 01 4b 46 7f ff 0c 10 d2 : crc=d2 YES f0 01 4b 46 7f ff 0c 10 d2 t=31000 
20230421130001;28-0114559530aa;c3 01 4b 46 7f ff 0c 10 eb : crc=eb YES c3 01 4b 46 7f ff 0c 10 eb t=28187 
20230421140001;28-0114559530aa;e3 01 4b 46 7f ff 0c 10 43 : crc=43 YES e3 01 4b 46 7f ff 0c 10 43 t=30187 
20230421150001;28-0114559530aa;b8 01 4b 46 7f ff 0c 10 b1 : crc=b1 YES b8 01 4b 46 7f ff 0c 10 b1 t=27500 
20230421160001;28-0114559530aa;93 01 4b 46 7f ff 0c 10 f6 : crc=f6 YES 93 01 4b 46 7f ff 0c 10 f6 t=25187 
20230421170002;28-0114559530aa;71 01 4b 46 7f ff 0c 10 03 : crc=03 YES 71 01 4b 46 7f ff 0c 10 03 t=23062 
20230421180002;28-0114559530aa;3d 01 4b 46 7f ff 0c 10 75 : crc=75 YES 3d 01 4b 46 7f ff 0c 10 75 t=19812 
20230421190002;28-0114559530aa;f2 00 4b 46 7f ff 0c 10 69 : crc=69 YES f2 00 4b 46 7f ff 0c 10 69 t=15125 
20230421200001;28-0114559530aa;8a 00 4b 46 7f ff 0c 10 f6 : crc=f6 YES 8a 00 4b 46 7f ff 0c 10 f6 t=8625 
20230421210001;28-0114559530aa;68 00 4b 46 7f ff 0c 10 03 : crc=03 YES 68 00 4b 46 7f ff 0c 10 03 t=6500 
20230421220002;28-0114559530aa;53 00 4b 46 7f ff 0c 10 10 : crc=10 YES 53 00 4b 46 7f ff 0c 10 10 t=5187 
20230421230001;28-0114559530aa;41 00 4b 46 7f ff 0c 10 c2 : crc=c2 YES 41 00 4b 46 7f ff 0c 10 c2 t=4062 
20230422000001;28-0114559530aa;34 00 4b 46 7f ff 0c 10 21 : crc=21 YES 34 00 4b 46 7f ff 0c 10 21 t=3250 
20230422010001;28-0114559530aa;28 00 4b 46 7f ff 0c 10 4a : crc=4a YES 28 00 4b 46 7f ff 0c 10 4a t=2500 
20230422020001;28-0114559530aa;1d 00 4b 46 7f ff 0c 10 e0 : crc=e0 YES 1d 00 4b 46 7f ff 0c 10 e0 t=1812 
20230422030001;28-0114559530aa;15 00 4b 46 7f ff 0c 10 ca : crc=ca YES 15 00 4b 46 7f ff 0c 10 ca t=1312 
20230422040001;28-0114559530aa;0c 00 4b 46 7f ff 0c 10 f7 : crc=f7 YES 0c 00 4b 46 7f ff 0c 10 f7 t=750 
20230422050001;28-0114559530aa;09 00 4b 46 7f ff 0c 10 a1 : crc=a1 YES 09 00 4b 46 7f ff 0c 10 a1 t=562 
20230422060001;28-0114559530aa;0e 00 4b 46 7f ff 0c 10 71 : crc=71 YES 0e 00 4b 46 7f ff 0c 10 71 t=875 
20230422070001;28-0114559530aa;7b 00 4b 46 7f ff 0c 10 92 : crc=92 YES 7b 00 4b 46 7f ff 0c 10 92 t=7687 
20230422080001;28-0114559530aa;2f 01 4b 46 7f ff 0c 10 a7 : crc=a7 YES 2f 01 4b 46 7f ff 0c 10 a7 t=18937 
20230422090002;28-0114559530aa;85 01 4b 46 7f ff 0c 10 31 : crc=31 YES 85 01 4b 46 7f ff 0c 10 31 t=24312 
20230422100001;28-0114559530aa;c7 01 4b 46 7f ff 0c 10 fe : crc=fe YES c7 01 4b 46 7f ff 0c 10 fe t=28437 
20230422110001;28-0114559530aa;f0 01 4b 46 7f ff 0c 10 d2 : crc=d2 YES f0 01 4b 46 7f ff 0c 10 d2 t=31000 
20230422120001;28-0114559530aa;09 02 4b 46 7f ff 0c 10 db : crc=db YES 09 02 4b 46 7f ff 0c 10 db t=32562 
20230422130002;28-0114559530aa;0a 02 4b 46 7f ff 0c 10 1e : crc=1e YES 0a 02 4b 46 7f ff 0c 10 1e t=32625 
20230422140002;28-0114559530aa;f8 01 4b 46 7f ff 0c 10 f8 : crc=f8 YES f8 01 4b 46 7f ff 0c 10 f8 t=31500 
20230422150001;28-0114559530aa;eb 01 4b 46 7f ff 0c 10 69 : crc=69 YES eb 01 4b 46 7f ff 0c 10 69 t=30687 
20230422160001;28-0114559530aa;da 01 4b 46 7f ff 0c 10 d6 : crc=d6 YES da 01 4b 46 7f ff 0c 10 d6 t=29625 
20230422170001;28-0114559530aa;af 01 4b 46 7f ff 0c 10 35 : crc=35 YES af 01 4b 46 7f ff 0c 10 35 t=26937 
20230422180001;28-0114559530aa;71 01 4b 46 7f ff 0c 10 03 : crc=03 YES 71 01 4b 46 7f ff 0c 10 03 t=23062 
20230422190001;28-0114559530aa;12 01 4b 46 7f ff 0c 10 27 : crc=27 YES 12 01 4b 46 7f ff 0c 10 27 t=17125 
20230422200001;28-0114559530aa;a0 00 4b 46 7f ff 0c 10 f2 : crc=f2 YES a0 00 4b 46 7f ff 0c 10 f2 t=10000 
20230422210001;28-0114559530aa;80 00 4b 46 7f ff 0c 10 5a : crc=5a YES 80 00 4b 46 7f ff 0c 10 5a t=8000 
20230422220001;28-0114559530aa;67 00 4b 46 7f ff 0c 10 f9 : crc=f9 YES 67 00 4b 46 7f ff 0c 10 f9 t=6437 
20230422230002;28-0114559530aa;55 00 4b 46 7f ff 0c 10 83 : crc=83 YES 55 00 4b 46 7f ff 0c 10 83 t=5312 
20230423000001;28-0114559530aa;48 00 4b 46 7f ff 0c 10 ab : crc=ab YES 48 00 4b 46 7f ff 0c 10 ab t=4500 
20230423010001;28-0114559530aa;3f 00 4b 46 7f ff 0c 10 ce : crc=ce YES 3f 00 4b 46 7f ff 0c 10 ce t=3937 
20230423020001;28-0114559530aa;36 00 4b 46 7f ff 0c 10 a7 : crc=a7 YES 36 00 4b 46 7f ff 0c 10 a7 t=3375 
20230423030001;28-0114559530aa;32 00 4b 46 7f ff 0c 10 b2 : crc=b2 YES 32 00 4b 46 7f ff 0c 10 b2 t=3125 
20230423040001;28-0114559530aa;27 00 4b 46 7f ff 0c 10 b0 : crc=b0 YES 27 00 4b 46 7f ff 0c 10 b0 t=2437 
20230423050001;28-0114559530aa;1e 00 4b 46 7f ff 0c 10 25 : crc=25 YES 1e 00 4b 46 7f ff 0c 10 25 t=1875 
20230423060001;28-0114559530aa;23 00 4b 46 7f ff 0c 10 a5 : crc=a5 YES 23 00 4b 46 7f ff 0c 10 a5 t=2187 
20230423070001;28-0114559530aa;82 00 4b 46 7f ff 0c 10 dc : crc=dc YES 82 00 4b 46 7f ff 0c 10 dc t=8125 
20230423080001;28-0114559530aa;2a 01 4b 46 7f ff 0c 10 f1 : crc=f1 YES 2a 01 4b 46 7f ff 0c 10 f1 t=18625 
20230423090001;28-0114559530aa;4c 01 4b 46 7f ff 0c 10 83 : crc=83 YES 4c 01 4b 46 7f ff 0c 10 83 t=20750 
20230423100001;28-0114559530aa;ae 01 4b 46 7f ff 0c 10 76 : crc=76 YES ae 01 4b 46 7f ff 0c 10 76 t=26875 
20230423110001;28-0114559530aa;ed 01 4b 46 7f ff 0c 10 fa : crc=fa YES ed 01 4b 46 7f ff 0c 10 fa t=30812 
20230423120001;28-0114559530aa;07 02 4b 46 7f ff 0c 10 62 : crc=62 YES 07 02 4b 46 7f ff 0c 10 62 t=32437 
20230423130001;28-0114559530aa;ff 01 4b 46 7f ff 0c 10 28 : crc=28 YES ff 01 4b 46 7f ff 0c 10 28 t=31937 
20230423140001;28-0114559530aa;f5 01 4b 46 7f ff 0c 10 84 : crc=84 YES f5 01 4b 46 7f ff 0c 10 84 t=31312 
20230423150001;28-0114559530aa;ec 01 4b 46 7f ff 0c 10 b9 : crc=b9 YES ec 01 4b 46 7f ff 0c 10 b9 t=30750 
20230423160001;28-0114559530aa;e4 01 4b 46 7f ff 0c 10 93 : crc=93 YES e4 01 4b 46 7f ff 0c 10 93 t=30250 
20230423170001;28-0114559530aa;c3 01 4b 46 7f ff 0c 10 eb : crc=eb YES c3 01 4b 46 7f ff 0c 10 eb t=28187 
20230423180001;28-0114559530aa;54 01 4b 46 7f ff 0c 10 fd : crc=fd YES 54 01 4b 46 7f ff 0c 10 fd t=21250 
20230423190001;28-0114559530aa;1e 01 4b 46 7f ff 0c 10 18 : crc=18 YES 1e 01 4b 46 7f ff 0c 10 18 t=17875 
20230423200001;28-0114559530aa;e6 00 4b 46 7f ff 0c 10 28 : crc=28 YES e6 00 4b 46 7f ff 0c 10 28 t=14375 
20230423210001;28-0114559530aa;e2 00 4b 46 7f ff 0c 10 3d : crc=3d YES e2 00 4b 46 7f ff 0c 10 3d t=14125 
20230423220001;28-0114559530aa;ca 00 4b 46 7f ff 0c 10 bf : crc=bf YES ca 00 4b 46 7f ff 0c 10 bf t=12625 
20230423230001;28-0114559530aa;c1 00 4b 46 7f ff 0c 10 50 : crc=50 YES c1 00 4b 46 7f ff 0c 10 50 t=12062 
20230424000001;28-0114559530aa;bb 00 4b 46 7f ff 0c 10 49 : crc=49 YES bb 00 4b 46 7f ff 0c 10 49 t=11687 
20230424010001;28-0114559530aa;aa 00 4b 46 7f ff 0c 10 5e : crc=5e YES aa 00 4b 46 7f ff 0c 10 5e t=10625 
20230424020001;28-0114559530aa;a5 00 4b 46 7f ff 0c 10 a4 : crc=a4 YES a5 00 4b 46 7f ff 0c 10 a4 t=10312 
20230424030001;28-0114559530aa;a8 00 4b 46 7f ff 0c 10 d8 : crc=d8 YES a8 00 4b 46 7f ff 0c 10 d8 t=10500 
20230424040001;28-0114559530aa;a0 00 4b 46 7f ff 0c 10 f2 : crc=f2 YES a0 00 4b 46 7f ff 0c 10 f2 t=10000 
20230424050001;28-0114559530aa;95 00 4b 46 7f ff 0c 10 58 : crc=58 YES 95 00 4b 46 7f ff 0c 10 58 t=9312 
20230424060001;28-0114559530aa;93 00 4b 46 7f ff 0c 10 cb : crc=cb YES 93 00 4b 46 7f ff 0c 10 cb t=9187 
20230424070001;28-0114559530aa;ac 00 4b 46 7f ff 0c 10 cd : crc=cd YES ac 00 4b 46 7f ff 0c 10 cd t=10750 
20230424080001;28-0114559530aa;b7 00 4b 46 7f ff 0c 10 76 : crc=76 YES b7 00 4b 46 7f ff 0c 10 76 t=11437 
20230424090002;28-0114559530aa;bc 00 4b 46 7f ff 0c 10 99 : crc=99 YES bc 00 4b 46 7f ff 0c 10 99 t=11750 
20230424100002;28-0114559530aa;f5 00 4b 46 7f ff 0c 10 b9 : crc=b9 YES f5 00 4b 46 7f ff 0c 10 b9 t=15312 
20230424110001;28-0114559530aa;56 01 4b 46 7f ff 0c 10 7b : crc=7b YES 56 01 4b 46 7f ff 0c 10 7b t=21375 
