20230130190212;28-4680e30264ff;43 01 55 00 7f ff 0c 10 44 : crc=44 YES 43 01 55 00 7f ff 0c 10 44 t=20187 
20230415104605;28-4680e30264ff;40 01 55 00 7f ff 0c 10 81 : crc=81 YES 40 01 55 00 7f ff 0c 10 81 t=20000 
20230415104924;28-4680e30264ff;3d 01 55 00 7f ff 0c 10 48 : crc=48 YES 3d 01 55 00 7f ff 0c 10 48 t=19812 
20230415105205;28-4680e30264ff;3b 01 55 00 7f ff 0c 10 db : crc=db YES 3b 01 55 00 7f ff 0c 10 db t=19687 
20230415110001;28-4680e30264ff;33 01 55 00 7f ff 0c 10 f1 : crc=f1 YES 33 01 55 00 7f ff 0c 10 f1 t=19187 
20230415110710;28-4680e30264ff;25 01 55 00 7f ff 0c 10 36 : crc=36 YES 25 01 55 00 7f ff 0c 10 36 t=18312 
20230415120001;28-4680e30264ff;16 01 55 00 7f ff 0c 10 0f : crc=0f YES 16 01 55 00 7f ff 0c 10 0f t=17375 
20230415130001;28-4680e30264ff;2a 01 55 00 7f ff 0c 10 cc : crc=cc YES 2a 01 55 00 7f ff 0c 10 cc t=18625 
20230415140002;28-4680e30264ff;00 02 55 00 7f ff 0c 10 8f : crc=8f YES 00 02 55 00 7f ff 0c 10 8f t=32000 
20230415150001;28-4680e30264ff;2c 01 55 00 7f ff 0c 10 5f : crc=5f YES 2c 01 55 00 7f ff 0c 10 5f t=18750 
20230415160001;28-4680e30264ff;f7 00 55 00 7f ff 0c 10 02 : crc=02 YES f7 00 55 00 7f ff 0c 10 02 t=15437 
20230415170001;28-4680e30264ff;db 00 55 00 7f ff 0c 10 95 : crc=95 YES db 00 55 00 7f ff 0c 10 95 t=13687 
20230415180001;28-4680e30264ff;c5 00 55 00 7f ff 0c 10 78 : crc=78 YES c5 00 55 00 7f ff 0c 10 78 t=12312 
20230415190001;28-4680e30264ff;b5 00 55 00 7f ff 0c 10 cd : crc=cd YES b5 00 55 00 7f ff 0c 10 cd t=11312 
20230415200001;28-4680e30264ff;ae 00 55 00 7f ff 0c 10 76 : crc=76 YES ae 00 55 00 7f ff 0c 10 76 t=10875 
20230415210001;28-4680e30264ff;a3 00 55 00 7f ff 0c 10 0a : crc=0a YES a3 00 55 00 7f ff 0c 10 0a t=10187 
20230415220001;28-4680e30264ff;9a 00 55 00 7f ff 0c 10 9f : crc=9f YES 9a 00 55 00 7f ff 0c 10 9f t=9625 
20230415230001;28-4680e30264ff;94 00 55 00 7f ff 0c 10 26 : crc=26 YES 94 00 55 00 7f ff 0c 10 26 t=9250 
20230416000001;28-4680e30264ff;90 00 55 00 7f ff 0c 10 33 : crc=33 YES 90 00 55 00 7f ff 0c 10 33 t=9000 
20230416010001;28-4680e30264ff;8d 00 55 00 7f ff 0c 10 1b : crc=1b YES 8d 00 55 00 7f ff 0c 10 1b t=8812 
20230416020001;28-4680e30264ff;88 00 55 00 7f ff 0c 10 4d : crc=4d YES 88 00 55 00 7f ff 0c 10 4d t=8500 
20230416030001;28-4680e30264ff;86 00 55 00 7f ff 0c 10 f4 : crc=f4 YES 86 00 55 00 7f ff 0c 10 f4 t=8375 
20230416040001;28-4680e30264ff;82 00 55 00 7f ff 0c 10 e1 : crc=e1 YES 82 00 55 00 7f ff 0c 10 e1 t=8125 
20230416050001;28-4680e30264ff;7e 00 55 00 7f ff 0c 10 f9 : crc=f9 YES 7e 00 55 00 7f ff 0c 10 f9 t=7875 
20230416060001;28-4680e30264ff;7c 00 55 00 7f ff 0c 10 7f : crc=7f YES 7c 00 55 00 7f ff 0c 10 7f t=7750 
20230416070001;28-4680e30264ff;88 00 55 00 7f ff 0c 10 4d : crc=4d YES 88 00 55 00 7f ff 0c 10 4d t=8500 
20230416080002;28-4680e30264ff;a8 00 55 00 7f ff 0c 10 e5 : crc=e5 YES a8 00 55 00 7f ff 0c 10 e5 t=10500 
20230416090001;28-4680e30264ff;e5 00 55 00 7f ff 0c 10 d0 : crc=d0 YES e5 00 55 00 7f ff 0c 10 d0 t=14312 
20230416100001;28-4680e30264ff;3b 01 55 00 7f ff 0c 10 db : crc=db YES 3b 01 55 00 7f ff 0c 10 db t=19687 
20230416110001;28-4680e30264ff;99 01 55 00 7f ff 0c 10 67 : crc=67 YES 99 01 55 00 7f ff 0c 10 67 t=25562 
20230416120001;28-4680e30264ff;82 01 55 00 7f ff 0c 10 dc : crc=dc YES 82 01 55 00 7f ff 0c 10 dc t=24125 
20230416130001;28-4680e30264ff;9e 01 55 00 7f ff 0c 10 b7 : crc=b7 YES 9e 01 55 00 7f ff 0c 10 b7 t=25875 
20230416140001;28-4680e30264ff;9d 01 55 00 7f ff 0c 10 72 : crc=72 YES 9d 01 55 00 7f ff 0c 10 72 t=25812 
20230416150001;28-4680e30264ff;86 01 55 00 7f ff 0c 10 c9 : crc=c9 YES 86 01 55 00 7f ff 0c 10 c9 t=24375 
20230416160001;28-4680e30264ff;58 01 55 00 7f ff 0c 10 ff : crc=ff YES 58 01 55 00 7f ff 0c 10 ff t=21500 
20230416170001;28-4680e30264ff;37 01 55 00 7f ff 0c 10 e4 : crc=e4 YES 37 01 55 00 7f ff 0c 10 e4 t=19437 
20230416180001;28-4680e30264ff;04 01 55 00 7f ff 0c 10 dd : crc=dd YES 04 01 55 00 7f ff 0c 10 dd t=16250 
20230416190001;28-4680e30264ff;c6 00 55 00 7f ff 0c 10 bd : crc=bd YES c6 00 55 00 7f ff 0c 10 bd t=12375 
20230416200001;28-4680e30264ff;97 00 55 00 7f ff 0c 10 e3 : crc=e3 YES 97 00 55 00 7f ff 0c 10 e3 t=9437 
20230416210001;28-4680e30264ff;85 00 55 00 7f ff 0c 10 31 : crc=31 YES 85 00 55 00 7f ff 0c 10 31 t=8312 
20230416220001;28-4680e30264ff;7f 00 55 00 7f ff 0c 10 ba : crc=ba YES 7f 00 55 00 7f ff 0c 10 ba t=7937 
20230416230001;28-4680e30264ff;6d 00 55 00 7f ff 0c 10 68 : crc=68 YES 6d 00 55 00 7f ff 0c 10 68 t=6812 
20230417000001;28-4680e30264ff;7c 00 55 00 7f ff 0c 10 7f : crc=7f YES 7c 00 55 00 7f ff 0c 10 7f t=7750 
20230417010001;28-4680e30264ff;7c 00 55 00 7f ff 0c 10 7f : crc=7f YES 7c 00 55 00 7f ff 0c 10 7f t=7750 
20230417020001;28-4680e30264ff;7a 00 55 00 7f ff 0c 10 ec : crc=ec YES 7a 00 55 00 7f ff 0c 10 ec t=7625 
20230417030001;28-4680e30264ff;76 00 55 00 7f ff 0c 10 d3 : crc=d3 YES 76 00 55 00 7f ff 0c 10 d3 t=7375 
20230417040001;28-4680e30264ff;74 00 55 00 7f ff 0c 10 55 : crc=55 YES 74 00 55 00 7f ff 0c 10 55 t=7250 
20230417050001;28-4680e30264ff;73 00 55 00 7f ff 0c 10 85 : crc=85 YES 73 00 55 00 7f ff 0c 10 85 t=7187 
20230417060001;28-4680e30264ff;74 00 55 00 7f ff 0c 10 55 : crc=55 YES 74 00 55 00 7f ff 0c 10 55 t=7250 
20230417070001;28-4680e30264ff;86 00 55 00 7f ff 0c 10 f4 : crc=f4 YES 86 00 55 00 7f ff 0c 10 f4 t=8375 
20230417080001;28-4680e30264ff;a8 00 55 00 7f ff 0c 10 e5 : crc=e5 YES a8 00 55 00 7f ff 0c 10 e5 t=10500 
20230417090001;28-4680e30264ff;e7 00 55 00 7f ff 0c 10 56 : crc=56 YES e7 00 55 00 7f ff 0c 10 56 t=14437 
20230417100001;28-4680e30264ff;36 01 55 00 7f ff 0c 10 a7 : crc=a7 YES 36 01 55 00 7f ff 0c 10 a7 t=19375 
20230417110001;28-4680e30264ff;3b 01 55 00 7f ff 0c 10 db : crc=db YES 3b 01 55 00 7f ff 0c 10 db t=19687 
20230417120001;28-4680e30264ff;1e 01 55 00 7f ff 0c 10 25 : crc=25 YES 1e 01 55 00 7f ff 0c 10 25 t=17875 
20230417130001;28-4680e30264ff;68 01 55 00 7f ff 0c 10 03 : crc=03 YES 68 01 55 00 7f ff 0c 10 03 t=22500 
20230417140001;28-4680e30264ff;9b 01 55 00 7f ff 0c 10 e1 : crc=e1 YES 9b 01 55 00 7f ff 0c 10 e1 t=25687 
20230417150002;28-4680e30264ff;92 01 55 00 7f ff 0c 10 88 : crc=88 YES 92 01 55 00 7f ff 0c 10 88 t=25125 
20230417160001;28-4680e30264ff;5a 01 55 00 7f ff 0c 10 79 : crc=79 YES 5a 01 55 00 7f ff 0c 10 79 t=21625 
20230417170001;28-4680e30264ff;30 01 55 00 7f ff 0c 10 34 : crc=34 YES 30 01 55 00 7f ff 0c 10 34 t=19000 
20230417180001;28-4680e30264ff;e9 00 55 00 7f ff 0c 10 ef : crc=ef YES e9 00 55 00 7f ff 0c 10 ef t=14562 
20230417190001;28-4680e30264ff;b8 00 55 00 7f ff 0c 10 b1 : crc=b1 YES b8 00 55 00 7f ff 0c 10 b1 t=11500 
20230417200001;28-4680e30264ff;98 00 55 00 7f ff 0c 10 19 : crc=19 YES 98 00 55 00 7f ff 0c 10 19 t=9500 
20230417210001;28-4680e30264ff;8e 00 55 00 7f ff 0c 10 de : crc=de YES 8e 00 55 00 7f ff 0c 10 de t=8875 
20230417220001;28-4680e30264ff;8a 00 55 00 7f ff 0c 10 cb : crc=cb YES 8a 00 55 00 7f ff 0c 10 cb t=8625 
20230417230001;28-4680e30264ff;8a 00 55 00 7f ff 0c 10 cb : crc=cb YES 8a 00 55 00 7f ff 0c 10 cb t=8625 
20230418000001;28-4680e30264ff;8a 00 55 00 7f ff 0c 10 cb : crc=cb YES 8a 00 55 00 7f ff 0c 10 cb t=8625 
20230418010001;28-4680e30264ff;88 00 55 00 7f ff 0c 10 4d : crc=4d YES 88 00 55 00 7f ff 0c 10 4d t=8500 
20230418020001;28-4680e30264ff;81 00 55 00 7f ff 0c 10 24 : crc=24 YES 81 00 55 00 7f ff 0c 10 24 t=8062 
20230418030001;28-4680e30264ff;81 00 55 00 7f ff 0c 10 24 : crc=24 YES 81 00 55 00 7f ff 0c 10 24 t=8062 
20230418040001;28-4680e30264ff;80 00 55 00 7f ff 0c 10 67 : crc=67 YES 80 00 55 00 7f ff 0c 10 67 t=8000 
20230418050001;28-4680e30264ff;80 00 55 00 7f ff 0c 10 67 : crc=67 YES 80 00 55 00 7f ff 0c 10 67 t=8000 
20230418060001;28-4680e30264ff;7b 00 55 00 7f ff 0c 10 af : crc=af YES 7b 00 55 00 7f ff 0c 10 af t=7687 
20230418070001;28-4680e30264ff;c3 00 55 00 7f ff 0c 10 eb : crc=eb YES c3 00 55 00 7f ff 0c 10 eb t=12187 
20230418080001;28-4680e30264ff;04 01 55 00 7f ff 0c 10 dd : crc=dd YES 04 01 55 00 7f ff 0c 10 dd t=16250 
20230418090001;28-4680e30264ff;28 01 55 00 7f ff 0c 10 4a : crc=4a YES 28 01 55 00 7f ff 0c 10 4a t=18500 
20230418100001;28-4680e30264ff;3d 01 55 00 7f ff 0c 10 48 : crc=48 YES 3d 01 55 00 7f ff 0c 10 48 t=19812 
20230418110001;28-4680e30264ff;fe 00 55 00 7f ff 0c 10 6b : crc=6b YES fe 00 55 00 7f ff 0c 10 6b t=15875 
20230418120001;28-4680e30264ff;2b 01 55 00 7f ff 0c 10 8f : crc=8f YES 2b 01 55 00 7f ff 0c 10 8f t=18687 
20230418130001;28-4680e30264ff;b9 01 55 00 7f ff 0c 10 cf : crc=cf YES b9 01 55 00 7f ff 0c 10 cf t=27562 
20230418140001;28-4680e30264ff;b9 01 55 00 7f ff 0c 10 cf : crc=cf YES b9 01 55 00 7f ff 0c 10 cf t=27562 
20230418150001;28-4680e30264ff;fd 01 55 00 7f ff 0c 10 93 : crc=93 YES fd 01 55 00 7f ff 0c 10 93 t=31812 
20230418160001;28-4680e30264ff;bc 01 55 00 7f ff 0c 10 99 : crc=99 YES bc 01 55 00 7f ff 0c 10 99 t=27750 
20230418170001;28-4680e30264ff;52 01 55 00 7f ff 0c 10 53 : crc=53 YES 52 01 55 00 7f ff 0c 10 53 t=21125 
20230418180001;28-4680e30264ff;09 01 55 00 7f ff 0c 10 a1 : crc=a1 YES 09 01 55 00 7f ff 0c 10 a1 t=16562 
20230418190001;28-4680e30264ff;cd 00 55 00 7f ff 0c 10 52 : crc=52 YES cd 00 55 00 7f ff 0c 10 52 t=12812 
20230418200001;28-4680e30264ff;a2 00 55 00 7f ff 0c 10 49 : crc=49 YES a2 00 55 00 7f ff 0c 10 49 t=10125 
20230418210001;28-4680e30264ff;7e 00 55 00 7f ff 0c 10 f9 : crc=f9 YES 7e 00 55 00 7f ff 0c 10 f9 t=7875 
20230418220002;28-4680e30264ff;6c 00 55 00 7f ff 0c 10 2b : crc=2b YES 6c 00 55 00 7f ff 0c 10 2b t=6750 
20230418230001;28-4680e30264ff;60 00 55 00 7f ff 0c 10 14 : crc=14 YES 60 00 55 00 7f ff 0c 10 14 t=6000 
20230419000001;28-4680e30264ff;5d 00 55 00 7f ff 0c 10 94 : crc=94 YES 5d 00 55 00 7f ff 0c 10 94 t=5812 
20230419010001;28-4680e30264ff;5d 00 55 00 7f ff 0c 10 94 : crc=94 YES 5d 00 55 00 7f ff 0c 10 94 t=5812 
20230419020000;28-4680e30264ff;6b 00 55 00 7f ff 0c 10 fb : crc=fb YES 6b 00 55 00 7f ff 0c 10 fb t=6687 
20230419030002;28-4680e30264ff;67 00 55 00 7f ff 0c 10 c4 : crc=c4 YES 67 00 55 00 7f ff 0c 10 c4 t=6437 
20230419040001;28-4680e30264ff;52 00 55 00 7f ff 0c 10 6e : crc=6e YES 52 00 55 00 7f ff 0c 10 6e t=5125 
20230419050001;28-4680e30264ff;4a 00 55 00 7f ff 0c 10 10 : crc=10 YES 4a 00 55 00 7f ff 0c 10 10 t=4625 
20230419060001;28-4680e30264ff;53 00 55 00 7f ff 0c 10 2d : crc=2d YES 53 00 55 00 7f ff 0c 10 2d t=5187 
20230419070001;28-4680e30264ff;73 00 55 00 7f ff 0c 10 85 : crc=85 YES 73 00 55 00 7f ff 0c 10 85 t=7187 
20230419080001;28-4680e30264ff;f4 00 55 00 7f ff 0c 10 c7 : crc=c7 YES f4 00 55 00 7f ff 0c 10 c7 t=15250 
20230419090001;28-4680e30264ff;f0 00 55 00 7f ff 0c 10 d2 : crc=d2 YES f0 00 55 00 7f ff 0c 10 d2 t=15000 
20230419100001;28-4680e30264ff;65 01 55 00 7f ff 0c 10 7f : crc=7f YES 65 01 55 00 7f ff 0c 10 7f t=22312 
20230419110001;28-4680e30264ff;d6 00 55 00 7f ff 0c 10 e9 : crc=e9 YES d6 00 55 00 7f ff 0c 10 e9 t=13375 
20230419120001;28-4680e30264ff;a0 00 55 00 7f ff 0c 10 cf : crc=cf YES a0 00 55 00 7f ff 0c 10 cf t=10000 
20230419130001;28-4680e30264ff;9b 00 55 00 7f ff 0c 10 dc : crc=dc YES 9b 00 55 00 7f ff 0c 10 dc t=9687 
20230419140002;28-4680e30264ff;f2 00 55 00 7f ff 0c 10 54 : crc=54 YES f2 00 55 00 7f ff 0c 10 54 t=15125 
20230419150001;28-4680e30264ff;56 01 55 00 7f ff 0c 10 46 : crc=46 YES 56 01 55 00 7f ff 0c 10 46 t=21375 
20230419160001;28-4680e30264ff;58 01 55 00 7f ff 0c 10 ff : crc=ff YES 58 01 55 00 7f ff 0c 10 ff t=21500 
20230419170001;28-4680e30264ff;a0 01 55 00 7f ff 0c 10 f2 : crc=f2 YES a0 01 55 00 7f ff 0c 10 f2 t=26000 
20230419180001;28-4680e30264ff;67 01 55 00 7f ff 0c 10 f9 : crc=f9 YES 67 01 55 00 7f ff 0c 10 f9 t=22437 
20230419190001;28-4680e30264ff;f1 00 55 00 7f ff 0c 10 91 : crc=91 YES f1 00 55 00 7f ff 0c 10 91 t=15062 
20230419200001;28-4680e30264ff;9d 00 55 00 7f ff 0c 10 4f : crc=4f YES 9d 00 55 00 7f ff 0c 10 4f t=9812 
20230419210001;28-4680e30264ff;96 00 55 00 7f ff 0c 10 a0 : crc=a0 YES 96 00 55 00 7f ff 0c 10 a0 t=9375 
20230419220001;28-4680e30264ff;93 00 55 00 7f ff 0c 10 f6 : crc=f6 YES 93 00 55 00 7f ff 0c 10 f6 t=9187 
20230419230001;28-4680e30264ff;8c 00 55 00 7f ff 0c 10 58 : crc=58 YES 8c 00 55 00 7f ff 0c 10 58 t=8750 
20230420000002;28-4680e30264ff;89 00 55 00 7f ff 0c 10 0e : crc=0e YES 89 00 55 00 7f ff 0c 10 0e t=8562 
20230420010001;28-4680e30264ff;86 00 55 00 7f ff 0c 10 f4 : crc=f4 YES 86 00 55 00 7f ff 0c 10 f4 t=8375 
20230420020001;28-4680e30264ff;82 00 55 00 7f ff 0c 10 e1 : crc=e1 YES 82 00 55 00 7f ff 0c 10 e1 t=8125 
20230420030001;28-4680e30264ff;77 00 55 00 7f ff 0c 10 90 : crc=90 YES 77 00 55 00 7f ff 0c 10 90 t=7437 
20230420040001;28-4680e30264ff;61 00 55 00 7f ff 0c 10 57 : crc=57 YES 61 00 55 00 7f ff 0c 10 57 t=6062 
20230420050001;28-4680e30264ff;55 00 55 00 7f ff 0c 10 be : crc=be YES 55 00 55 00 7f ff 0c 10 be t=5312 
20230420060001;28-4680e30264ff;5d 00 55 00 7f ff 0c 10 94 : crc=94 YES 5d 00 55 00 7f ff 0c 10 94 t=5812 
20230420070001;28-4680e30264ff;c7 00 55 00 7f ff 0c 10 fe : crc=fe YES c7 00 55 00 7f ff 0c 10 fe t=12437 
20230420080002;28-4680e30264ff;45 01 55 00 7f ff 0c 10 d7 : crc=d7 YES 45 01 55 00 7f ff 0c 10 d7 t=20312 
20230420090001;28-4680e30264ff;ae 01 55 00 7f ff 0c 10 4b : crc=4b YES ae 01 55 00 7f ff 0c 10 4b t=26875 
20230420100001;28-4680e30264ff;9e 01 55 00 7f ff 0c 10 b7 : crc=b7 YES 9e 01 55 00 7f ff 0c 10 b7 t=25875 
20230420104233;28-4680e30264ff;b3 01 55 00 7f ff 0c 10 63 : crc=63 YES b3 01 55 00 7f ff 0c 10 63 t=27187 
20230420110001;28-4680e30264ff;9f 01 55 00 7f ff 0c 10 f4 : crc=f4 YES 9f 01 55 00 7f ff 0c 10 f4 t=25937 
20230420120001;28-4680e30264ff;df 01 55 00 7f ff 0c 10 bd : crc=bd YES df 01 55 00 7f ff 0c 10 bd t=29937 
20230420130001;28-4680e30264ff;4c 02 55 00 7f ff 0c 10 f9 : crc=f9 YES 4c 02 55 00 7f ff 0c 10 f9 t=36750 
20230420140001;28-4680e30264ff;45 02 55 00 7f ff 0c 10 90 : crc=90 YES 45 02 55 00 7f ff 0c 10 90 t=36312 
20230420150001;28-4680e30264ff;51 02 55 00 7f ff 0c 10 d1 : crc=d1 YES 51 02 55 00 7f ff 0c 10 d1 t=37062 
20230420160002;28-4680e30264ff;29 02 55 00 7f ff 0c 10 4e : crc=4e YES 29 02 55 00 7f ff 0c 10 4e t=34562 
20230420170002;28-4680e30264ff;fe 01 55 00 7f ff 0c 10 56 : crc=56 YES fe 01 55 00 7f ff 0c 10 56 t=31875 
20230420180002;28-4680e30264ff;bb 01 55 00 7f ff 0c 10 49 : crc=49 YES bb 01 55 00 7f ff 0c 10 49 t=27687 
20230420190001;28-4680e30264ff;34 01 55 00 7f ff 0c 10 21 : crc=21 YES 34 01 55 00 7f ff 0c 10 21 t=19250 
20230420200001;28-4680e30264ff;c5 00 55 00 7f ff 0c 10 78 : crc=78 YES c5 00 55 00 7f ff 0c 10 78 t=12312 
20230420210001;28-4680e30264ff;a4 00 55 00 7f ff 0c 10 da : crc=da YES a4 00 55 00 7f ff 0c 10 da t=10250 
20230420220001;28-4680e30264ff;92 00 55 00 7f ff 0c 10 b5 : crc=b5 YES 92 00 55 00 7f ff 0c 10 b5 t=9125 
20230420230001;28-4680e30264ff;82 00 55 00 7f ff 0c 10 e1 : crc=e1 YES 82 00 55 00 7f ff 0c 10 e1 t=8125 
20230421000001;28-4680e30264ff;7a 00 55 00 7f ff 0c 10 ec : crc=ec YES 7a 00 55 00 7f ff 0c 10 ec t=7625 
20230421010001;28-4680e30264ff;6d 00 55 00 7f ff 0c 10 68 : crc=68 YES 6d 00 55 00 7f ff 0c 10 68 t=6812 
20230421020001;28-4680e30264ff;6a 00 55 00 7f ff 0c 10 b8 : crc=b8 YES 6a 00 55 00 7f ff 0c 10 b8 t=6625 
20230421030001;28-4680e30264ff;5d 00 55 00 7f ff 0c 10 94 : crc=94 YES 5d 00 55 00 7f ff 0c 10 94 t=5812 
20230421040001;28-4680e30264ff;52 00 55 00 7f ff 0c 10 6e : crc=6e YES 52 00 55 00 7f ff 0c 10 6e t=5125 
20230421050001;28-4680e30264ff;4e 00 55 00 7f ff 0c 10 05 : crc=05 YES 4e 00 55 00 7f ff 0c 10 05 t=4875 
20230421060001;28-4680e30264ff;54 00 55 00 7f ff 0c 10 fd : crc=fd YES 54 00 55 00 7f ff 0c 10 fd t=5250 
20230421070002;28-4680e30264ff;db 00 55 00 7f ff 0c 10 95 : crc=95 YES db 00 55 00 7f ff 0c 10 95 t=13687 
20230421080001;28-4680e30264ff;51 01 55 00 7f ff 0c 10 96 : crc=96 YES 51 01 55 00 7f ff 0c 10 96 t=21062 
20230421090001;28-4680e30264ff;ca 01 55 00 7f ff 0c 10 bf : crc=bf YES ca 01 55 00 7f ff 0c 10 bf t=28625 
20230421100001;28-4680e30264ff;22 02 55 00 7f ff 0c 10 a1 : crc=a1 YES 22 02 55 00 7f ff 0c 10 a1 t=34125 
20230421110001;28-4680e30264ff;4f 02 55 00 7f ff 0c 10 3c : crc=3c YES 4f 02 55 00 7f ff 0c 10 3c t=36937 
20230421120001;28-4680e30264ff;65 02 55 00 7f ff 0c 10 38 : crc=38 YES 65 02 55 00 7f ff 0c 10 38 t=38312 
20230421130001;28-4680e30264ff;74 02 55 00 7f ff 0c 10 2f : crc=2f YES 74 02 55 00 7f ff 0c 10 2f t=39250 
20230421140001;28-4680e30264ff;80 02 55 00 7f ff 0c 10 1d : crc=1d YES 80 02 55 00 7f ff 0c 10 1d t=40000 
20230421150001;28-4680e30264ff;78 02 55 00 7f ff 0c 10 10 : crc=10 YES 78 02 55 00 7f ff 0c 10 10 t=39500 
20230421160001;28-4680e30264ff;41 02 55 00 7f ff 0c 10 85 : crc=85 YES 41 02 55 00 7f ff 0c 10 85 t=36062 
20230421170002;28-4680e30264ff;0b 02 55 00 7f ff 0c 10 60 : crc=60 YES 0b 02 55 00 7f ff 0c 10 60 t=32687 
20230421180002;28-4680e30264ff;c3 01 55 00 7f ff 0c 10 d6 : crc=d6 YES c3 01 55 00 7f ff 0c 10 d6 t=28187 
20230421190002;28-4680e30264ff;64 01 55 00 7f ff 0c 10 3c : crc=3c YES 64 01 55 00 7f ff 0c 10 3c t=22250 
20230421200001;28-4680e30264ff;d1 00 55 00 7f ff 0c 10 39 : crc=39 YES d1 00 55 00 7f ff 0c 10 39 t=13062 
20230421210001;28-4680e30264ff;a1 00 55 00 7f ff 0c 10 8c : crc=8c YES a1 00 55 00 7f ff 0c 10 8c t=10062 
20230421220002;28-4680e30264ff;82 00 55 00 7f ff 0c 10 e1 : crc=e1 YES 82 00 55 00 7f ff 0c 10 e1 t=8125 
20230421230001;28-4680e30264ff;6d 00 55 00 7f ff 0c 10 68 : crc=68 YES 6d 00 55 00 7f ff 0c 10 68 t=6812 
20230422000001;28-4680e30264ff;5d 00 55 00 7f ff 0c 10 94 : crc=94 YES 5d 00 55 00 7f ff 0c 10 94 t=5812 
20230422010001;28-4680e30264ff;4d 00 55 00 7f ff 0c 10 c0 : crc=c0 YES 4d 00 55 00 7f ff 0c 10 c0 t=4812 
20230422020001;28-4680e30264ff;3f 00 55 00 7f ff 0c 10 f3 : crc=f3 YES 3f 00 55 00 7f ff 0c 10 f3 t=3937 
20230422030001;28-4680e30264ff;32 00 55 00 7f ff 0c 10 8f : crc=8f YES 32 00 55 00 7f ff 0c 10 8f t=3125 
20230422040001;28-4680e30264ff;2a 00 55 00 7f ff 0c 10 f1 : crc=f1 YES 2a 00 55 00 7f ff 0c 10 f1 t=2625 
20230422050001;28-4680e30264ff;22 00 55 00 7f ff 0c 10 db : crc=db YES 22 00 55 00 7f ff 0c 10 db t=2125 
20230422060001;28-4680e30264ff;2c 00 55 00 7f ff 0c 10 62 : crc=62 YES 2c 00 55 00 7f ff 0c 10 62 t=2750 
20230422070001;28-4680e30264ff;d7 00 55 00 7f ff 0c 10 aa : crc=aa YES d7 00 55 00 7f ff 0c 10 aa t=13437 
20230422080001;28-4680e30264ff;67 01 55 00 7f ff 0c 10 f9 : crc=f9 YES 67 01 55 00 7f ff 0c 10 f9 t=22437 
20230422090002;28-4680e30264ff;e4 01 55 00 7f ff 0c 10 ae : crc=ae YES e4 01 55 00 7f ff 0c 10 ae t=30250 
20230422100001;28-4680e30264ff;35 02 55 00 7f ff 0c 10 25 : crc=25 YES 35 02 55 00 7f ff 0c 10 25 t=35312 
20230422110001;28-4680e30264ff;6e 02 55 00 7f ff 0c 10 d7 : crc=d7 YES 6e 02 55 00 7f ff 0c 10 d7 t=38875 
20230422120001;28-4680e30264ff;97 02 55 00 7f ff 0c 10 99 : crc=99 YES 97 02 55 00 7f ff 0c 10 99 t=41437 
20230422130002;28-4680e30264ff;ad 02 55 00 7f ff 0c 10 c9 : crc=c9 YES ad 02 55 00 7f ff 0c 10 c9 t=42812 
20230422140002;28-4680e30264ff;ad 02 55 00 7f ff 0c 10 c9 : crc=c9 YES ad 02 55 00 7f ff 0c 10 c9 t=42812 
20230422150001;28-4680e30264ff;bf 02 55 00 7f ff 0c 10 1b : crc=1b YES bf 02 55 00 7f ff 0c 10 1b t=43937 
20230422160001;28-4680e30264ff;8f 02 55 00 7f ff 0c 10 e7 : crc=e7 YES 8f 02 55 00 7f ff 0c 10 e7 t=40937 
20230422170001;28-4680e30264ff;52 02 55 00 7f ff 0c 10 14 : crc=14 YES 52 02 55 00 7f ff 0c 10 14 t=37125 
20230422180001;28-4680e30264ff;11 02 55 00 7f ff 0c 10 98 : crc=98 YES 11 02 55 00 7f ff 0c 10 98 t=33062 
20230422190001;28-4680e30264ff;8c 01 55 00 7f ff 0c 10 65 : crc=65 YES 8c 01 55 00 7f ff 0c 10 65 t=24750 
20230422200001;28-4680e30264ff;ee 00 55 00 7f ff 0c 10 3f : crc=3f YES ee 00 55 00 7f ff 0c 10 3f t=14875 
20230422210001;28-4680e30264ff;b7 00 55 00 7f ff 0c 10 4b : crc=4b YES b7 00 55 00 7f ff 0c 10 4b t=11437 
20230422220001;28-4680e30264ff;9b 00 55 00 7f ff 0c 10 dc : crc=dc YES 9b 00 55 00 7f ff 0c 10 dc t=9687 
20230422230002;28-4680e30264ff;83 00 55 00 7f ff 0c 10 a2 : crc=a2 YES 83 00 55 00 7f ff 0c 10 a2 t=8187 
20230423000001;28-4680e30264ff;74 00 55 00 7f ff 0c 10 55 : crc=55 YES 74 00 55 00 7f ff 0c 10 55 t=7250 
20230423010001;28-4680e30264ff;65 00 55 00 7f ff 0c 10 42 : crc=42 YES 65 00 55 00 7f ff 0c 10 42 t=6312 
20230423020001;28-4680e30264ff;5b 00 55 00 7f ff 0c 10 07 : crc=07 YES 5b 00 55 00 7f ff 0c 10 07 t=5687 
20230423030001;28-4680e30264ff;54 00 55 00 7f ff 0c 10 fd : crc=fd YES 54 00 55 00 7f ff 0c 10 fd t=5250 
20230423040001;28-4680e30264ff;47 00 55 00 7f ff 0c 10 6c : crc=6c YES 47 00 55 00 7f ff 0c 10 6c t=4437 
20230423050001;28-4680e30264ff;3c 00 55 00 7f ff 0c 10 36 : crc=36 YES 3c 00 55 00 7f ff 0c 10 36 t=3750 
20230423060001;28-4680e30264ff;45 00 55 00 7f ff 0c 10 ea : crc=ea YES 45 00 55 00 7f ff 0c 10 ea t=4312 
20230423070001;28-4680e30264ff;d9 00 55 00 7f ff 0c 10 13 : crc=13 YES d9 00 55 00 7f ff 0c 10 13 t=13562 
20230423080001;28-4680e30264ff;7a 01 55 00 7f ff 0c 10 d1 : crc=d1 YES 7a 01 55 00 7f ff 0c 10 d1 t=23625 
20230423090001;28-4680e30264ff;b3 01 55 00 7f ff 0c 10 63 : crc=63 YES b3 01 55 00 7f ff 0c 10 63 t=27187 
20230423100001;28-4680e30264ff;2d 02 55 00 7f ff 0c 10 5b : crc=5b YES 2d 02 55 00 7f ff 0c 10 5b t=34812 
20230423110001;28-4680e30264ff;74 02 55 00 7f ff 0c 10 2f : crc=2f YES 74 02 55 00 7f ff 0c 10 2f t=39250 
