20230415104924;28-0114559530aa;fc 00 4b 46 7f ff 0c 10 d0 : crc=d0 YES fc 00 4b 46 7f ff 0c 10 d0 t=15750 
20230415105205;28-0114559530aa;fb 00 4b 46 7f ff 0c 10 00 : crc=00 YES fb 00 4b 46 7f ff 0c 10 00 t=15687 
20230415110001;28-0114559530aa;f5 00 4b 46 7f ff 0c 10 b9 : crc=b9 YES f5 00 4b 46 7f ff 0c 10 b9 t=15312 
20230415110710;28-0114559530aa;e9 00 4b 46 7f ff 0c 10 d2 : crc=d2 YES e9 00 4b 46 7f ff 0c 10 d2 t=14562 
20230415120001;28-0114559530aa;e2 00 4b 46 7f ff 0c 10 3d : crc=3d YES e2 00 4b 46 7f ff 0c 10 3d t=14125 
20230415130001;28-0114559530aa;ee 00 4b 46 7f ff 0c 10 02 : crc=02 YES ee 00 4b 46 7f ff 0c 10 02 t=14875 
20230415140002;28-0114559530aa;9a 01 4b 46 7f ff 0c 10 9f : crc=9f YES 9a 01 4b 46 7f ff 0c 10 9f t=25625 
20230415150001;28-0114559530aa;ea 00 4b 46 7f ff 0c 10 17 : crc=17 YES ea 00 4b 46 7f ff 0c 10 17 t=14625 
20230415160001;28-0114559530aa;ce 00 4b 46 7f ff 0c 10 aa : crc=aa YES ce 00 4b 46 7f ff 0c 10 aa t=12875 
20230415170001;28-0114559530aa;b8 00 4b 46 7f ff 0c 10 8c : crc=8c YES b8 00 4b 46 7f ff 0c 10 8c t=11500 
20230415180001;28-0114559530aa;ab 00 4b 46 7f ff 0c 10 1d : crc=1d YES ab 00 4b 46 7f ff 0c 10 1d t=10687 
20230415190001;28-0114559530aa;9f 00 4b 46 7f ff 0c 10 f4 : crc=f4 YES 9f 00 4b 46 7f ff 0c 10 f4 t=9937 
20230415200001;28-0114559530aa;96 00 4b 46 7f ff 0c 10 9d : crc=9d YES 96 00 4b 46 7f ff 0c 10 9d t=9375 
20230415210001;28-0114559530aa;90 00 4b 46 7f ff 0c 10 0e : crc=0e YES 90 00 4b 46 7f ff 0c 10 0e t=9000 
20230415220001;28-0114559530aa;88 00 4b 46 7f ff 0c 10 70 : crc=70 YES 88 00 4b 46 7f ff 0c 10 70 t=8500 
20230415230001;28-0114559530aa;83 00 4b 46 7f ff 0c 10 9f : crc=9f YES 83 00 4b 46 7f ff 0c 10 9f t=8187 
20230416000001;28-0114559530aa;80 00 4b 46 7f ff 0c 10 5a : crc=5a YES 80 00 4b 46 7f ff 0c 10 5a t=8000 
20230416010001;28-0114559530aa;7d 00 4b 46 7f ff 0c 10 01 : crc=01 YES 7d 00 4b 46 7f ff 0c 10 01 t=7812 
20230416020001;28-0114559530aa;76 00 4b 46 7f ff 0c 10 ee : crc=ee YES 76 00 4b 46 7f ff 0c 10 ee t=7375 
20230416030001;28-0114559530aa;73 00 4b 46 7f ff 0c 10 b8 : crc=b8 YES 73 00 4b 46 7f ff 0c 10 b8 t=7187 
20230416040001;28-0114559530aa;70 00 4b 46 7f ff 0c 10 7d : crc=7d YES 70 00 4b 46 7f ff 0c 10 7d t=7000 
20230416050001;28-0114559530aa;6c 00 4b 46 7f ff 0c 10 16 : crc=16 YES 6c 00 4b 46 7f ff 0c 10 16 t=6750 
20230416060001;28-0114559530aa;6a 00 4b 46 7f ff 0c 10 85 : crc=85 YES 6a 00 4b 46 7f ff 0c 10 85 t=6625 
20230416070001;28-0114559530aa;73 00 4b 46 7f ff 0c 10 b8 : crc=b8 YES 73 00 4b 46 7f ff 0c 10 b8 t=7187 
20230416080002;28-0114559530aa;88 00 4b 46 7f ff 0c 10 70 : crc=70 YES 88 00 4b 46 7f ff 0c 10 70 t=8500 
20230416090001;28-0114559530aa;b4 00 4b 46 7f ff 0c 10 b3 : crc=b3 YES b4 00 4b 46 7f ff 0c 10 b3 t=11250 
20230416100001;28-0114559530aa;f1 00 4b 46 7f ff 0c 10 ac : crc=ac YES f1 00 4b 46 7f ff 0c 10 ac t=15062 
20230416110001;28-0114559530aa;35 01 4b 46 7f ff 0c 10 5f : crc=5f YES 35 01 4b 46 7f ff 0c 10 5f t=19312 
20230416120001;28-0114559530aa;25 01 4b 46 7f ff 0c 10 0b : crc=0b YES 25 01 4b 46 7f ff 0c 10 0b t=18312 
20230416130001;28-0114559530aa;27 01 4b 46 7f ff 0c 10 8d : crc=8d YES 27 01 4b 46 7f ff 0c 10 8d t=18437 
20230416140001;28-0114559530aa;37 01 4b 46 7f ff 0c 10 d9 : crc=d9 YES 37 01 4b 46 7f ff 0c 10 d9 t=19437 
20230416150001;28-0114559530aa;21 01 4b 46 7f ff 0c 10 1e : crc=1e YES 21 01 4b 46 7f ff 0c 10 1e t=18062 
20230416160001;28-0114559530aa;08 01 4b 46 7f ff 0c 10 df : crc=df YES 08 01 4b 46 7f ff 0c 10 df t=16500 
20230416170001;28-0114559530aa;f3 00 4b 46 7f ff 0c 10 2a : crc=2a YES f3 00 4b 46 7f ff 0c 10 2a t=15187 
20230416180001;28-0114559530aa;ca 00 4b 46 7f ff 0c 10 bf : crc=bf YES ca 00 4b 46 7f ff 0c 10 bf t=12625 
20230416190001;28-0114559530aa;9c 00 4b 46 7f ff 0c 10 31 : crc=31 YES 9c 00 4b 46 7f ff 0c 10 31 t=9750 
20230416200001;28-0114559530aa;79 00 4b 46 7f ff 0c 10 14 : crc=14 YES 79 00 4b 46 7f ff 0c 10 14 t=7562 
20230416210001;28-0114559530aa;6c 00 4b 46 7f ff 0c 10 16 : crc=16 YES 6c 00 4b 46 7f ff 0c 10 16 t=6750 
20230416220001;28-0114559530aa;67 00 4b 46 7f ff 0c 10 f9 : crc=f9 YES 67 00 4b 46 7f ff 0c 10 f9 t=6437 
20230416230001;28-0114559530aa;55 00 4b 46 7f ff 0c 10 83 : crc=83 YES 55 00 4b 46 7f ff 0c 10 83 t=5312 
20230417000001;28-0114559530aa;67 00 4b 46 7f ff 0c 10 f9 : crc=f9 YES 67 00 4b 46 7f ff 0c 10 f9 t=6437 
20230417010001;28-0114559530aa;65 00 4b 46 7f ff 0c 10 7f : crc=7f YES 65 00 4b 46 7f ff 0c 10 7f t=6312 
20230417020001;28-0114559530aa;67 00 4b 46 7f ff 0c 10 f9 : crc=f9 YES 67 00 4b 46 7f ff 0c 10 f9 t=6437 
20230417030001;28-0114559530aa;65 00 4b 46 7f ff 0c 10 7f : crc=7f YES 65 00 4b 46 7f ff 0c 10 7f t=6312 
20230417040001;28-0114559530aa;64 00 4b 46 7f ff 0c 10 3c : crc=3c YES 64 00 4b 46 7f ff 0c 10 3c t=6250 
20230417050001;28-0114559530aa;61 00 4b 46 7f ff 0c 10 6a : crc=6a YES 61 00 4b 46 7f ff 0c 10 6a t=6062 
20230417060001;28-0114559530aa;63 00 4b 46 7f ff 0c 10 ec : crc=ec YES 63 00 4b 46 7f ff 0c 10 ec t=6187 
20230417070001;28-0114559530aa;70 00 4b 46 7f ff 0c 10 7d : crc=7d YES 70 00 4b 46 7f ff 0c 10 7d t=7000 
20230417080001;28-0114559530aa;86 00 4b 46 7f ff 0c 10 c9 : crc=c9 YES 86 00 4b 46 7f ff 0c 10 c9 t=8375 
20230417090001;28-0114559530aa;b3 00 4b 46 7f ff 0c 10 63 : crc=63 YES b3 00 4b 46 7f ff 0c 10 63 t=11187 
20230417100001;28-0114559530aa;ed 00 4b 46 7f ff 0c 10 c7 : crc=c7 YES ed 00 4b 46 7f ff 0c 10 c7 t=14812 
20230417110001;28-0114559530aa;f6 00 4b 46 7f ff 0c 10 7c : crc=7c YES f6 00 4b 46 7f ff 0c 10 7c t=15375 
20230417120001;28-0114559530aa;1d 01 4b 46 7f ff 0c 10 dd : crc=dd YES 1d 01 4b 46 7f ff 0c 10 dd t=17812 
20230417130001;28-0114559530aa;32 01 4b 46 7f ff 0c 10 8f : crc=8f YES 32 01 4b 46 7f ff 0c 10 8f t=19125 
20230417140001;28-0114559530aa;40 01 4b 46 7f ff 0c 10 bc : crc=bc YES 40 01 4b 46 7f ff 0c 10 bc t=20000 
20230417150002;28-0114559530aa;39 01 4b 46 7f ff 0c 10 60 : crc=60 YES 39 01 4b 46 7f ff 0c 10 60 t=19562 
20230417160001;28-0114559530aa;0b 01 4b 46 7f ff 0c 10 1a : crc=1a YES 0b 01 4b 46 7f ff 0c 10 1a t=16687 
20230417170001;28-0114559530aa;e9 00 4b 46 7f ff 0c 10 d2 : crc=d2 YES e9 00 4b 46 7f ff 0c 10 d2 t=14562 
20230417180001;28-0114559530aa;b4 00 4b 46 7f ff 0c 10 b3 : crc=b3 YES b4 00 4b 46 7f ff 0c 10 b3 t=11250 
20230417190001;28-0114559530aa;90 00 4b 46 7f ff 0c 10 0e : crc=0e YES 90 00 4b 46 7f ff 0c 10 0e t=9000 
20230417200001;28-0114559530aa;76 00 4b 46 7f ff 0c 10 ee : crc=ee YES 76 00 4b 46 7f ff 0c 10 ee t=7375 
20230417210001;28-0114559530aa;71 00 4b 46 7f ff 0c 10 3e : crc=3e YES 71 00 4b 46 7f ff 0c 10 3e t=7062 
20230417220001;28-0114559530aa;70 00 4b 46 7f ff 0c 10 7d : crc=7d YES 70 00 4b 46 7f ff 0c 10 7d t=7000 
20230417230001;28-0114559530aa;74 00 4b 46 7f ff 0c 10 68 : crc=68 YES 74 00 4b 46 7f ff 0c 10 68 t=7250 
