2021-06-02T12:01:58;23.02;1025.23;52.55
2021-06-02T12:03:15;23.00;1025.30;52.62
2021-06-02T13:00:01;31.80;1025.10;34.41
2021-06-02T14:00:01;29.20;1025.07;36.96
2021-06-02T15:00:01;21.78;1025.27;46.97
2021-06-02T16:00:01;21.54;1025.34;46.51
2021-06-02T17:00:02;23.10;1025.27;41.06
2021-06-02T18:00:01;27.36;1025.13;36.07
2021-06-02T19:00:02;20.07;1025.28;45.74
2021-06-02T20:00:01;16.49;1025.68;61.13
2021-06-02T21:00:01;14.07;1026.07;66.50
2021-06-02T22:00:01;13.05;1026.59;69.79
2021-06-02T23:00:01;11.19;1026.94;75.84
2021-06-03T00:00:01;8.99;1027.03;82.18
2021-06-03T01:00:01;7.78;1027.05;85.48
2021-06-03T02:00:01;7.58;1027.26;87.79
2021-06-03T03:00:02;6.99;1027.21;88.22
2021-06-03T04:00:01;7.19;1027.45;88.04
2021-06-03T05:00:01;7.39;1027.51;87.89
2021-06-03T06:00:01;8.33;1027.74;88.59
2021-06-03T07:00:01;12.46;1027.77;84.84
2021-06-03T08:00:01;16.09;1028.00;75.68
2021-06-03T09:00:01;18.72;1028.24;64.91
2021-06-03T10:00:01;20.72;1028.02;56.46
2021-06-03T11:00:01;22.12;1028.16;54.80
2021-06-03T12:00:01;23.00;1027.85;45.06
2021-06-03T13:00:01;32.75;1027.73;28.88
2021-06-03T14:00:01;30.67;1027.47;30.41
2021-06-03T15:00:01;30.01;1027.16;31.37
2021-06-03T16:00:01;27.95;1026.86;33.83
2021-06-03T17:00:01;30.10;1026.68;30.89
2021-06-03T18:00:02;27.86;1026.51;33.94
2021-06-03T19:00:01;21.43;1026.45;49.01
2021-06-03T20:00:02;17.57;1026.58;58.47
2021-06-03T21:00:01;14.99;1026.82;71.35
2021-06-03T22:00:01;13.28;1026.82;77.92
2021-06-03T23:00:01;12.61;1026.89;80.35
2021-06-04T00:00:01;11.90;1026.97;80.71
2021-06-04T01:00:01;11.89;1026.91;83.56
2021-06-04T02:00:01;12.14;1026.63;84.14
2021-06-04T03:00:01;12.43;1026.50;83.49
2021-06-04T04:00:02;12.08;1026.12;84.04
2021-06-04T05:00:01;12.39;1025.93;85.17
2021-06-04T06:00:02;13.15;1025.93;83.15
2021-06-04T07:00:01;16.47;1025.94;75.13
2021-06-04T08:00:01;19.20;1025.99;66.72
2021-06-04T09:00:01;20.60;1026.02;62.19
2021-06-04T10:00:01;24.62;1026.10;53.23
2021-06-04T11:00:01;26.70;1025.87;48.54
2021-06-04T12:00:01;27.01;1025.49;50.13
2021-06-04T13:00:01;28.94;1025.28;45.24
2021-06-04T14:00:01;29.76;1024.85;42.41
2021-06-04T15:00:01;26.38;1024.53;43.75
2021-06-04T16:00:01;26.83;1024.41;44.50
2021-06-04T17:00:01;24.33;1024.20;50.37
2021-06-04T18:00:01;21.43;1023.88;55.07
2021-06-04T19:00:01;21.67;1023.56;60.45
2021-06-04T20:00:01;19.55;1023.57;66.89
2021-06-04T21:00:01;16.50;1023.60;76.97
2021-06-04T22:00:02;14.59;1023.80;84.13
2021-06-04T23:00:01;13.50;1023.90;86.27
2021-06-05T00:00:02;14.90;1023.80;84.33
2021-06-05T01:00:01;14.19;1023.71;80.68
2021-06-05T02:00:01;12.48;1023.62;83.01
2021-06-05T03:00:01;11.15;1023.16;87.60
2021-06-05T04:00:01;10.48;1022.98;89.83
2021-06-05T05:00:02;11.26;1022.83;90.40
2021-06-05T06:00:01;13.73;1022.72;87.95
2021-06-05T07:00:01;16.09;1022.72;81.71
2021-06-05T08:00:02;17.41;1022.98;77.79
2021-06-05T09:00:01;19.72;1023.07;68.90
2021-06-05T10:00:01;20.98;1022.84;61.82
2021-06-05T11:00:01;21.54;1022.70;63.19
2021-06-05T12:00:01;21.78;1022.39;58.27
2021-06-05T13:00:01;31.16;1022.25;34.21
2021-06-05T14:00:01;28.48;1022.11;32.93
2021-06-05T15:00:01;28.99;1021.84;33.10
2021-06-05T16:00:02;28.09;1021.56;39.01
2021-06-05T17:00:01;29.47;1021.27;34.77
2021-06-05T18:00:02;28.44;1021.17;39.44
2021-06-05T19:00:01;20.54;1021.17;54.33
2021-06-05T20:00:01;16.82;1021.20;68.61
2021-06-05T21:00:01;14.54;1021.51;75.79
2021-06-05T22:00:01;11.49;1021.99;83.66
2021-06-05T23:00:02;10.12;1022.02;86.91
2021-06-06T00:00:01;8.80;1022.08;89.15
2021-06-06T01:00:01;8.35;1021.98;89.35
2021-06-06T02:00:01;7.52;1021.71;90.16
2021-06-06T03:00:01;7.33;1021.74;90.83
2021-06-06T04:00:01;6.62;1021.63;90.95
2021-06-06T05:00:01;7.01;1021.47;91.41
2021-06-06T06:00:02;9.76;1021.56;87.29
2021-06-06T07:00:02;13.51;1021.39;78.68
2021-06-06T08:00:01;16.10;1021.63;70.34
2021-06-06T09:00:01;18.26;1021.77;63.42
2021-06-06T10:00:01;20.08;1021.67;58.39
2021-06-06T11:00:01;21.53;1021.53;50.72
2021-06-06T12:00:02;22.27;1021.32;44.63
2021-06-06T13:00:02;32.78;1021.21;28.31
2021-06-06T14:00:01;30.89;1020.86;33.45
2021-06-06T15:00:01;30.77;1020.67;31.44
2021-06-06T16:00:01;27.23;1020.74;39.07
2021-06-06T17:00:01;29.29;1020.76;37.68
2021-06-06T18:00:01;28.12;1020.42;37.80
2021-06-06T19:00:02;21.45;1020.32;50.21
2021-06-06T20:00:01;18.11;1020.21;61.33
2021-06-06T21:00:02;15.13;1020.59;73.73
2021-06-06T22:00:01;12.24;1020.93;83.78
2021-06-06T23:00:01;10.84;1020.86;84.55
2021-06-07T00:00:01;9.86;1020.89;86.92
2021-06-07T01:00:01;8.90;1020.93;88.19
2021-06-07T02:00:02;8.41;1021.13;88.40
2021-06-07T03:00:01;7.88;1020.80;89.60
2021-06-07T04:00:02;7.83;1020.73;88.44
2021-06-07T05:00:01;9.06;1020.43;86.30
2021-06-07T06:00:01;11.75;1020.17;77.14
2021-06-07T07:00:01;15.16;1020.11;70.40
2021-06-07T08:00:01;18.65;1019.98;60.32
2021-06-07T09:00:01;20.55;1020.20;54.88
2021-06-07T10:00:01;21.63;1020.37;52.51
2021-06-07T11:00:01;21.44;1020.43;53.24
2021-06-07T12:00:02;21.78;1020.55;56.61
2021-06-07T13:00:01;29.95;1020.62;38.47
2021-06-07T14:00:01;28.57;1020.36;40.64
2021-06-07T15:00:02;26.30;1020.33;41.67
2021-06-07T16:00:01;26.80;1020.45;40.38
2021-06-07T17:00:02;28.34;1019.99;36.96
2021-06-07T18:00:01;28.15;1019.66;39.61
2021-06-07T19:00:01;20.34;1019.67;58.60
2021-06-07T20:00:01;17.26;1019.80;71.27
2021-06-07T21:00:01;15.54;1020.23;79.71
2021-06-07T22:00:01;13.54;1020.67;84.86
2021-06-07T23:00:01;13.28;1020.73;86.06
2021-06-08T00:00:01;11.65;1020.85;86.99
2021-06-08T01:00:01;10.36;1020.52;87.19
2021-06-08T02:00:01;9.28;1020.50;88.48
2021-06-08T03:00:01;9.13;1020.41;88.23
2021-06-08T04:00:02;8.63;1020.13;89.17
2021-06-08T05:00:01;8.94;1020.35;88.81
2021-06-08T06:00:01;12.29;1020.56;84.15
2021-06-08T07:00:02;15.93;1020.52;73.39
2021-06-08T08:00:01;18.22;1020.63;63.38
2021-06-08T09:00:01;20.21;1020.58;54.01
2021-06-08T10:00:01;22.23;1020.87;50.42
2021-06-08T11:00:01;23.35;1020.95;48.17
2021-06-08T12:00:01;24.25;1020.86;45.96
2021-06-08T13:00:01;33.09;1020.69;32.85
2021-06-08T14:00:01;31.07;1020.39;36.70
2021-06-08T15:00:01;32.82;1020.06;35.70
2021-06-08T16:00:01;31.69;1019.75;35.42
2021-06-08T17:00:01;32.64;1019.52;30.93
2021-06-08T18:00:02;29.60;1019.54;42.24
2021-06-08T19:00:01;22.01;1019.50;54.15
2021-06-08T20:00:01;18.90;1019.89;65.17
2021-06-08T21:00:01;16.78;1019.93;72.06
2021-06-08T22:00:01;14.63;1020.05;71.75
2021-06-08T23:00:01;12.99;1020.12;75.00
2021-06-09T00:00:01;11.64;1020.35;80.75
2021-06-09T01:00:01;10.92;1020.33;84.66
2021-06-09T02:00:01;9.80;1020.02;86.35
2021-06-09T03:00:01;10.03;1019.86;87.45
2021-06-09T04:00:02;8.88;1019.69;87.38
2021-06-09T05:00:01;8.91;1019.40;88.64
2021-06-09T06:00:01;11.82;1019.47;86.77
2021-06-09T07:00:01;15.09;1019.21;78.72
2021-06-09T08:00:01;17.62;1019.12;69.11
2021-06-09T09:00:01;19.70;1019.03;60.60
2021-06-09T10:00:01;22.01;1018.98;55.37
2021-06-09T11:00:02;23.58;1019.34;54.78
2021-06-09T12:00:01;23.91;1019.35;53.78
2021-06-09T13:00:01;33.69;1019.31;33.81
2021-06-09T14:00:01;30.69;1019.29;35.75
2021-06-09T15:00:01;30.85;1019.14;38.55
2021-06-09T16:00:01;29.52;1018.86;41.99
2021-06-09T17:00:01;31.04;1018.55;38.76
2021-06-09T18:00:01;25.71;1018.23;47.83
2021-06-09T19:00:01;22.61;1018.39;46.18
2021-06-09T20:00:02;19.72;1018.78;54.16
2021-06-09T21:00:01;17.63;1018.92;61.72
2021-06-09T22:00:01;14.21;1019.29;76.13
2021-06-09T23:00:01;12.37;1019.30;82.93
2021-06-10T00:00:01;11.42;1019.50;85.24
2021-06-10T01:00:02;10.58;1019.13;85.85
2021-06-10T02:00:01;10.03;1019.05;87.66
2021-06-10T03:00:01;10.84;1018.70;88.19
2021-06-10T04:00:01;12.10;1018.34;85.11
2021-06-10T05:00:01;12.69;1018.42;83.63
2021-06-10T06:00:02;14.26;1018.50;78.59
2021-06-10T07:00:01;16.00;1018.25;73.87
2021-06-10T08:00:02;18.27;1018.16;64.70
2021-06-10T09:00:01;20.35;1018.38;59.91
2021-06-10T11:00:01;23.86;1018.38;49.60
2021-06-10T12:00:01;24.56;1018.49;49.82
2021-06-10T13:00:01;27.93;1018.45;41.40
2021-06-10T14:00:01;28.13;1018.14;43.93
2021-06-10T15:00:01;26.76;1017.94;46.95
2021-06-10T16:00:02;22.76;1017.66;53.01
2021-06-10T17:00:01;22.88;1017.42;48.07
2021-06-10T18:00:01;27.01;1017.45;40.95
2021-06-10T19:00:02;20.68;1017.29;51.31
2021-06-10T20:00:01;18.81;1017.51;53.18
2021-06-10T21:00:01;16.58;1017.94;58.66
2021-06-10T22:00:01;13.00;1018.20;74.42
2021-06-10T23:00:02;11.26;1017.96;82.56
2021-06-11T00:00:01;10.48;1017.92;85.28
2021-06-11T01:00:01;11.46;1017.51;83.02
2021-06-11T02:00:01;11.21;1017.31;83.96
2021-06-11T03:00:01;10.85;1017.23;85.18
2021-06-11T04:00:02;11.36;1016.67;85.06
2021-06-11T05:00:01;11.93;1016.72;84.95
2021-06-11T06:00:01;13.87;1016.63;80.31
2021-06-11T07:00:01;16.45;1016.61;71.00
2021-06-11T08:00:01;19.09;1016.31;66.62
2021-06-11T09:00:01;21.56;1015.94;58.32
2021-06-11T10:00:01;23.90;1015.89;49.76
2021-06-11T11:00:01;24.72;1015.78;48.49
2021-06-11T12:00:01;25.24;1015.92;51.88
2021-06-11T13:00:01;33.60;1015.72;35.72
2021-06-11T14:00:01;30.64;1015.56;39.87
2021-06-11T15:00:01;31.52;1015.29;40.46
2021-06-11T16:00:02;28.54;1015.22;44.20
2021-06-11T17:00:01;30.79;1015.20;40.96
2021-06-11T18:00:01;30.13;1014.98;41.75
2021-06-11T19:00:01;23.21;1015.02;53.88
2021-06-11T20:00:01;19.89;1015.21;65.66
2021-06-11T21:00:01;17.87;1015.12;73.40
2021-06-11T22:00:02;15.29;1015.09;82.58
2021-06-11T23:00:01;13.99;1014.96;86.33
2021-06-12T00:00:01;13.71;1014.74;85.87
2021-06-12T01:00:01;13.01;1014.47;88.21
2021-06-12T02:00:01;12.22;1014.11;88.23
2021-06-12T03:00:01;11.89;1013.52;88.82
2021-06-12T04:00:01;11.61;1012.99;90.29
2021-06-12T05:00:02;11.85;1012.63;90.07
2021-06-12T06:00:01;14.62;1012.51;84.42
2021-06-12T07:00:01;17.20;1011.81;77.72
2021-06-12T08:00:01;19.79;1011.20;74.26
2021-06-12T09:00:01;21.53;1010.68;65.34
2021-06-12T10:00:02;21.61;1010.08;65.14
2021-06-12T11:00:01;17.49;1010.32;84.82
2021-06-12T12:00:01;17.31;1010.08;80.96
2021-06-12T13:00:01;15.75;1010.31;84.91
2021-06-12T14:00:01;15.73;1009.59;82.22
2021-06-12T15:00:02;17.07;1009.07;78.79
2021-06-12T16:00:01;18.20;1008.47;72.12
2021-06-12T17:00:01;20.85;1007.92;65.03
2021-06-12T18:00:01;18.70;1007.77;58.64
2021-06-12T19:00:02;17.13;1008.13;62.95
2021-06-12T20:00:01;15.49;1008.64;66.01
2021-06-12T21:00:01;13.56;1008.95;62.25
2021-06-12T22:00:01;11.95;1009.33;68.54
2021-06-12T23:00:01;12.06;1009.67;70.18
2021-06-13T00:00:01;11.75;1009.72;73.14
2021-06-13T01:00:01;11.75;1010.00;74.65
2021-06-13T02:00:02;11.89;1010.12;76.84
2021-06-13T03:00:01;11.40;1010.49;79.33
2021-06-13T04:00:01;11.16;1010.84;82.48
2021-06-13T05:00:02;11.37;1011.53;82.08
2021-06-13T06:00:01;12.16;1012.33;79.97
2021-06-13T07:00:02;13.73;1012.80;74.36
2021-06-13T08:00:01;15.26;1013.50;70.13
2021-06-13T09:00:01;15.68;1014.36;66.76
2021-06-13T10:00:01;17.73;1015.15;61.92
2021-06-13T11:00:01;18.04;1015.76;59.38
2021-06-13T12:00:02;18.74;1016.76;58.94
2021-06-13T13:00:01;22.37;1017.14;47.33
2021-06-13T14:00:01;25.85;1017.82;42.46
2021-06-13T15:00:01;24.58;1018.37;40.41
2021-06-13T16:00:01;23.73;1018.69;40.88
2021-06-13T17:00:01;24.26;1018.92;38.12
2021-06-13T18:00:01;24.11;1019.31;40.40
2021-06-15T12:00:02;27.88;1018.18;56.96
2021-06-15T12:30:02;21.59;1018.34;57.33
2021-06-15T13:00:02;19.18;1018.54;62.22
2021-06-15T14:00:01;22.64;1018.38;55.20
2021-06-15T15:00:01;21.38;1018.30;59.37
2021-06-15T16:00:02;23.70;1018.49;53.02
2021-06-15T17:00:01;36.18;1018.28;25.46
2021-06-15T18:00:01;40.74;1018.10;22.29
2021-06-15T19:00:01;19.23;1018.37;40.16
2021-06-15T20:00:02;16.21;1018.61;47.71
2021-06-15T21:00:01;13.19;1019.17;58.31
2021-06-15T22:00:01;9.76;1019.59;71.38
2021-06-15T23:00:02;8.34;1019.68;79.10
2021-06-16T00:00:01;8.11;1020.14;84.01
2021-06-16T01:00:01;8.78;1020.33;85.73
2021-06-16T02:00:01;9.24;1020.32;87.35
2021-06-16T03:00:01;8.29;1020.37;89.24
2021-06-16T04:00:02;7.29;1020.48;90.54
2021-06-16T05:00:01;8.52;1020.50;92.28
2021-06-16T06:00:01;11.46;1020.67;92.99
2021-06-16T07:00:01;14.59;1020.80;83.69
2021-06-16T08:00:01;16.97;1020.98;65.82
2021-06-16T09:00:02;19.27;1020.99;53.98
2021-06-16T10:00:01;20.72;1021.18;52.28
2021-06-16T11:00:01;21.73;1021.39;49.09
2021-06-16T12:00:01;22.69;1021.45;48.89
2021-06-16T13:00:01;31.12;1021.34;32.23
2021-06-16T14:00:01;29.68;1021.44;32.85
2021-06-16T15:00:01;28.02;1021.28;36.67
2021-06-16T16:00:02;33.70;1021.12;29.51
2021-06-16T17:00:01;35.87;1020.90;24.55
2021-06-16T18:00:01;38.83;1020.69;21.95
2021-06-16T19:00:01;19.13;1020.69;52.80
2021-06-16T20:00:01;16.48;1020.76;63.08
2021-06-16T21:00:01;14.12;1021.04;71.80
2021-06-16T22:00:01;11.34;1021.52;79.77
2021-06-16T23:00:01;10.20;1021.84;84.52
2021-06-17T00:00:01;9.38;1021.69;87.92
2021-06-17T01:00:01;8.74;1021.87;89.05
2021-06-17T02:00:02;8.05;1021.80;91.03
2021-06-17T03:00:01;7.37;1021.76;91.95
2021-06-17T04:00:01;7.00;1021.65;92.89
2021-06-17T05:00:01;7.46;1021.80;93.62
2021-06-17T06:00:01;11.55;1021.57;93.81
2021-06-17T07:00:01;14.99;1021.52;88.88
2021-06-17T08:00:01;18.01;1021.71;78.54
2021-06-17T09:00:02;22.51;1021.68;64.30
2021-06-17T10:00:01;25.04;1021.89;56.81
2021-06-17T11:00:01;27.06;1021.66;51.10
2021-06-17T12:00:01;28.38;1021.38;45.45
2021-06-17T13:00:01;36.41;1021.27;30.00
2021-06-17T14:00:01;36.74;1020.86;30.31
2021-06-17T15:00:01;35.83;1020.74;34.45
2021-06-17T16:00:01;41.25;1020.35;25.80
2021-06-17T17:00:01;44.49;1019.89;23.39
2021-06-17T18:00:01;47.50;1019.68;20.08
2021-06-17T19:00:01;27.52;1019.47;44.37
2021-06-17T20:00:01;24.04;1019.81;55.02
2021-06-17T21:00:02;20.28;1020.01;64.47
2021-06-17T22:00:01;16.79;1020.50;73.31
2021-06-17T23:00:01;14.68;1020.58;81.83
2021-06-18T00:00:01;13.58;1020.75;86.00
2021-06-18T01:00:01;12.63;1020.78;88.53
2021-06-18T02:00:01;11.69;1020.78;90.28
2021-06-18T03:00:01;11.00;1020.54;91.90
2021-06-18T04:00:01;10.37;1020.84;92.83
2021-06-18T05:00:02;10.82;1020.50;93.71
2021-06-18T06:00:01;14.53;1020.82;92.59
2021-06-18T07:00:01;17.48;1020.63;82.90
2021-06-18T08:00:01;20.72;1020.56;66.84
2021-06-18T09:00:01;25.07;1020.22;56.81
2021-06-18T10:00:01;28.07;1019.90;51.99
2021-06-18T11:00:01;30.39;1019.59;48.18
2021-06-18T12:00:01;30.36;1019.43;49.84
2021-06-18T13:00:01;39.51;1019.27;30.39
2021-06-18T14:00:01;39.51;1018.82;29.82
2021-06-18T15:00:01;37.45;1018.69;29.99
2021-06-18T16:00:01;43.14;1018.42;25.49
2021-06-18T17:00:01;46.78;1018.06;22.77
2021-06-18T18:00:01;48.67;1017.46;19.80
2021-06-18T19:00:01;30.26;1017.35;44.86
2021-06-18T20:00:01;26.68;1017.44;59.77
2021-06-18T21:00:01;22.12;1017.64;73.48
2021-06-18T22:00:01;19.12;1017.80;82.07
2021-06-18T23:00:01;17.57;1018.00;86.98
2021-06-19T00:00:02;16.58;1017.92;90.01
2021-06-19T01:00:01;15.69;1018.13;91.83
2021-06-19T02:00:01;15.16;1018.07;93.10
2021-06-19T03:00:01;14.53;1017.95;94.04
2021-06-19T04:00:01;13.85;1018.00;94.77
2021-06-19T05:00:01;14.28;1018.04;95.40
2021-06-19T06:00:01;17.53;1017.91;94.63
2021-06-19T07:00:01;20.41;1017.74;86.13
2021-06-19T08:00:01;23.72;1017.65;73.18
2021-06-19T09:00:01;27.26;1017.44;62.44
2021-06-19T11:00:02;31.24;1016.84;56.06
2021-06-19T12:00:01;32.67;1016.76;53.45
2021-06-19T13:00:02;40.52;1016.43;34.67
2021-06-19T14:00:01;41.24;1015.94;31.27
2021-06-19T15:00:02;39.23;1015.60;31.57
2021-06-19T16:00:01;44.28;1015.29;26.74
2021-06-19T17:00:02;46.39;1014.89;21.77
2021-06-19T18:00:01;48.16;1014.71;20.93
2021-06-19T19:00:01;30.80;1014.61;46.51
2021-06-19T20:00:01;27.23;1014.66;57.76
2021-06-19T21:00:01;23.53;1014.87;66.73
2021-06-19T22:00:02;20.17;1015.23;77.64
2021-06-19T23:00:01;18.46;1015.24;82.92
2021-06-20T00:00:01;17.83;1015.18;87.10
2021-06-20T01:00:01;17.12;1015.16;89.80
2021-06-20T02:00:02;16.45;1014.95;91.70
2021-06-20T03:00:01;15.90;1014.61;93.03
2021-06-20T04:00:01;15.49;1014.39;94.08
2021-06-20T05:00:01;16.06;1014.35;95.12
2021-06-20T06:00:01;19.27;1014.19;94.20
2021-06-20T07:00:01;22.39;1014.64;84.73
2021-06-20T08:00:01;27.02;1014.87;66.03
2021-06-20T09:00:01;29.00;1014.46;63.94
2021-06-20T10:00:01;30.77;1014.17;58.59
2021-06-20T11:00:02;31.58;1013.66;55.34
2021-06-20T12:00:01;32.38;1013.07;45.67
2021-06-20T13:00:01;39.89;1012.56;32.64
2021-06-20T14:00:01;40.65;1012.28;31.25
2021-06-20T15:00:02;38.35;1012.23;33.82
2021-06-20T16:00:01;43.65;1012.05;24.81
2021-06-20T17:00:01;46.72;1011.36;22.54
2021-06-20T18:00:01;49.21;1010.84;20.82
2021-06-20T19:00:02;30.39;1010.39;46.52
2021-06-20T20:00:01;27.30;1010.44;57.11
2021-06-20T21:00:01;23.60;1010.86;67.80
2021-06-20T22:00:01;21.21;1011.34;73.33
2021-06-20T23:00:02;19.42;1011.26;80.25
2021-06-21T00:00:01;18.37;1010.99;83.47
2021-06-21T01:00:02;17.21;1010.92;87.10
2021-06-21T02:00:01;16.37;1010.83;89.78
2021-06-21T03:00:01;15.44;1010.47;91.68
2021-06-21T04:00:02;15.20;1010.29;93.32
2021-06-21T05:00:01;16.42;1010.39;94.43
2021-06-21T06:00:01;19.75;1010.83;90.16
2021-06-21T07:00:01;22.04;1010.74;83.08
2021-06-21T08:00:02;25.21;1010.38;75.67
2021-06-21T09:00:01;28.64;1010.05;65.78
2021-06-21T10:00:01;31.05;1009.86;59.21
2021-06-21T11:00:01;31.48;1009.60;46.82
2021-06-21T12:00:02;33.91;1009.35;48.83
2021-06-21T13:00:01;40.92;1008.95;33.46
2021-06-21T14:00:01;41.42;1008.40;32.66
2021-06-21T15:00:01;39.10;1007.77;33.17
2021-06-21T16:00:01;44.25;1007.57;27.02
2021-06-21T17:00:01;46.34;1007.50;22.17
2021-06-21T18:00:01;48.74;1007.46;20.93
2021-06-21T19:00:01;32.12;1007.55;44.71
2021-06-21T20:00:01;27.99;1007.81;59.42
2021-06-21T21:00:01;23.57;1007.81;70.15
2021-06-21T22:00:02;21.30;1008.21;79.15
2021-06-21T23:00:01;21.40;1008.25;75.29
2021-06-22T00:00:01;18.84;1008.10;83.17
2021-06-22T01:00:01;17.81;1008.17;86.92
2021-06-22T02:00:01;17.10;1007.96;89.75
2021-06-22T03:00:02;16.47;1007.79;91.76
2021-06-22T04:00:01;16.05;1007.88;93.31
2021-06-22T05:00:01;16.59;1008.08;94.34
2021-06-22T06:00:01;19.71;1008.56;91.97
2021-06-22T07:00:02;21.74;1008.42;80.57
2021-06-22T08:00:01;24.93;1008.32;73.38
2021-06-22T09:00:01;27.25;1009.12;60.56
2021-06-22T10:00:01;30.20;1008.82;53.51
2021-06-22T11:00:01;29.17;1009.22;53.47
2021-06-22T12:00:01;32.08;1009.92;47.61
2021-06-22T13:00:01;34.94;1010.18;38.58
2021-06-22T14:00:02;26.63;1010.17;57.67
2021-06-22T15:00:01;22.47;1010.93;73.87
2021-06-22T16:00:02;23.39;1011.68;75.71
2021-06-22T17:00:01;25.36;1011.80;68.49
2021-06-22T18:00:01;24.36;1012.17;66.43
2021-06-22T19:00:02;21.91;1012.94;68.53
2021-06-22T20:00:01;20.27;1013.26;71.83
2021-06-22T21:00:01;19.00;1013.78;76.95
2021-06-22T22:00:02;18.28;1014.83;81.83
2021-06-22T23:00:01;17.51;1015.44;88.46
2021-06-23T00:00:02;16.91;1014.90;91.84
2021-06-23T01:00:01;16.03;1015.50;93.04
2021-06-23T02:00:01;15.30;1015.09;94.08
2021-06-23T03:00:01;15.36;1015.31;94.33
2021-06-23T04:00:01;15.11;1015.38;94.60
2021-06-23T05:00:02;15.60;1016.31;95.48
2021-06-23T06:00:01;15.99;1016.74;95.65
2021-06-23T07:00:01;17.26;1017.08;93.55
2021-06-23T09:00:01;22.03;1018.19;63.73
2021-06-23T10:00:02;24.14;1018.42;55.76
2021-06-23T11:00:01;25.08;1018.57;57.79
2021-06-23T12:00:02;26.76;1018.54;55.09
2021-06-23T13:00:01;34.69;1018.64;41.38
2021-06-23T14:00:01;32.82;1019.06;43.87
2021-06-23T15:00:01;29.35;1019.13;46.23
2021-06-23T16:00:01;34.53;1019.25;38.58
2021-06-23T17:00:01;39.11;1019.66;29.60
2021-06-23T18:00:02;25.69;1020.11;51.51
2021-06-23T19:00:01;22.81;1019.98;61.32
2021-06-23T20:00:01;19.12;1020.04;72.45
2021-06-23T21:00:01;18.31;1020.47;77.73
2021-06-23T22:00:01;17.44;1020.41;82.58
2021-06-23T23:00:01;15.76;1020.28;87.94
2021-06-24T00:00:01;15.54;1020.43;91.14
2021-06-24T01:00:02;16.35;1020.16;91.70
2021-06-24T02:00:01;15.44;1020.52;92.02
2021-06-24T03:00:01;16.14;1020.06;92.40
2021-06-24T04:00:01;16.20;1020.11;91.56
2021-06-24T05:00:01;16.57;1019.68;91.67
2021-06-24T06:00:01;16.90;1019.72;90.01
2021-06-24T07:00:01;19.54;1019.19;81.93
2021-06-24T09:00:02;24.03;1018.85;62.29
2021-06-24T10:00:02;24.42;1018.12;62.87
2021-06-24T11:00:01;24.54;1018.27;63.46
2021-06-24T12:00:01;24.81;1017.99;58.05
2021-06-24T13:00:01;29.29;1017.91;47.69
2021-06-24T14:00:01;31.06;1017.72;40.56
2021-06-24T15:00:01;26.92;1017.30;50.50
2021-06-24T16:00:01;24.53;1016.79;57.81
2021-06-24T17:00:01;20.07;1016.54;73.87
2021-06-24T18:00:02;21.55;1015.92;73.54
2021-06-24T19:00:02;22.37;1015.42;73.21
2021-06-24T20:00:01;18.93;1015.69;77.97
2021-06-24T21:00:01;18.24;1015.96;81.97
2021-06-24T23:00:02;17.91;1015.97;85.77
2021-06-25T00:00:01;17.63;1015.76;86.22
2021-06-25T01:00:01;16.58;1015.18;89.13
2021-06-25T03:00:02;15.57;1015.83;88.86
2021-06-25T04:00:01;15.00;1015.22;90.92
2021-06-25T05:00:01;15.22;1015.25;91.74
2021-06-25T06:00:01;16.10;1015.07;89.83
2021-06-25T07:00:01;18.35;1014.55;82.56
2021-06-25T08:00:01;19.56;1014.96;74.69
2021-06-25T09:00:01;22.00;1015.54;62.07
2021-06-25T10:00:02;25.54;1015.57;54.50
2021-06-25T12:00:02;23.46;1015.87;63.19
2021-06-25T13:00:01;26.01;1016.07;57.72
2021-06-25T14:00:01;25.93;1015.95;55.28
2021-06-25T15:00:01;26.34;1016.14;57.38
2021-06-25T16:00:01;26.72;1016.21;52.93
2021-06-25T17:00:01;24.53;1016.28;56.60
2021-06-25T18:00:01;21.10;1016.27;57.97
2021-06-25T19:00:01;23.54;1016.15;53.71
2021-06-25T20:00:01;20.26;1016.49;61.51
2021-06-25T21:00:01;17.34;1016.87;74.54
2021-06-26T01:00:02;12.61;1017.83;91.26
2021-06-26T02:00:01;11.84;1018.03;92.92
2021-06-26T03:00:02;11.16;1017.93;94.09
2021-06-26T04:00:01;11.49;1018.08;95.31
2021-06-26T05:00:01;13.77;1018.28;96.02
2021-06-26T06:00:01;16.61;1018.37;87.33
2021-06-26T07:00:02;17.65;1018.16;77.45
2021-06-26T18:00:01;20.96;1017.50;60.18
2021-06-26T19:00:01;19.13;1017.22;65.87
2021-06-26T20:00:02;18.70;1017.30;69.35
2021-06-26T21:00:01;17.71;1017.95;72.99
2021-06-26T23:00:01;11.98;1018.51;85.29
2021-06-27T00:00:01;11.17;1018.38;89.38
2021-06-27T01:00:02;10.39;1018.24;91.38
2021-06-27T02:00:02;9.56;1018.07;92.84
2021-06-27T03:00:01;9.39;1018.18;94.10
2021-06-27T04:00:02;9.13;1018.05;94.91
2021-06-27T05:00:01;9.86;1017.86;95.81
2021-06-27T06:00:02;12.68;1017.57;96.44
2021-06-27T07:00:01;16.32;1017.35;89.22
2021-06-27T08:00:01;19.93;1016.82;73.74
2021-06-27T09:00:01;22.86;1017.01;60.70
2021-06-27T10:00:02;24.39;1017.17;56.62
2021-06-27T11:00:01;24.79;1017.12;51.37
2021-06-27T12:00:01;24.35;1017.28;60.57
2021-06-27T13:00:01;25.35;1017.14;51.01
2021-06-27T14:00:01;30.23;1016.90;40.33
2021-06-27T15:00:01;30.04;1016.69;42.15
2021-06-27T16:00:01;37.97;1016.61;29.26
2021-06-27T23:00:02;14.03;1017.18;89.66
2021-06-28T00:00:01;13.37;1017.42;92.17
2021-06-28T01:00:01;13.20;1017.33;93.72
2021-06-28T02:00:01;12.79;1017.36;94.76
2021-06-28T03:00:01;13.02;1017.25;95.50
2021-06-28T04:00:02;11.86;1017.11;96.06
2021-06-28T05:00:01;12.16;1016.95;96.92
2021-06-28T06:00:01;14.79;1016.83;97.37
2021-06-28T07:00:01;17.21;1016.85;89.29
2021-06-28T08:00:02;19.84;1016.99;76.00
2021-06-28T09:00:01;22.89;1017.16;61.84
2021-06-28T10:00:01;23.14;1017.24;57.91
2021-06-28T11:00:01;25.16;1017.13;55.17
2021-06-28T12:00:01;29.80;1016.95;50.51
2021-06-28T13:00:02;36.09;1016.59;37.00
2021-06-28T14:00:01;35.49;1016.33;36.80
2021-06-28T15:00:01;30.84;1016.59;45.83
2021-06-28T16:00:01;36.56;1016.62;35.82
2021-06-28T17:00:01;40.07;1016.31;28.07
2021-06-28T18:00:01;40.89;1016.26;26.70
2021-06-28T20:00:02;20.36;1016.01;69.44
2021-06-28T21:00:01;17.76;1015.79;76.62
2021-06-29T02:00:02;11.86;1015.67;94.62
2021-06-29T03:00:01;11.08;1015.30;95.38
2021-06-29T04:00:01;10.56;1015.14;95.95
2021-06-29T06:00:02;14.12;1014.76;97.27
2021-06-29T07:00:01;17.31;1014.54;91.61
2021-06-29T08:00:01;20.46;1014.39;77.01
2021-06-30T00:00:01;17.93;1010.70;86.89
2021-06-30T01:00:02;17.39;1010.16;89.55
2021-06-30T02:00:01;17.24;1009.78;91.06
2021-06-30T03:00:01;15.85;1009.11;92.59
2021-06-30T04:00:01;14.96;1009.17;94.27
2021-06-30T05:00:01;16.17;1009.10;95.25
2021-07-01T01:00:01;14.09;1007.50;95.70
2021-07-01T03:00:02;13.10;1006.96;97.02
2021-07-01T04:00:01;12.86;1006.82;97.53
2021-07-01T05:00:01;13.23;1006.62;98.32
2021-07-01T06:00:01;15.61;1006.74;98.78
2021-07-01T07:00:02;18.29;1007.02;93.50
2021-07-01T08:00:01;19.72;1007.13;87.26
2021-07-02T00:00:01;16.90;1011.90;81.59
2021-07-02T01:00:02;16.15;1011.55;84.95
2021-07-02T02:00:01;15.77;1011.81;86.61
2021-07-02T03:00:01;15.74;1011.83;88.64
2021-07-02T04:00:01;15.55;1011.58;90.54
2021-07-02T11:00:01;19.65;1012.14;83.68
2021-07-02T12:00:02;21.48;1012.40;76.42
2021-07-02T13:00:01;21.88;1012.27;74.66
2021-07-02T14:00:01;20.33;1012.24;77.27
2021-07-02T15:00:01;18.71;1012.42;82.30
2021-07-02T16:00:01;18.37;1012.43;87.94
2021-07-02T17:00:01;18.45;1012.90;88.35
2021-07-02T19:00:02;16.93;1012.86;91.86
2021-07-02T20:00:01;16.78;1012.81;93.29
2021-07-03T02:00:02;15.42;1012.61;98.05
2021-07-03T03:00:01;15.24;1012.39;98.58
2021-07-03T04:00:01;15.04;1012.40;99.03
2021-07-03T05:00:01;15.67;1012.33;99.65
2021-07-03T06:00:01;16.69;1012.40;99.85
2021-07-03T07:00:02;18.77;1012.39;97.62
2021-07-03T08:00:01;20.69;1012.32;86.49
2021-07-03T09:00:02;23.67;1012.47;76.14
2021-07-03T10:00:01;23.59;1012.54;76.51
2021-07-03T11:00:02;16.17;1012.72;93.24
2021-07-04T00:00:01;15.42;1012.57;94.22
2021-07-04T04:00:01;15.16;1012.68;98.34
2021-07-04T05:00:02;16.10;1012.72;99.05
2021-07-04T06:00:01;16.86;1013.00;98.93
2021-07-04T07:00:01;18.80;1013.04;95.65
2021-07-04T08:00:02;21.30;1012.93;80.09
2021-07-04T09:00:01;21.00;1012.98;77.84
2021-07-04T10:00:01;23.15;1012.89;71.97
2021-07-04T11:00:02;25.44;1012.82;68.47
2021-07-04T12:00:02;25.57;1012.48;67.13
2021-07-04T13:00:01;31.16;1012.17;54.39
2021-07-04T14:00:01;30.29;1011.97;56.48
2021-07-04T15:00:01;29.96;1011.64;57.92
2021-08-12T15:00:01;27.13;1021.42;61.35
2021-08-12T16:00:01;28.88;1021.47;55.51
2021-08-12T17:00:01;30.08;1021.43;56.23
2021-08-12T18:00:01;26.64;1021.82;61.14
2021-08-12T19:00:01;20.12;1021.87;73.60
2021-08-12T20:00:01;17.81;1022.00;81.27
2021-08-12T21:00:01;15.37;1022.25;90.38
2021-08-12T22:00:01;14.12;1022.39;94.23
2021-08-12T23:00:01;13.08;1022.52;95.99
2021-08-13T00:00:02;12.29;1022.34;97.46
2021-08-13T01:00:01;11.67;1022.25;98.54
2021-08-13T02:00:01;11.02;1022.35;99.26
2021-08-13T03:00:02;10.43;1022.32;99.94
2021-08-13T04:00:01;9.95;1022.08;100.00
2021-08-13T05:00:01;9.42;1022.12;100.00
2021-08-13T06:00:01;10.20;1022.19;100.00
2021-08-13T07:00:01;12.06;1022.12;100.00
2021-08-13T08:00:01;15.56;1022.07;100.00
2021-08-13T09:00:02;20.03;1022.11;98.64
2021-08-13T10:00:01;23.03;1022.01;89.66
2021-08-13T11:00:01;24.54;1021.79;80.73
2021-08-13T12:00:01;24.59;1021.54;72.85
2021-08-13T12:44:38;26.38;1021.10;69.34
2021-08-13T13:00:02;26.45;1020.90;65.48
2021-08-13T14:00:01;31.45;1020.64;55.43
2021-08-13T15:00:01;31.06;1020.38;49.20
2021-08-13T16:00:01;33.68;1019.94;44.47
2021-08-13T17:03:33;31.06;1019.57;48.54
2021-08-13T18:00:02;26.56;1019.01;60.22
2021-08-13T19:00:01;23.53;1018.76;69.31
2021-08-13T20:00:01;20.46;1018.68;78.02
2021-08-13T21:00:01;17.79;1018.85;85.67
2021-08-13T22:00:01;16.66;1018.49;89.74
2021-08-13T23:00:02;16.03;1018.13;92.61
2021-08-14T00:00:01;15.53;1017.91;94.27
2021-08-14T01:00:01;15.44;1017.48;96.12
2021-08-14T02:00:01;15.64;1017.08;97.28
2021-08-14T03:00:01;15.79;1016.58;97.70
2021-08-14T04:00:02;15.86;1016.20;97.90
2021-08-14T05:00:01;14.91;1016.68;98.66
2021-08-14T06:00:01;15.61;1017.17;99.42
2021-08-14T07:00:01;17.34;1017.50;98.61
2021-08-14T08:00:01;18.94;1017.63;90.62
2021-08-14T09:00:02;20.82;1017.91;79.07
2021-08-14T10:00:01;22.49;1018.14;73.82
2021-08-14T11:00:01;23.49;1018.11;70.91
2021-08-14T12:00:01;23.83;1018.35;62.69
2021-08-14T13:00:01;24.85;1018.38;60.89
2021-08-14T14:00:02;25.30;1018.11;57.09
2021-08-14T15:00:01;27.35;1017.90;55.09
2021-08-14T16:00:01;24.07;1017.40;58.32
2021-08-14T17:00:02;23.71;1017.19;57.70
2021-08-14T18:00:01;24.01;1016.64;55.25
2021-08-14T19:00:01;20.60;1016.31;70.58
2021-08-14T20:00:02;18.51;1015.98;79.99
2021-08-14T21:00:01;16.56;1015.73;86.47
2021-08-14T22:00:01;15.47;1015.17;91.41
2021-08-14T23:00:01;15.53;1014.98;93.55
2021-08-15T00:00:01;15.07;1014.53;93.83
2021-08-15T01:00:01;14.89;1014.09;95.40
2021-08-15T02:00:01;14.96;1014.03;96.59
2021-08-15T03:00:01;15.94;1014.09;95.03
2021-08-15T04:00:01;15.11;1013.88;94.83
2021-08-15T05:00:01;14.87;1013.44;96.69
2021-08-15T06:00:01;14.86;1013.36;98.14
2021-08-15T07:00:02;16.15;1013.15;97.60
2021-08-15T08:00:01;18.54;1013.14;88.50
2021-08-15T09:00:01;20.05;1013.15;77.19
2021-08-15T10:00:02;19.30;1012.92;68.95
2021-08-15T11:00:01;21.68;1012.81;61.56
2021-08-15T12:00:01;23.28;1012.87;54.09
2021-08-15T13:00:01;24.38;1012.86;50.07
2021-08-15T14:00:02;26.94;1012.82;47.81
2021-08-15T15:00:01;25.42;1012.84;48.42
2021-08-15T16:00:01;23.05;1012.76;55.37
2021-08-15T17:00:01;32.22;1012.47;37.58
2021-08-15T18:00:01;23.46;1012.35;54.54
2021-08-15T19:00:02;21.26;1012.01;57.83
2021-08-15T20:00:01;18.07;1012.25;69.82
2021-08-15T21:00:01;15.24;1012.34;83.97
2021-08-15T22:00:01;14.10;1012.09;89.84
2021-08-15T23:00:01;13.06;1011.80;92.87
2021-08-16T00:00:02;12.59;1011.39;94.87
2021-08-16T01:00:01;12.37;1010.73;96.42
2021-08-16T02:00:01;12.16;1010.25;97.51
2021-08-16T03:00:01;12.82;1009.57;98.61
2021-08-16T04:00:01;12.34;1008.67;99.40
2021-08-16T05:00:02;12.00;1008.09;100.00
2021-08-16T06:00:01;12.08;1007.79;100.00
2021-08-16T07:00:01;13.57;1007.31;100.00
2021-08-16T08:00:01;17.43;1006.88;100.00
2021-08-16T09:00:01;21.26;1006.24;92.13
2021-08-16T10:00:01;24.58;1005.58;75.64
2021-08-16T11:00:01;25.76;1005.04;71.50
2021-08-16T12:00:01;24.42;1004.51;60.44
2021-08-16T13:00:02;28.44;1004.00;53.60
2021-08-16T14:00:01;29.66;1003.38;42.86
2021-08-16T15:00:01;23.85;1004.76;54.86
2021-08-16T16:00:01;31.25;1003.78;50.73
2021-08-16T17:00:01;23.88;1004.02;60.72
2021-08-16T18:00:01;27.20;1004.50;57.80
2021-08-16T19:00:01;20.85;1004.72;70.99
2021-08-16T20:00:01;18.13;1005.11;82.08
2021-08-16T21:00:01;16.56;1005.63;88.84
2021-08-16T22:00:02;15.21;1005.64;93.18
2021-08-16T23:00:01;14.24;1005.74;96.13
2021-08-17T00:00:01;15.22;1006.15;98.12
2021-08-17T01:00:01;15.36;1005.87;96.75
2021-08-17T02:00:01;15.07;1005.72;94.60
2021-08-17T03:00:01;14.64;1005.69;89.61
2021-08-17T04:00:02;13.98;1005.78;91.90
2021-08-17T05:00:01;12.65;1005.85;91.21
2021-08-17T06:00:01;12.34;1005.86;93.85
2021-08-17T07:00:01;12.74;1005.87;95.91
2021-08-17T08:00:01;13.58;1005.79;96.09
2021-08-17T09:00:02;14.86;1005.23;81.40
2021-08-17T10:00:01;17.42;1005.07;72.28
2021-08-17T11:00:01;17.22;1004.80;65.76
2021-08-17T12:00:02;19.25;1004.65;59.19
2021-08-17T13:00:01;19.89;1004.63;53.67
2021-08-17T14:00:01;20.66;1004.87;52.93
2021-08-17T15:00:01;21.00;1004.93;57.54
2021-08-17T16:00:01;25.24;1004.65;47.22
2021-08-17T17:00:01;22.89;1004.94;48.69
2021-08-17T18:00:02;17.94;1005.21;66.15
2021-08-17T19:00:01;16.45;1005.42;73.82
2021-08-17T20:00:01;15.51;1005.22;76.55
2021-08-17T21:00:02;14.17;1005.75;79.74
2021-08-17T22:00:01;13.52;1005.78;81.63
2021-08-17T23:00:02;13.16;1005.30;84.35
2021-08-18T00:00:02;13.87;1005.32;83.88
2021-08-18T01:00:01;13.86;1005.00;84.14
2021-08-18T02:00:01;13.67;1004.99;84.59
2021-08-18T03:00:01;13.31;1004.80;86.58
2021-08-18T04:00:02;12.52;1005.20;87.52
2021-08-18T05:00:01;12.90;1005.08;90.44
2021-08-18T06:00:01;13.33;1005.12;89.86
2021-08-18T07:00:01;14.60;1005.44;83.24
2021-08-18T08:00:01;14.28;1005.72;82.67
2021-08-18T09:00:01;15.03;1005.98;80.30
2021-08-18T10:00:01;15.86;1006.60;76.18
2021-08-18T11:00:01;16.39;1007.29;73.11
2021-08-18T12:00:01;18.18;1007.47;66.92
2021-08-18T13:00:01;22.35;1007.05;56.38
2021-08-18T14:00:01;23.03;1007.47;48.36
2021-08-18T15:00:02;21.61;1007.29;49.64
2021-08-18T16:00:01;21.05;1007.12;52.75
2021-08-18T17:00:02;19.39;1007.18;56.55
2021-08-18T18:00:01;18.08;1007.06;60.22
2021-08-18T19:00:01;17.03;1006.98;65.17
2021-08-18T20:00:01;15.72;1006.85;70.60
2021-08-18T21:00:01;15.54;1006.93;74.39
2021-08-18T22:00:01;13.90;1006.87;83.46
2021-08-18T23:00:01;14.07;1006.63;86.97
2021-08-19T00:00:01;14.17;1006.54;88.23
2021-08-19T01:00:02;13.62;1006.42;90.64
2021-08-19T02:00:01;13.42;1006.25;92.66
2021-08-19T03:00:01;13.73;1006.08;93.59
2021-08-19T04:00:01;13.95;1005.69;94.60
2021-08-19T05:00:01;14.03;1005.34;94.74
2021-08-19T06:00:02;14.17;1005.36;94.96
2021-08-19T07:00:02;14.94;1005.63;93.36
2021-08-19T08:00:01;15.54;1005.81;89.29
2021-08-19T09:00:01;18.14;1006.09;89.17
2021-08-19T10:00:02;18.12;1006.27;81.37
2021-08-19T11:00:01;20.38;1006.44;74.98
2021-08-19T12:00:01;18.73;1007.60;77.45
2021-08-19T13:00:02;23.98;1007.58;64.48
2021-08-19T14:00:01;22.65;1008.35;54.63
2021-08-19T15:00:01;22.09;1008.67;59.67
2021-08-19T16:00:01;25.67;1008.93;49.97
2021-08-19T17:00:02;26.25;1009.39;49.01
2021-08-19T18:00:01;16.95;1010.02;72.92
2021-08-19T19:00:02;18.69;1010.32;64.97
2021-08-19T20:00:01;15.30;1010.73;76.97
2021-08-19T21:00:01;12.89;1011.35;86.27
2021-08-19T22:00:02;13.79;1011.66;88.19
2021-08-19T23:00:01;12.26;1011.89;90.99
2021-08-20T00:00:01;13.19;1012.17;93.30
2021-08-20T01:00:02;13.14;1012.03;93.70
2021-08-20T02:00:01;11.94;1012.23;94.79
2021-08-20T03:00:01;12.24;1012.26;96.32
2021-08-20T04:00:01;11.63;1012.40;97.77
2021-08-20T05:00:01;11.23;1012.48;98.68
2021-08-20T06:00:01;12.09;1012.67;99.61
2021-08-20T07:00:01;13.58;1012.90;100.00
2021-08-20T08:00:01;14.27;1013.14;99.82
2021-08-20T09:00:01;15.58;1013.68;96.90
2021-08-20T10:00:01;19.60;1013.91;85.12
2021-08-20T11:00:01;21.36;1014.05;66.34
2021-08-20T12:00:01;22.77;1014.13;58.30
2021-08-20T13:00:02;23.81;1014.25;60.27
2021-08-20T14:00:01;20.43;1014.31;63.48
2021-08-20T15:00:01;19.61;1014.50;68.41
2021-08-20T16:00:01;17.58;1014.81;72.06
2021-08-20T17:00:02;17.04;1014.68;80.46
2021-08-20T18:00:01;17.93;1015.14;85.46
2021-08-20T19:00:02;15.49;1015.13;82.46
2021-08-20T20:00:01;14.68;1015.65;88.01
2021-08-20T21:00:01;14.06;1016.09;91.95
2021-08-20T22:00:02;13.25;1016.36;94.45
2021-08-20T23:00:01;13.25;1016.50;96.31
2021-08-21T00:00:01;13.17;1016.56;97.42
2021-08-21T01:00:01;13.24;1016.76;97.94
2021-08-21T02:00:01;13.21;1016.93;98.05
2021-08-21T03:00:01;13.08;1016.97;97.90
2021-08-21T04:00:01;12.69;1016.91;98.73
2021-08-21T05:00:01;12.36;1016.78;99.30
2021-08-21T06:00:01;12.49;1016.89;99.89
2021-08-21T07:00:01;13.37;1017.43;100.00
2021-08-21T08:00:02;15.65;1017.69;98.08
2021-08-21T09:00:01;18.69;1017.89;88.61
2021-08-21T10:00:01;18.68;1018.27;77.99
2021-08-21T11:00:01;21.95;1018.44;66.46
2021-08-21T12:00:01;19.77;1018.73;62.71
2021-08-21T13:00:01;24.11;1018.97;54.43
2021-08-21T14:00:01;20.99;1019.20;59.38
2021-08-21T15:00:01;22.71;1019.31;60.58
2021-08-21T16:00:01;24.45;1019.16;54.56
2021-08-21T17:00:01;20.68;1019.23;61.22
2021-08-21T18:00:01;20.82;1019.14;65.51
2021-08-21T19:00:02;18.52;1019.24;69.67
2021-08-21T20:00:01;15.10;1019.82;79.70
2021-08-21T21:00:01;12.51;1020.13;86.90
2021-08-21T22:00:01;11.15;1020.29;91.78
2021-08-21T23:00:01;10.15;1020.41;94.42
2021-08-22T00:00:01;10.11;1020.46;96.61
2021-08-22T01:00:01;11.06;1020.32;97.53
2021-08-22T02:00:01;10.61;1020.27;98.40
2021-08-22T03:00:01;9.90;1020.14;98.93
2021-08-22T04:00:02;9.31;1020.02;99.75
2021-08-22T05:00:01;8.88;1019.82;100.00
2021-08-22T06:00:01;9.31;1020.01;100.00
2021-08-22T07:00:01;10.50;1019.92;100.00
2021-08-22T08:00:01;13.68;1020.06;100.00
2021-08-22T09:00:01;17.50;1020.02;93.98
2021-08-22T10:00:01;19.97;1019.70;80.08
2021-08-22T11:00:01;22.34;1019.86;70.06
2021-08-22T12:00:02;18.76;1019.86;73.10
2021-08-22T13:00:02;25.57;1019.65;56.15
2021-08-22T14:00:01;29.14;1019.69;44.23
2021-08-22T15:00:01;27.36;1019.53;47.83
2021-08-22T16:00:01;29.48;1019.47;43.21
2021-08-22T17:00:02;29.39;1019.46;43.67
2021-08-22T18:00:01;25.07;1019.45;51.43
2021-08-22T19:00:01;17.98;1019.58;64.91
2021-08-22T20:00:01;14.72;1019.98;77.67
2021-08-22T21:00:02;13.44;1020.43;85.49
2021-08-22T22:00:01;13.21;1020.63;89.57
2021-08-22T23:00:01;12.88;1020.85;92.74
2021-08-23T00:00:01;12.26;1021.08;95.16
2021-08-23T01:00:01;12.96;1021.10;95.87
2021-08-23T02:00:01;12.96;1021.13;94.97
2021-08-23T03:00:02;13.29;1021.09;92.54
2021-08-23T04:00:01;13.36;1020.71;88.27
2021-08-23T05:00:01;13.55;1020.82;85.78
2021-08-23T06:00:02;13.73;1021.26;82.69
2021-08-23T07:00:01;14.94;1021.39;82.17
2021-08-23T08:00:01;14.86;1021.13;79.56
2021-08-23T09:00:01;15.88;1021.93;76.47
2021-08-23T10:00:02;20.00;1022.03;68.35
2021-08-23T11:00:01;18.95;1022.39;67.63
2021-08-23T12:00:01;19.02;1022.51;63.54
2021-08-23T13:00:01;22.36;1022.59;56.65
2021-08-23T14:00:01;22.64;1022.55;53.95
2021-08-23T15:00:01;24.36;1022.32;50.12
2021-08-23T16:00:01;24.54;1022.42;47.37
2021-08-23T17:00:01;26.12;1022.72;45.66
2021-08-23T18:00:01;21.73;1022.77;54.38
2021-08-23T19:00:01;16.77;1022.99;69.47
2021-08-23T20:00:02;14.86;1023.38;76.10
2021-08-23T21:00:01;14.88;1023.95;82.06
2021-08-23T22:00:02;14.69;1024.05;85.01
2021-08-23T23:00:01;14.50;1024.48;87.15
2021-08-24T00:00:01;14.38;1024.56;86.23
2021-08-24T01:00:01;14.15;1024.45;86.94
2021-08-24T02:00:01;14.50;1024.63;84.55
2021-08-24T03:00:02;14.32;1024.80;82.92
2021-08-24T04:00:01;14.27;1024.93;82.42
2021-08-24T05:00:01;13.99;1024.94;82.30
2021-08-24T06:00:02;14.00;1025.14;83.47
2021-08-24T07:00:01;14.83;1025.40;79.90
2021-08-24T08:00:01;16.28;1025.55;72.79
2021-08-24T09:00:01;16.11;1025.96;72.12
2021-08-24T10:00:01;18.35;1026.44;62.90
2021-08-24T11:00:01;19.19;1026.80;61.02
2021-08-24T12:00:01;19.04;1026.76;60.80
2021-08-24T13:00:02;23.15;1026.69;49.51
2021-08-24T14:00:01;25.79;1026.57;44.13
2021-08-24T15:00:01;22.66;1026.59;49.34
2021-08-24T16:00:01;18.19;1026.85;61.85
2021-08-24T17:00:02;19.63;1026.58;52.71
2021-08-24T18:00:01;16.46;1026.57;61.85
2021-08-24T19:00:01;14.87;1026.53;66.62
2021-08-24T20:00:01;12.92;1026.47;72.27
2021-08-24T21:00:01;11.89;1026.50;76.90
2021-08-24T22:00:02;11.98;1026.14;81.05
2021-08-24T23:00:01;12.97;1025.51;78.84
2021-08-25T00:00:01;12.09;1025.14;82.46
2021-08-25T01:00:01;10.03;1024.85;88.36
2021-08-25T02:00:02;8.55;1024.34;91.09
2021-08-25T03:00:01;8.09;1023.67;93.10
2021-08-25T04:00:01;7.98;1022.97;94.56
2021-08-25T05:00:01;7.64;1022.26;95.76
2021-08-25T06:00:01;7.33;1021.53;96.51
2021-08-25T07:00:01;9.43;1020.85;97.37
2021-08-25T08:00:01;12.99;1019.84;94.73
2021-08-25T09:00:01;15.54;1018.64;75.03
2021-08-25T10:00:02;17.97;1017.51;62.18
2021-08-25T11:00:01;20.19;1016.51;55.41
2021-08-25T12:00:01;19.91;1015.52;53.36
2021-08-25T13:00:01;17.47;1014.36;55.92
2021-08-25T14:00:01;17.17;1013.05;55.89
2021-08-25T15:00:01;16.59;1011.67;58.84
2021-08-25T16:00:01;18.15;1010.69;55.16
2021-08-25T17:00:01;17.35;1009.79;55.13
2021-08-25T18:00:01;16.05;1008.72;61.51
2021-08-25T19:00:01;13.89;1008.04;72.40
2021-08-25T20:00:01;12.95;1007.06;81.65
2021-08-25T21:00:02;12.51;1005.88;87.52
2021-08-25T22:00:01;12.60;1004.98;91.39
2021-08-25T23:00:02;12.76;1003.99;93.84
2021-08-26T00:00:01;12.81;1003.30;95.64
2021-08-26T01:00:01;12.88;1002.60;97.06
2021-08-26T02:00:01;13.07;1002.29;98.31
2021-08-26T03:00:01;12.99;1002.30;99.05
2021-08-26T04:00:01;12.82;1002.58;99.76
2021-08-26T05:00:01;12.12;1002.54;100.00
2021-08-26T06:00:01;11.21;1002.65;100.00
2021-08-26T07:00:01;11.63;1002.78;100.00
2021-08-26T08:00:02;14.56;1002.79;100.00
2021-08-26T09:00:01;16.32;1003.06;90.51
2021-08-26T10:00:01;20.42;1003.20;79.07
2021-08-26T11:00:01;19.09;1003.41;72.83
2021-08-26T12:00:01;16.84;1004.10;68.08
2021-08-26T13:00:01;16.51;1004.50;75.19
2021-08-26T14:00:01;19.80;1004.65;63.35
2021-08-26T15:00:02;20.23;1004.94;67.09
2021-08-26T16:00:01;17.93;1005.07;66.60
2021-08-26T17:00:01;18.50;1005.24;66.87
2021-08-26T18:00:02;19.18;1005.73;62.26
2021-08-26T19:00:01;14.79;1006.14;76.17
2021-08-26T20:00:01;13.15;1006.80;84.99
2021-08-26T21:00:01;12.31;1007.33;89.65
2021-08-26T22:00:02;12.17;1007.86;92.36
2021-08-26T23:00:01;11.92;1008.10;94.45
2021-08-27T00:00:01;11.62;1008.41;96.09
2021-08-27T01:00:02;11.15;1008.54;97.38
2021-08-27T02:00:01;11.27;1008.78;98.83
2021-08-27T03:00:01;11.28;1008.90;99.95
2021-08-27T04:00:01;11.25;1009.47;100.00
2021-08-27T05:00:01;11.21;1009.52;100.00
2021-08-27T06:00:02;11.41;1009.90;100.00
2021-08-27T07:00:01;12.24;1010.01;100.00
2021-08-27T08:00:01;13.92;1010.20;100.00
2021-08-27T09:00:01;16.52;1010.49;100.00
2021-08-27T10:00:01;17.53;1010.76;93.96
2021-08-27T11:00:02;16.85;1011.19;90.40
2021-08-27T12:00:01;17.03;1011.46;92.30
2021-08-27T13:43:27;20.34;1011.54;72.85
2021-08-27T14:00:02;17.87;1011.61;75.45
2021-08-27T15:00:01;16.74;1011.92;85.17
2021-08-27T16:00:01;20.82;1012.10;73.31
2021-08-27T17:00:01;17.40;1012.21;82.44
2021-08-27T18:00:01;16.75;1012.56;86.78
2021-08-27T19:00:02;18.09;1012.68;82.73
2021-08-27T20:00:01;14.41;1013.10;89.53
2021-08-27T21:00:01;13.10;1013.58;93.45
2021-08-27T22:00:01;11.56;1013.69;96.10
2021-08-27T23:00:01;10.70;1013.76;97.52
2021-08-28T00:00:02;10.39;1013.94;98.88
2021-08-28T01:00:02;10.42;1014.04;99.89
2021-08-28T02:00:01;10.21;1013.96;100.00
2021-08-28T03:00:01;9.10;1013.80;100.00
2021-08-28T04:00:01;9.04;1013.82;100.00
2021-08-28T05:00:01;8.69;1013.65;100.00
2021-08-28T06:00:01;8.28;1013.53;100.00
2021-08-28T07:00:02;9.79;1013.76;100.00
2021-08-28T08:00:01;13.16;1013.67;100.00
2021-08-28T08:26:47;14.38;1013.83;100.00
2021-08-28T09:00:02;15.79;1013.63;100.00
2021-08-28T10:00:01;18.09;1013.71;95.74
2021-08-28T11:00:01;19.77;1013.83;87.92
2021-08-28T12:00:01;21.14;1013.38;80.50
2021-08-28T13:00:01;17.94;1013.54;84.79
2021-08-28T14:00:01;14.92;1013.89;91.04
2021-08-28T15:00:01;17.67;1013.78;93.57
2021-08-28T16:00:01;21.43;1013.40;82.91
2021-08-28T17:00:01;22.13;1013.59;73.63
2021-08-28T18:00:01;19.07;1013.56;80.41
2021-08-28T19:00:02;16.58;1013.31;86.58
2021-08-28T20:00:01;13.95;1013.46;91.64
2021-08-28T21:00:01;12.89;1013.81;95.13
2021-08-28T22:00:01;11.73;1013.79;97.58
2021-08-28T23:00:01;11.26;1013.90;98.95
2021-08-29T00:00:02;11.50;1014.24;100.00
2021-08-29T01:00:01;11.32;1013.84;100.00
2021-08-29T02:00:01;11.57;1013.62;100.00
2021-08-29T03:00:01;11.74;1013.36;100.00
2021-08-29T04:00:01;11.81;1012.93;100.00
2021-08-29T05:00:01;11.95;1013.02;100.00
2021-08-29T06:00:01;12.63;1013.27;100.00
2021-08-29T07:00:02;13.06;1013.15;100.00
2021-08-29T08:00:01;14.19;1012.63;100.00
2021-08-29T09:00:01;14.39;1012.37;100.00
2021-08-29T10:00:01;14.44;1012.12;100.00
2021-08-29T11:00:01;15.47;1012.24;100.00
2021-08-29T12:00:01;17.09;1012.56;100.00
2021-08-29T13:00:01;19.94;1012.88;88.06
2021-08-29T14:00:01;19.89;1013.03;79.82
2021-08-29T15:00:01;16.92;1013.22;83.38
2021-08-29T16:00:01;16.44;1013.35;85.42
2021-08-29T17:00:02;17.01;1013.46;84.01
2021-08-29T18:00:01;16.64;1013.54;83.83
2021-08-29T19:00:01;15.25;1013.70;87.49
2021-08-29T20:00:01;14.87;1013.73;90.09
2021-08-29T21:00:01;14.87;1014.04;93.08
2021-08-29T22:00:01;14.88;1013.96;94.22
2021-08-29T23:00:01;15.04;1013.86;95.40
2021-08-30T00:00:02;14.41;1014.00;96.50
2021-08-30T01:00:01;13.50;1013.93;97.72
2021-08-30T02:00:01;12.90;1013.80;99.18
2021-08-30T03:00:02;12.65;1013.71;100.00
2021-08-30T04:00:01;12.41;1013.71;100.00
2021-08-30T05:00:01;12.15;1013.48;100.00
2021-08-30T06:00:01;12.64;1013.62;100.00
2021-08-30T07:00:01;13.29;1013.66;100.00
2021-08-30T08:00:01;14.85;1013.65;100.00
2021-08-30T09:00:01;16.48;1013.40;100.00
2021-08-30T10:00:02;17.42;1013.51;98.87
2021-08-30T11:00:01;18.80;1013.73;82.46
2021-08-30T12:00:01;20.99;1013.67;74.89
2021-08-30T13:00:02;22.34;1013.64;71.27
2021-08-30T14:00:01;24.93;1013.65;69.03
2021-08-30T15:00:01;23.49;1013.66;70.14
2021-08-30T16:00:01;22.48;1013.65;69.81
2021-08-30T17:00:01;17.95;1013.83;83.09
2021-08-30T18:00:02;16.18;1013.92;87.68
2021-08-30T19:00:01;15.64;1013.61;91.15
2021-08-30T20:00:02;15.35;1013.78;92.91
2021-08-30T21:00:01;15.46;1013.87;94.06
2021-08-30T22:00:01;15.53;1013.53;95.38
2021-08-30T23:00:01;15.83;1013.10;96.09
2021-08-31T00:00:01;15.47;1012.91;97.11
2021-08-31T01:00:02;15.54;1012.77;98.32
2021-08-31T02:00:01;15.16;1012.88;99.10
2021-08-31T03:00:01;15.21;1013.06;100.00
2021-08-31T04:00:01;14.89;1012.97;100.00
2021-08-31T05:00:01;14.90;1012.70;100.00
2021-08-31T06:00:01;14.86;1012.63;100.00
2021-08-31T07:00:01;14.98;1012.86;100.00
2021-08-31T08:00:01;15.81;1012.93;100.00
2021-08-31T09:00:01;16.25;1013.05;95.37
2021-08-31T10:00:01;16.14;1013.21;93.65
2021-08-31T11:00:01;16.98;1013.39;89.18
2021-08-31T12:00:02;19.62;1013.68;80.73
2021-08-31T13:00:02;19.87;1013.91;72.08
2021-08-31T14:00:01;19.00;1014.44;71.97
2021-08-31T15:00:01;17.96;1014.47;77.01
2021-08-31T16:00:02;17.87;1014.62;72.11
2021-08-31T17:00:01;16.86;1014.69;72.76
2021-08-31T18:00:01;15.91;1014.86;79.72
2021-08-31T19:00:01;15.28;1015.04;82.66
2021-08-31T20:00:01;14.78;1015.66;83.26
2021-08-31T21:00:01;14.73;1016.11;83.21
2021-08-31T22:00:01;14.35;1016.36;84.33
2021-08-31T23:00:01;13.86;1016.53;86.16
2021-09-01T00:00:01;14.43;1017.08;86.57
2021-09-01T01:00:01;14.44;1017.48;87.54
2021-09-01T02:00:01;13.89;1017.46;88.44
2021-09-01T03:00:01;13.73;1017.91;89.36
2021-09-01T04:00:02;13.18;1018.07;90.55
2021-09-01T05:00:01;13.23;1018.30;90.79
2021-09-01T06:00:01;13.66;1018.68;89.64
2021-09-01T07:00:01;13.45;1019.16;89.96
2021-09-01T08:00:01;14.96;1019.49;83.97
2021-09-01T09:00:02;16.85;1019.71;74.59
2021-09-01T10:00:01;17.37;1020.40;75.05
2021-09-01T11:00:01;18.33;1020.75;69.52
2021-09-01T12:00:01;18.87;1020.90;65.25
2021-09-01T13:00:02;23.80;1020.70;56.24
2021-09-01T14:00:01;26.30;1021.09;49.09
2021-09-01T15:00:01;22.67;1021.10;53.61
2021-09-01T16:00:01;18.97;1021.04;67.81
2021-09-01T17:00:01;17.62;1021.13;67.46
2021-09-01T18:00:02;15.84;1021.12;77.42
2021-09-01T19:00:01;14.46;1021.26;79.35
2021-09-01T20:00:01;12.58;1021.75;82.19
2021-09-01T21:00:01;11.75;1022.00;85.75
2021-09-01T22:00:02;10.68;1022.02;89.81
2021-09-01T23:00:01;9.98;1022.36;92.58
2021-09-02T00:00:01;9.38;1022.44;94.46
2021-09-02T01:00:01;9.76;1022.41;96.07
2021-09-02T02:00:01;10.46;1021.77;97.53
2021-09-02T03:00:01;11.49;1021.67;97.76
2021-09-02T04:00:02;12.01;1021.41;97.19
2021-09-02T05:00:01;12.31;1021.34;97.33
2021-09-02T06:00:01;11.61;1021.57;97.82
2021-09-02T07:00:01;12.12;1021.72;98.24
2021-09-02T08:00:01;14.45;1022.27;98.03
2021-09-02T09:00:01;16.25;1022.39;82.98
2021-09-02T10:00:01;17.07;1023.40;64.14
2021-09-02T11:00:01;17.19;1023.58;64.68
2021-09-02T12:00:01;16.60;1023.91;62.65
2021-09-02T13:00:01;24.99;1023.97;49.72
2021-09-02T14:00:01;27.48;1024.15;39.72
2021-09-02T15:00:01;24.97;1023.96;47.96
2021-09-02T16:00:02;28.96;1024.07;31.39
2021-09-02T17:00:01;27.02;1023.94;38.55
2021-09-02T18:00:01;23.06;1023.53;44.64
2021-09-02T19:00:01;14.66;1023.52;57.74
2021-09-02T20:00:02;11.04;1023.38;75.69
2021-09-02T21:00:01;9.22;1023.38;85.92
2021-09-02T22:00:01;8.45;1022.88;90.00
2021-09-02T23:00:02;8.83;1022.27;92.13
2021-09-03T00:00:01;9.43;1021.69;93.97
2021-09-03T01:00:02;10.67;1020.97;93.77
2021-09-03T02:00:01;10.92;1020.26;93.27
2021-09-03T03:00:01;11.03;1019.39;92.09
2021-09-03T04:00:01;11.50;1018.61;92.25
2021-09-03T05:00:01;11.89;1017.85;94.37
2021-09-03T06:00:01;11.80;1016.65;96.20
2021-09-03T07:00:01;12.59;1015.99;96.55
2021-09-03T08:00:01;14.66;1015.27;89.30
2021-09-03T09:00:02;16.88;1014.91;79.88
2021-09-03T10:00:01;18.77;1015.08;70.06
2021-09-03T11:00:01;19.24;1015.49;68.33
2021-09-03T12:00:02;18.24;1015.43;72.23
2021-09-03T13:00:01;20.47;1015.77;72.30
2021-09-03T14:00:01;22.03;1015.68;65.50
2021-09-03T15:00:02;20.63;1016.00;64.91
2021-09-03T16:00:01;21.64;1016.27;66.44
2021-09-03T17:00:01;25.93;1016.60;53.83
2021-09-03T18:00:01;22.74;1016.79;55.63
2021-09-03T19:00:01;14.65;1017.08;72.24
2021-09-03T20:00:01;12.58;1017.55;82.46
2021-09-03T21:00:02;11.32;1017.86;88.05
2021-09-03T22:00:01;10.76;1018.21;91.25
2021-09-03T23:00:01;9.69;1018.40;93.35
2021-09-04T00:00:02;8.34;1018.59;94.81
2021-09-04T01:00:01;8.55;1018.85;96.25
2021-09-04T02:00:01;9.45;1018.91;97.35
2021-09-04T03:00:01;9.42;1019.10;98.17
2021-09-04T04:00:01;9.58;1019.29;98.99
2021-09-04T05:00:02;9.89;1019.43;99.80
2021-09-04T06:00:01;9.02;1019.54;100.00
2021-09-04T07:00:01;8.88;1019.78;100.00
2021-09-04T08:00:01;12.08;1020.12;100.00
2021-09-04T09:00:01;15.68;1020.38;96.30
2021-09-04T10:00:02;17.40;1020.57;88.25
2021-09-04T11:00:01;16.97;1020.99;79.80
2021-09-04T12:00:01;18.65;1021.25;78.98
2021-09-04T13:00:01;21.80;1021.29;72.54
2021-09-04T14:00:01;19.13;1021.62;67.61
2021-09-04T15:00:01;17.27;1021.77;77.10
2021-09-04T16:00:01;15.64;1021.92;81.05
2021-09-04T17:00:01;13.92;1022.03;85.19
2021-09-04T18:00:01;13.94;1022.07;88.44
2021-09-04T19:00:02;12.99;1022.28;90.17
2021-09-04T20:00:01;9.65;1022.84;91.97
2021-09-04T21:00:01;7.56;1023.44;93.93
2021-09-04T22:00:01;6.29;1023.88;95.26
2021-09-04T23:00:01;5.54;1024.34;96.28
2021-09-05T00:00:01;5.51;1024.87;97.16
2021-09-05T01:00:01;4.45;1025.14;97.73
2021-09-05T02:00:01;3.98;1025.21;98.36
2021-09-05T03:00:02;3.57;1025.62;98.77
2021-09-05T04:00:01;3.28;1025.96;99.17
2021-09-05T05:00:01;4.91;1026.09;100.00
2021-09-05T06:00:01;5.51;1026.44;100.00
2021-09-05T07:00:01;7.14;1026.95;100.00
2021-09-05T08:00:01;10.32;1027.43;100.00
2021-09-05T09:00:01;11.62;1027.82;100.00
2021-09-05T10:00:01;17.24;1028.18;94.87
2021-09-05T11:00:02;18.21;1028.69;88.86
2021-09-05T12:00:01;17.13;1028.58;86.15
2021-09-05T13:00:01;25.32;1028.30;66.60
2021-09-05T14:00:01;18.74;1028.22;72.81
2021-09-05T15:00:01;27.24;1028.10;54.40
2021-09-05T16:00:01;32.38;1027.89;44.60
2021-09-05T17:00:02;26.96;1027.81;52.67
2021-09-05T18:00:01;21.12;1027.74;59.01
2021-09-05T19:00:01;13.65;1027.87;74.80
2021-09-05T20:00:01;9.96;1028.12;84.42
2021-09-05T21:00:02;8.03;1028.32;88.43
2021-09-05T22:00:01;7.19;1028.54;90.96
2021-09-05T23:00:01;6.58;1028.50;92.76
2021-09-06T00:00:01;5.66;1028.44;93.90
2021-09-06T01:00:01;4.77;1028.51;94.87
2021-09-06T02:00:01;4.26;1028.31;95.68
2021-09-06T03:00:01;3.73;1028.35;96.29
2021-09-06T04:00:02;3.23;1028.37;96.77
2021-09-06T05:00:01;2.83;1028.29;97.26
2021-09-06T06:00:01;2.92;1028.09;97.81
2021-09-06T07:00:02;3.46;1028.03;98.42
2021-09-06T08:00:01;7.59;1028.17;99.69
2021-09-06T09:00:01;12.66;1028.01;99.24
2021-09-06T10:00:01;16.87;1028.02;94.78
2021-09-06T11:00:01;18.97;1027.75;85.95
2021-09-06T12:00:01;17.90;1027.37;76.52
2021-09-06T13:00:02;26.14;1027.23;62.82
2021-09-06T14:00:01;32.73;1026.79;38.94
2021-09-06T15:00:01;30.17;1026.46;46.05
2021-09-06T16:00:01;30.61;1026.20;43.99
2021-09-06T17:00:01;22.72;1026.01;55.60
2021-09-06T18:00:01;18.92;1025.85;64.68
2021-09-06T19:00:01;15.26;1025.60;73.67
2021-09-06T20:00:02;12.34;1025.63;83.67
2021-09-06T21:00:01;11.19;1025.79;88.33
2021-09-06T22:00:01;10.25;1025.91;90.82
2021-09-06T23:00:01;9.02;1025.74;92.64
2021-09-07T00:00:01;8.34;1025.75;94.11
2021-09-07T01:00:01;8.20;1025.80;95.30
2021-09-07T02:00:01;7.67;1025.54;96.11
2021-09-07T03:00:01;6.97;1025.32;96.80
2021-09-07T04:00:01;6.64;1025.29;97.40
2021-09-07T05:00:02;5.80;1025.12;97.81
2021-09-07T06:00:01;5.73;1024.94;98.44
2021-09-07T07:00:01;6.42;1025.22;99.18
2021-09-07T08:00:01;9.56;1025.30;100.00
2021-09-07T09:00:01;14.92;1025.47;98.74
2021-09-07T10:00:02;17.87;1025.59;92.06
2021-09-07T11:00:01;20.03;1025.59;84.15
2021-09-07T12:00:01;18.77;1025.55;74.24
2021-09-07T13:00:01;26.69;1025.18;59.84
2021-09-07T14:00:01;34.00;1024.84;39.83
2021-09-07T15:00:02;30.35;1024.75;45.57
2021-09-07T16:00:01;32.71;1024.50;44.96
2021-09-07T17:00:01;31.06;1024.37;48.61
2021-09-07T18:00:01;23.81;1024.14;58.26
2021-09-07T19:00:01;16.47;1023.95;74.84
2021-09-07T20:00:01;12.64;1024.18;84.97
2021-09-07T21:00:02;10.37;1024.52;88.97
2021-09-07T22:00:01;9.01;1024.27;91.35
2021-09-07T23:00:01;8.17;1024.37;92.94
2021-09-08T00:00:01;7.54;1024.35;94.16
2021-09-08T01:00:01;7.05;1024.34;95.16
2021-09-08T02:00:02;7.08;1024.04;96.05
2021-09-08T03:00:01;7.18;1024.05;96.86
2021-09-08T04:00:01;6.77;1023.86;97.34
2021-09-08T05:00:01;6.91;1023.78;98.00
2021-09-08T06:00:01;6.84;1023.55;98.60
2021-09-08T07:00:01;7.87;1023.51;99.32
2021-09-08T08:00:02;11.17;1023.49;100.00
2021-09-08T09:00:01;16.94;1023.28;98.69
2021-09-08T10:00:01;20.54;1023.28;91.02
2021-09-08T11:00:01;21.86;1023.19;74.12
2021-09-08T12:00:01;20.94;1022.67;61.11
2021-09-08T13:00:01;27.39;1022.16;48.30
2021-09-08T14:00:01;33.26;1021.93;41.19
2021-09-08T15:00:01;31.59;1021.28;41.61
2021-09-08T16:00:01;35.04;1020.65;38.36
2021-09-08T17:00:02;31.96;1020.23;41.79
2021-09-08T18:00:01;27.87;1019.80;50.57
2021-09-08T19:00:01;18.53;1020.13;72.59
2021-09-08T20:00:01;15.25;1020.26;85.90
2021-09-08T21:00:02;13.30;1020.31;90.19
2021-09-08T22:00:01;12.18;1020.28;92.63
2021-09-08T23:00:01;11.36;1020.22;94.26
2021-09-09T00:00:01;10.53;1020.01;95.37
2021-09-09T01:00:02;9.87;1019.92;96.26
2021-09-09T02:00:01;9.36;1019.64;97.00
2021-09-09T03:00:01;9.20;1019.40;97.71
2021-09-09T04:00:01;8.66;1019.28;98.17
2021-09-09T05:00:01;8.55;1018.90;98.74
2021-09-09T06:00:02;7.93;1018.78;99.11
2021-09-09T07:00:01;8.73;1018.70;99.87
2021-09-09T08:00:01;12.20;1018.28;100.00
2021-09-09T09:00:01;17.05;1018.11;99.57
2021-09-09T10:00:02;20.71;1017.91;93.72
2021-09-09T11:00:01;22.95;1017.74;84.91
2021-09-09T12:00:01;21.91;1017.27;72.01
2021-09-09T13:00:02;28.96;1016.80;62.66
2021-09-09T14:00:01;34.40;1016.35;39.70
2021-09-09T15:00:01;33.73;1015.61;42.72
2021-09-09T16:00:01;36.47;1015.18;37.81
2021-09-09T17:00:01;33.96;1014.71;43.07
2021-09-09T18:00:02;29.17;1014.43;53.33
2021-09-09T19:00:01;19.46;1014.41;74.15
2021-09-09T20:00:01;15.38;1014.86;84.55
2021-09-09T21:00:01;13.02;1015.17;88.97
2021-09-09T22:00:01;11.58;1015.20;91.56
2021-09-09T23:00:02;10.54;1015.48;93.36
2021-09-10T00:00:01;9.66;1015.33;94.64
2021-09-10T01:00:02;8.98;1015.21;95.64
2021-09-10T02:00:01;8.39;1015.12;96.53
2021-09-10T03:00:01;8.12;1015.05;97.35
2021-09-10T04:00:01;7.51;1015.05;97.83
2021-09-10T05:00:01;7.06;1014.93;98.30
2021-09-10T06:00:02;6.58;1014.77;98.74
2021-09-10T07:00:01;7.36;1014.85;99.47
2021-09-10T08:00:01;11.02;1015.04;100.00
2021-09-10T09:00:01;16.35;1015.10;99.48
2021-09-10T10:00:01;20.15;1015.32;94.46
2021-09-10T11:00:02;22.15;1015.06;88.70
2021-09-10T12:00:01;21.75;1014.96;81.39
2021-09-10T13:00:02;29.34;1014.54;71.08
2021-09-10T14:00:01;35.84;1014.25;43.94
2021-09-10T15:00:01;33.95;1014.06;41.64
2021-09-10T16:00:01;37.25;1013.78;44.70
2021-09-10T17:00:02;35.23;1013.55;48.95
2021-09-10T18:00:01;29.47;1013.45;60.00
2021-09-10T19:00:01;21.16;1013.60;76.32
2021-09-10T20:00:01;17.76;1013.98;86.15
2021-09-10T21:00:02;15.91;1014.32;90.38
2021-09-10T22:00:01;14.82;1014.56;92.83
2021-09-10T23:00:01;13.75;1014.54;94.57
2021-09-11T00:00:01;13.32;1014.77;95.94
2021-09-11T01:00:01;13.07;1014.75;96.99
2021-09-11T02:00:01;13.03;1014.51;98.09
2021-09-11T03:00:01;12.55;1014.40;98.72
2021-09-11T04:00:01;12.13;1014.52;99.35
2021-09-11T05:00:01;11.95;1014.48;99.97
2021-09-11T06:00:01;11.75;1014.42;100.00
2021-09-11T07:00:01;12.62;1014.42;100.00
2021-09-11T08:00:01;15.36;1014.46;100.00
2021-09-11T09:00:02;19.59;1014.57;98.87
2021-09-11T10:00:01;23.06;1014.55;94.12
2021-09-11T11:00:01;24.91;1014.52;88.89
2021-09-11T12:00:02;26.18;1014.19;78.26
2021-09-11T13:00:02;32.00;1013.69;55.27
2021-09-11T14:00:01;24.20;1013.30;72.50
2021-09-11T15:00:01;22.17;1013.72;84.92
2021-09-11T16:00:01;18.67;1014.42;89.33
2021-09-11T17:00:01;17.73;1014.75;93.15
2021-09-11T18:00:01;17.99;1013.95;95.31
2021-09-11T19:00:02;17.31;1014.47;95.59
2021-09-11T20:00:01;16.05;1014.95;97.55
2021-09-11T21:00:01;15.71;1014.69;98.96
2021-09-11T22:00:01;15.28;1014.79;99.94
2021-09-11T23:00:01;15.21;1014.86;100.00
2021-09-12T00:00:01;14.68;1015.22;100.00
2021-09-12T01:00:01;14.46;1014.85;100.00
2021-09-12T02:00:01;13.32;1014.74;100.00
2021-09-12T03:00:01;12.41;1014.73;100.00
2021-09-12T04:00:01;12.40;1014.71;100.00
2021-09-12T05:00:01;11.79;1014.71;100.00
2021-09-12T06:00:01;12.89;1014.52;100.00
2021-09-12T07:00:01;13.94;1014.22;100.00
2021-09-12T08:00:01;15.54;1014.35;100.00
2021-09-12T09:00:01;17.71;1014.26;100.00
2021-09-12T10:00:01;20.83;1014.54;100.00
2021-09-12T11:00:02;24.03;1014.32;88.00
2021-09-12T12:00:01;24.70;1014.27;75.38
2021-09-12T13:00:01;23.88;1013.91;70.26
2021-09-12T14:00:02;23.28;1013.70;71.25
2021-09-12T15:00:01;23.36;1013.61;76.24
2021-09-12T16:00:01;19.18;1013.78;84.57
2021-09-12T17:00:02;21.95;1013.53;83.53
2021-09-12T18:00:01;19.10;1013.41;90.17
2021-09-12T19:00:01;17.68;1013.41;90.96
2021-09-12T20:00:01;14.91;1013.67;92.65
2021-09-12T21:00:01;13.08;1014.01;95.98
2021-09-12T22:00:01;12.57;1014.35;97.76
2021-09-12T23:00:02;12.59;1014.32;99.04
2021-09-13T00:00:02;11.66;1014.29;99.87
2021-09-13T01:00:01;12.17;1014.17;100.00
2021-09-13T02:00:01;11.60;1013.99;100.00
2021-09-13T03:00:01;10.65;1013.97;100.00
2021-09-13T04:00:01;10.72;1013.92;100.00
2021-09-13T05:00:01;10.54;1014.21;100.00
2021-09-13T06:00:01;11.45;1013.99;100.00
2021-09-13T07:00:01;11.82;1013.97;100.00
2021-09-13T08:00:01;14.85;1014.10;100.00
2021-09-13T09:00:02;17.13;1014.23;100.00
2021-09-13T10:00:01;18.32;1014.82;95.79
2021-09-13T11:00:01;21.63;1015.18;80.10
2021-09-13T12:00:01;19.44;1015.47;74.51
2021-09-13T13:00:01;24.24;1015.68;68.70
2021-09-13T14:00:02;28.48;1015.92;69.03
2021-09-13T15:00:01;23.90;1016.23;77.30
2021-09-13T16:00:01;21.42;1016.37;76.93
2021-09-13T17:00:01;18.41;1016.63;81.68
2021-09-13T18:00:01;18.42;1016.87;83.24
2021-09-13T19:00:01;15.75;1017.12;85.63
2021-09-13T20:00:01;14.39;1017.61;89.63
2021-09-13T21:00:01;13.98;1018.25;89.64
2021-09-13T22:00:02;13.54;1018.35;90.80
2021-09-13T23:00:01;13.36;1018.25;93.06
2021-09-14T00:00:01;13.18;1018.46;94.50
2021-09-14T01:00:01;13.25;1018.71;96.13
2021-09-14T02:00:01;13.03;1018.44;96.98
2021-09-14T03:00:01;12.93;1018.46;97.42
2021-09-14T04:00:02;12.76;1018.46;98.13
2021-09-14T05:00:01;12.67;1018.60;98.76
2021-09-14T06:00:01;12.66;1018.43;99.06
2021-09-14T07:00:01;12.95;1018.78;99.65
2021-09-14T08:00:01;14.60;1018.86;99.61
2021-09-14T09:00:01;17.82;1018.94;96.47
2021-09-14T10:00:02;18.78;1019.22;85.33
2021-09-14T11:00:01;20.21;1019.44;81.33
2021-09-14T12:00:01;19.78;1019.49;78.80
2021-09-14T13:00:02;20.17;1019.59;78.30
2021-09-14T14:00:01;19.82;1019.54;80.27
2021-09-14T15:00:01;23.01;1019.30;74.63
2021-09-14T16:00:02;19.80;1019.12;79.65
2021-09-14T17:00:01;16.81;1019.27;86.76
2021-09-14T18:00:01;18.79;1019.35;85.15
2021-09-14T19:00:02;14.87;1019.41;89.91
2021-09-14T20:00:01;14.26;1019.42;94.10
2021-09-14T21:00:01;13.93;1019.43;96.65
2021-09-14T22:00:01;13.41;1019.50;98.08
2021-09-14T23:00:01;13.35;1019.46;99.39
2021-09-15T00:00:01;13.38;1019.50;100.00
2021-09-15T01:00:01;13.38;1019.57;100.00
2021-09-15T02:00:01;12.29;1019.34;100.00
2021-09-15T03:00:02;12.15;1019.38;100.00
2021-09-15T04:00:01;11.38;1019.28;100.00
2021-09-15T05:00:01;9.95;1018.95;100.00
2021-09-15T06:00:02;9.37;1019.02;100.00
2021-09-15T07:00:01;9.33;1018.89;100.00
2021-09-15T08:00:01;11.52;1019.25;100.00
2021-09-15T09:00:01;15.70;1018.85;100.00
2021-09-15T10:00:01;18.81;1018.88;100.00
2021-09-15T11:00:02;20.35;1018.65;96.98
2021-09-15T12:00:01;19.21;1018.37;90.97
2021-09-15T13:00:01;22.92;1018.02;79.83
2021-09-15T14:00:01;23.26;1017.69;71.41
2021-09-15T15:00:01;24.92;1017.21;72.46
2021-09-15T16:00:01;24.95;1016.58;71.59
2021-09-15T17:00:02;25.18;1016.41;71.18
2021-09-15T18:00:01;19.51;1016.15;76.94
2021-09-15T19:00:01;15.66;1016.05;86.82
2021-09-15T20:00:01;15.25;1016.11;91.34
2021-09-15T21:00:01;15.26;1015.65;93.97
2021-09-15T22:00:01;13.67;1015.26;95.56
2021-09-15T23:00:01;13.55;1014.96;97.28
2021-09-16T00:00:01;13.55;1014.61;98.63
2021-09-16T01:00:01;13.61;1014.30;99.50
2021-09-16T02:00:02;13.87;1013.72;100.00
2021-09-16T03:00:01;13.53;1013.37;100.00
2021-09-16T04:00:01;13.43;1012.81;100.00
2021-09-16T05:00:02;13.34;1012.22;100.00
2021-09-16T06:00:01;13.29;1011.81;100.00
2021-09-16T07:00:01;13.36;1011.33;100.00
2021-09-16T08:00:01;13.75;1011.37;100.00
2021-09-16T09:00:02;13.75;1010.98;100.00
2021-09-16T10:00:01;15.22;1010.91;100.00
2021-09-16T11:00:01;16.22;1010.86;100.00
2021-09-16T12:00:01;16.32;1010.78;100.00
2021-09-16T13:00:01;18.89;1010.73;100.00
2021-09-16T14:00:01;19.18;1010.51;97.81
2021-09-16T15:00:01;20.12;1010.47;94.85
2021-09-16T16:00:01;18.21;1010.47;94.98
2021-09-16T17:00:02;17.48;1010.70;96.53
2021-09-16T18:00:01;16.97;1010.86;98.11
2021-09-16T19:00:01;15.42;1010.91;99.23
2021-09-16T20:00:01;14.48;1010.98;100.00
2021-09-16T21:00:02;13.66;1011.06;100.00
2021-09-16T22:00:01;14.15;1011.22;100.00
2021-09-16T23:00:01;13.90;1011.01;100.00
2021-09-17T00:00:01;13.79;1011.07;100.00
2021-09-17T01:00:02;13.68;1011.07;100.00
2021-09-17T02:00:01;13.54;1010.72;100.00
2021-09-17T03:00:01;13.41;1010.44;100.00
2021-09-17T04:00:01;13.30;1010.01;100.00
2021-09-17T05:00:01;11.76;1009.66;100.00
2021-09-17T06:00:02;11.19;1009.45;100.00
2021-09-17T07:00:01;12.09;1009.27;100.00
2021-09-17T08:00:01;14.38;1009.39;100.00
2021-09-17T09:00:01;17.17;1009.17;100.00
2021-09-17T10:00:02;18.69;1009.48;100.00
2021-09-17T11:00:01;19.88;1009.39;97.94
2021-09-17T12:00:01;20.70;1009.28;92.23
2021-09-17T13:00:01;21.42;1009.30;89.02
2021-09-17T14:00:01;20.23;1009.29;90.44
2021-09-17T15:00:02;26.69;1009.04;74.12
2021-09-17T16:00:01;19.14;1009.25;85.07
2021-09-17T17:00:01;16.27;1009.44;92.01
2021-09-17T18:00:01;15.61;1009.38;95.56
2021-09-17T19:00:01;15.05;1009.55;97.82
2021-09-17T20:00:02;14.31;1009.84;99.39
2021-09-17T21:00:01;14.06;1010.24;100.00
2021-09-17T22:00:01;13.83;1010.71;100.00
2021-09-17T23:00:01;13.62;1010.91;100.00
2021-09-18T00:00:01;13.03;1011.01;100.00
2021-09-18T01:00:01;12.72;1011.30;100.00
2021-09-18T02:00:02;12.38;1011.34;100.00
2021-09-18T03:00:01;12.09;1011.71;100.00
2021-09-18T04:00:01;11.81;1011.83;100.00
2021-09-18T05:00:01;11.32;1012.10;100.00
2021-09-18T06:00:01;10.81;1012.55;100.00
2021-09-18T07:00:01;10.36;1013.09;100.00
2021-09-18T08:00:02;10.13;1013.59;100.00
2021-09-18T09:00:01;10.26;1014.27;100.00
2021-09-18T10:00:01;10.51;1014.50;100.00
2021-09-18T11:00:01;13.19;1014.58;100.00
2021-09-18T12:00:01;13.16;1014.77;100.00
2021-09-18T13:00:01;13.16;1015.13;97.38
2021-09-18T14:00:02;15.06;1015.52;93.93
2021-09-18T15:00:01;14.46;1015.66;86.65
2021-09-18T16:00:01;12.31;1015.81;86.69
2021-09-18T17:00:02;11.83;1015.73;85.88
2021-09-18T18:00:01;11.19;1015.92;87.39
2021-09-18T19:00:01;10.31;1015.94;89.92
2021-09-18T20:00:02;10.60;1016.42;91.51
2021-09-18T21:00:01;10.46;1016.71;93.99
2021-09-18T22:00:01;10.22;1016.79;95.35
2021-09-18T23:00:01;9.77;1017.12;96.37
2021-09-19T00:00:02;9.62;1017.08;98.06
2021-09-19T01:00:01;9.27;1016.89;98.26
2021-09-19T02:00:01;9.96;1016.76;98.69
2021-09-19T03:00:01;10.11;1016.52;97.93
2021-09-19T04:00:01;10.25;1016.28;96.44
2021-09-19T05:00:02;9.91;1016.26;94.46
2021-09-19T06:00:01;9.61;1016.22;93.59
2021-09-19T07:00:01;9.71;1016.57;91.50
2021-09-19T08:00:02;10.02;1016.81;90.03
2021-09-19T09:00:02;11.08;1016.89;87.05
2021-09-19T10:00:01;11.16;1017.02;85.03
2021-09-19T11:00:01;12.16;1017.20;83.83
2021-09-19T12:00:02;12.85;1017.32;82.96
2021-09-19T13:00:01;13.12;1017.51;79.74
2021-09-19T14:00:02;13.53;1017.42;78.96
2021-09-19T15:00:01;13.46;1017.51;74.76
2021-09-19T16:00:01;12.33;1017.36;78.78
2021-09-19T17:00:01;11.37;1017.41;81.06
2021-09-19T18:00:01;10.64;1017.47;84.02
2021-09-19T19:00:01;10.52;1017.31;87.60
2021-09-19T20:00:02;10.56;1017.49;90.11
2021-09-19T21:00:01;10.55;1017.67;91.68
2021-09-19T22:00:01;10.09;1018.30;92.76
2021-09-19T23:00:01;8.27;1018.76;93.57
2021-09-20T00:00:01;7.90;1019.11;95.67
2021-09-20T01:00:01;7.77;1019.03;97.33
2021-09-20T02:00:01;7.64;1018.97;97.81
2021-09-20T03:00:01;7.83;1018.86;98.36
2021-09-20T04:00:02;7.68;1018.49;98.73
2021-09-20T05:00:01;8.69;1018.32;99.14
2021-09-20T06:00:01;9.21;1018.68;97.63
2021-09-20T07:00:01;9.52;1019.07;95.41
2021-09-20T08:00:01;10.09;1019.80;92.51
2021-09-20T09:00:01;12.64;1020.00;87.95
2021-09-20T10:00:01;16.05;1020.71;79.83
2021-09-20T11:00:02;14.38;1021.01;77.08
2021-09-20T12:00:01;16.91;1020.90;74.67
2021-09-20T13:00:01;21.75;1020.71;65.95
2021-09-20T14:00:01;21.39;1020.63;59.56
2021-09-20T15:00:01;19.95;1020.80;57.52
2021-09-20T16:00:01;18.43;1021.04;61.12
2021-09-20T17:00:01;17.13;1021.17;59.13
2021-09-20T18:00:01;12.07;1021.42;69.39
2021-09-20T19:00:01;10.47;1021.88;76.57
2021-09-20T20:00:02;9.63;1022.17;80.11
2021-09-20T21:00:01;8.84;1022.32;83.93
2021-09-20T22:00:01;8.27;1022.49;87.37
2021-09-20T23:00:01;8.45;1022.69;88.53
2021-09-21T00:00:01;8.10;1022.76;89.34
2021-09-21T01:00:01;7.21;1022.79;90.96
2021-09-21T02:00:01;6.05;1023.12;92.94
2021-09-21T03:00:01;6.37;1022.93;94.65
2021-09-21T04:00:02;5.57;1023.24;95.66
2021-09-21T05:00:01;4.17;1023.40;96.28
2021-09-21T06:00:01;3.93;1023.25;97.37
2021-09-21T07:00:01;4.62;1023.42;98.47
2021-09-21T08:00:01;7.90;1023.80;99.46
2021-09-21T09:00:01;12.13;1023.72;96.48
2021-09-21T10:00:01;14.45;1023.83;83.51
2021-09-21T11:00:02;14.07;1023.60;77.34
2021-09-21T12:00:01;16.56;1023.84;64.21
2021-09-21T13:00:01;17.24;1024.01;58.05
2021-09-21T14:00:02;15.50;1023.94;62.14
2021-09-21T15:00:01;14.10;1023.58;65.52
2021-09-21T16:00:01;11.90;1023.76;71.03
2021-09-21T17:00:02;11.27;1023.79;76.82
2021-09-21T18:00:01;10.10;1023.68;80.19
2021-09-21T19:00:01;8.88;1023.77;84.33
2021-09-21T20:00:01;8.74;1023.90;88.76
2021-09-21T21:00:01;8.67;1023.65;91.06
2021-09-21T22:00:01;8.47;1023.69;92.51
2021-09-21T23:00:01;8.54;1023.61;94.15
2021-09-22T00:00:01;8.08;1023.33;95.66
2021-09-22T01:00:02;5.95;1023.28;96.33
2021-09-22T02:00:01;5.13;1023.18;97.21
2021-09-22T03:00:01;5.23;1023.04;98.39
2021-09-22T04:00:01;6.26;1022.78;99.07
2021-09-22T05:00:01;7.03;1022.84;99.89
2021-09-22T06:00:01;7.46;1023.39;100.00
2021-09-22T07:00:01;7.95;1023.69;100.00
2021-09-22T08:00:02;8.39;1024.08;100.00
2021-09-22T09:00:01;11.19;1024.22;100.00
2021-09-22T10:00:01;11.33;1024.48;99.64
2021-09-22T11:00:02;15.75;1024.41;98.34
2021-09-22T12:00:01;15.39;1024.24;88.26
2021-09-22T13:00:01;15.22;1024.08;89.77
2021-09-22T14:00:01;16.67;1023.89;80.38
2021-09-22T15:00:02;12.70;1023.76;80.71
2021-09-22T16:00:01;11.74;1023.63;84.84
2021-09-22T17:00:01;13.47;1023.03;84.28
2021-09-22T18:00:01;12.11;1022.54;88.65
2021-09-22T19:00:01;9.68;1022.28;90.20
2021-09-22T20:00:02;8.42;1022.03;92.49
2021-09-22T21:00:01;8.39;1021.49;94.76
2021-09-22T22:00:01;8.48;1021.16;96.71
2021-09-22T23:00:01;8.55;1020.64;98.11
2021-09-23T00:00:01;8.40;1020.09;99.17
2021-09-23T01:00:01;8.34;1019.17;99.94
2021-09-23T02:00:01;7.23;1018.36;100.00
2021-09-23T03:00:01;7.42;1017.50;100.00
2021-09-23T04:00:02;9.02;1016.05;100.00
2021-09-23T05:00:01;9.10;1014.86;100.00
2021-09-23T06:00:01;9.32;1014.20;100.00
2021-09-23T07:00:01;9.27;1013.42;100.00
2021-09-23T08:00:01;10.24;1012.63;100.00
2021-09-23T09:00:01;12.61;1012.25;100.00
2021-09-23T10:00:01;13.52;1011.13;100.00
2021-09-23T11:00:02;14.48;1009.93;95.35
2021-09-23T12:00:01;14.09;1009.16;90.51
2021-09-23T13:00:01;14.10;1007.85;88.70
2021-09-23T14:00:01;14.25;1006.46;86.98
2021-09-23T15:00:01;13.33;1005.06;88.60
2021-09-23T16:00:01;12.62;1003.67;91.75
2021-09-23T17:00:01;12.50;1002.44;94.58
2021-09-23T18:00:02;12.06;1000.82;96.68
2021-09-23T19:00:02;11.77;998.85;98.95
2021-09-23T20:00:01;11.92;997.38;100.00
2021-09-23T21:00:01;11.70;996.66;100.00
2021-09-23T22:00:01;11.10;996.66;98.68
2021-09-23T23:00:01;9.77;996.47;98.08
2021-09-24T00:00:01;7.43;996.85;95.73
2021-09-24T01:00:02;8.04;997.16;97.09
2021-09-24T02:00:01;8.26;997.51;98.13
2021-09-24T03:00:01;8.60;998.27;98.72
2021-09-24T04:00:02;8.73;999.09;97.98
2021-09-24T05:00:01;8.16;999.76;97.39
2021-09-24T06:00:01;8.40;999.91;98.32
2021-09-24T07:00:01;9.14;1000.28;98.56
2021-09-24T08:00:01;10.96;1001.34;95.07
2021-09-24T09:00:01;12.52;1001.77;82.74
2021-09-24T10:00:02;14.24;1002.74;84.19
2021-09-24T11:00:01;15.76;1003.53;81.37
2021-09-24T12:00:01;15.89;1003.82;70.59
2021-09-24T13:00:01;19.80;1004.87;62.50
2021-09-24T14:00:02;23.64;1005.34;52.07
2021-09-24T15:00:01;23.32;1005.94;52.10
2021-09-24T16:00:01;24.26;1006.79;55.59
2021-09-24T17:00:01;24.11;1007.40;53.14
2021-09-24T18:00:01;13.27;1008.20;71.85
2021-09-24T19:00:01;10.68;1008.55;82.27
2021-09-24T20:00:01;9.56;1008.67;88.50
2021-09-24T21:00:01;10.03;1008.86;91.99
2021-09-24T22:00:01;9.36;1008.57;94.13
2021-09-24T23:00:02;10.13;1008.36;96.35
2021-09-25T00:00:02;11.51;1008.11;97.50
2021-09-25T01:00:01;11.84;1007.41;98.28
2021-09-25T02:00:01;13.07;1006.89;98.27
2021-09-25T03:00:01;13.50;1006.93;97.74
2021-09-25T04:00:01;13.73;1006.97;96.99
2021-09-25T05:00:02;13.54;1007.12;97.37
2021-09-25T06:00:01;12.94;1007.23;98.30
2021-09-25T07:00:01;12.71;1007.26;99.11
2021-09-25T08:00:01;14.85;1007.84;98.33
2021-09-25T09:00:02;17.49;1008.36;88.53
2021-09-25T10:00:01;17.59;1009.30;84.77
2021-09-25T11:00:01;19.96;1009.66;79.69
2021-09-25T12:00:01;20.61;1010.19;74.46
2021-09-25T13:00:01;24.40;1010.80;59.27
2021-09-25T14:00:01;29.01;1011.29;49.44
2021-09-25T15:00:02;20.85;1012.27;63.68
2021-09-25T16:00:01;21.54;1012.82;67.80
2021-09-25T17:00:01;24.00;1013.39;58.21
2021-09-25T18:00:02;16.21;1014.39;73.87
2021-09-25T19:00:02;12.87;1015.47;85.36
2021-09-25T20:00:01;13.11;1016.04;90.05
2021-09-25T21:00:01;12.71;1016.52;92.86
2021-09-25T22:00:01;12.14;1016.98;94.52
2021-09-25T23:00:01;9.79;1017.46;96.25
2021-09-26T00:00:01;8.66;1017.93;97.54
2021-09-26T01:00:02;7.83;1018.39;98.56
2021-09-26T02:00:01;7.09;1018.96;99.27
2021-09-26T03:00:01;6.54;1019.43;99.96
2021-09-26T04:00:01;6.14;1019.67;100.00
2021-09-26T05:00:01;5.77;1020.14;100.00
2021-09-26T06:00:01;5.38;1020.52;100.00
2021-09-26T07:00:01;5.83;1020.86;100.00
2021-09-26T08:00:01;8.46;1021.44;100.00
2021-09-26T09:00:01;11.60;1022.04;100.00
2021-09-26T10:00:01;15.77;1022.45;100.00
2021-09-26T11:00:01;16.83;1022.68;96.78
2021-09-26T12:00:01;17.57;1022.74;94.26
2021-09-26T13:00:01;26.97;1022.55;75.90
2021-09-26T14:00:01;36.51;1022.34;44.18
2021-09-26T15:00:01;28.81;1022.14;55.76
2021-09-26T16:00:01;28.28;1022.25;65.37
2021-09-26T17:00:01;22.26;1022.27;73.89
2021-09-26T18:00:01;16.72;1022.30;80.87
2021-09-26T19:00:01;12.69;1022.44;87.83
2021-09-26T20:00:01;10.67;1022.61;91.75
2021-09-26T21:00:02;9.30;1022.87;94.07
2021-09-26T22:00:01;8.35;1023.04;95.67
