2020-04-02T06:00:01;19.73;1001.30;45.11
2020-04-02T07:00:01;19.35;1001.38;44.64
2020-04-02T08:00:01;19.10;1001.48;42.68
2020-04-02T09:00:01;19.26;1001.70;38.38
2020-04-02T10:00:01;20.45;1001.51;39.40
2020-04-02T11:00:01;20.42;1001.70;38.08
2020-04-02T12:00:01;20.88;1001.31;37.19
2020-04-02T13:00:01;27.41;1001.08;26.60
2020-04-02T14:00:01;22.33;1000.43;33.06
2020-04-02T15:00:01;21.91;1000.00;32.47
2020-04-02T16:00:01;21.49;999.50;31.25
2020-04-02T17:00:01;21.11;998.86;31.17
2020-04-02T18:00:01;20.42;998.24;32.66
2020-04-02T19:00:01;19.77;997.60;36.25
2020-04-02T20:00:01;19.85;997.19;38.75
2020-04-02T21:00:01;19.78;996.55;40.13
2020-04-02T22:00:01;19.54;995.62;42.08
2020-04-02T23:00:01;19.71;994.33;42.68
2020-04-03T00:00:01;19.37;993.56;43.90
2020-04-03T01:00:02;19.33;993.06;44.66
2020-04-03T02:00:01;19.44;992.38;45.07
2020-04-03T03:00:01;19.74;993.00;44.95
2020-04-03T04:00:01;19.51;992.81;45.59
2020-04-03T05:00:02;19.60;993.61;46.05
2020-04-03T06:00:01;19.49;993.59;46.53
2020-04-03T07:00:01;19.48;994.11;42.38
2020-04-03T08:00:01;20.15;995.29;39.15
2020-04-03T09:00:01;23.91;996.04;31.96
2020-04-03T10:00:01;27.22;996.82;26.40
2020-04-03T11:00:01;27.23;998.07;26.23
2020-04-03T12:00:02;25.61;998.85;22.64
2020-04-03T13:00:02;23.15;1000.52;25.98
2020-04-03T14:00:01;25.91;1001.14;22.43
2020-04-03T15:00:02;25.99;1001.90;19.90
2020-04-03T16:00:02;18.07;1002.32;27.41
2020-04-03T17:00:02;18.34;1003.36;27.39
2020-04-03T18:00:01;19.02;1004.06;28.42
2020-04-03T19:00:01;18.33;1004.90;30.75
2020-04-03T20:00:02;18.29;1006.02;30.76
2020-04-03T21:00:02;18.46;1006.75;31.92
2020-04-03T22:00:01;18.26;1007.36;32.63
2020-04-03T23:00:01;18.21;1008.05;33.69
2020-04-04T00:00:01;18.07;1008.86;34.41
2020-04-04T01:00:01;17.97;1009.86;34.67
2020-04-04T02:00:01;17.95;1010.70;35.39
2020-04-04T03:00:02;19.10;1011.43;36.32
2020-04-04T04:00:01;19.24;1012.05;38.63
2020-04-04T05:00:01;19.13;1012.91;40.08
2020-04-04T06:00:01;19.08;1013.67;40.94
2020-04-04T07:00:02;19.05;1014.59;38.84
2020-04-04T08:00:01;20.39;1015.50;36.82
2020-04-04T09:00:01;25.40;1016.28;25.57
2020-04-04T10:00:01;30.58;1017.24;20.05
2020-04-04T11:00:01;28.11;1018.22;14.54
2020-04-04T12:00:01;23.59;1018.71;18.51
2020-04-04T13:00:02;28.69;1019.04;12.80
2020-04-04T14:00:01;31.91;1019.52;10.89
2020-04-04T15:00:01;25.13;1019.88;16.01
2020-04-04T16:00:01;20.21;1020.27;21.10
2020-04-04T17:00:01;18.91;1020.60;24.08
2020-04-04T18:00:02;18.39;1021.03;23.37
2020-04-04T19:00:01;18.64;1021.93;24.66
2020-04-04T20:00:01;19.47;1022.91;30.10
2020-04-04T21:00:01;19.27;1023.51;32.39
2020-04-04T22:00:01;19.06;1023.84;34.77
2020-04-04T23:00:02;18.99;1024.22;36.41
2020-04-05T00:00:01;18.96;1025.03;35.87
2020-04-05T01:00:01;18.80;1025.37;35.87
2020-04-05T02:00:01;19.35;1026.06;36.96
2020-04-05T03:00:02;19.54;1026.34;38.01
2020-04-05T04:00:01;19.32;1026.55;39.04
2020-04-05T05:00:01;19.44;1026.84;39.33
2020-04-05T06:00:01;18.95;1027.29;38.38
2020-04-05T07:00:01;19.13;1027.93;37.73
2020-04-05T08:00:01;20.29;1028.70;34.82
2020-04-05T09:00:02;22.75;1029.13;21.23
2020-04-05T10:00:01;26.62;1029.28;16.75
2020-04-05T11:00:01;27.53;1029.54;16.36
2020-04-05T12:00:01;30.09;1029.43;15.08
2020-04-05T13:00:01;31.32;1029.10;13.98
2020-04-05T14:00:01;33.17;1028.85;12.77
2020-04-05T15:00:01;30.20;1028.46;14.02
2020-04-05T16:00:01;22.46;1028.02;23.80
2020-04-05T17:00:01;20.88;1027.75;26.01
2020-04-05T18:00:01;19.60;1027.40;27.97
2020-04-05T19:00:01;19.23;1027.33;31.04
2020-04-05T20:00:01;19.24;1027.14;32.63
2020-04-05T21:00:01;17.81;1027.34;31.40
2020-04-05T22:00:02;17.44;1027.42;30.30
2020-04-05T23:00:01;19.09;1027.23;31.60
2020-04-06T00:00:01;19.17;1027.21;34.14
2020-04-06T01:00:01;19.16;1026.98;36.55
2020-04-06T02:00:01;19.34;1026.86;38.02
2020-04-06T03:00:02;19.61;1026.78;38.67
2020-04-06T04:00:01;19.05;1026.46;39.90
2020-04-06T05:00:01;19.01;1026.44;40.70
2020-04-06T06:00:01;19.65;1026.54;40.20
2020-04-06T07:00:02;19.71;1026.73;40.21
2020-04-06T08:00:01;20.68;1026.71;35.08
2020-04-06T09:00:01;26.56;1026.51;25.16
2020-04-06T10:00:01;29.57;1026.22;20.77
2020-04-06T11:00:01;29.88;1025.65;11.77
2020-04-06T12:00:02;31.99;1025.12;9.14
2020-04-06T13:00:01;33.93;1024.46;8.36
2020-04-06T14:00:01;36.36;1024.08;6.90
2020-04-06T15:00:01;32.42;1023.41;9.54
2020-04-06T16:00:01;24.09;1022.75;14.38
2020-04-06T17:00:01;21.95;1022.31;16.23
2020-04-06T18:00:02;21.26;1021.67;16.25
2020-04-06T19:00:01;20.84;1021.47;20.18
2020-04-06T20:00:01;20.65;1021.51;22.66
2020-04-06T21:00:01;20.88;1021.87;24.86
2020-04-06T22:00:02;20.93;1021.83;25.23
2020-04-06T23:00:01;20.82;1021.65;25.90
2020-04-07T00:00:01;20.51;1021.66;27.63
2020-04-07T01:00:01;20.40;1021.51;28.33
2020-04-07T02:00:01;20.28;1021.54;30.27
2020-04-07T03:00:01;20.10;1021.46;31.66
2020-04-07T04:00:02;20.00;1021.41;30.71
2020-04-07T05:00:01;20.36;1021.28;30.08
2020-04-07T06:00:01;19.82;1021.12;30.63
2020-04-07T07:00:01;19.98;1021.24;29.75
2020-04-07T08:00:01;21.37;1021.32;28.87
2020-04-07T09:00:02;26.96;1021.17;20.36
2020-04-07T10:00:01;28.77;1021.12;16.20
2020-04-07T11:00:01;31.20;1021.11;14.78
2020-04-07T12:00:01;33.03;1021.15;14.24
2020-04-07T13:00:01;34.14;1021.13;13.57
2020-04-07T14:00:01;35.67;1022.05;12.90
2020-04-07T15:00:02;31.72;1023.13;17.37
2020-04-07T16:00:01;23.88;1023.88;26.77
2020-04-07T17:00:01;22.12;1024.27;26.58
2020-04-07T18:00:01;21.57;1024.67;26.34
2020-04-07T19:00:01;20.80;1025.44;29.95
2020-04-07T20:00:01;20.79;1025.92;29.23
2020-04-07T21:00:02;19.97;1026.50;30.64
2020-04-07T22:00:01;19.27;1026.71;30.95
2020-04-07T23:00:01;19.35;1026.68;29.26
2020-04-08T00:00:01;19.45;1026.69;30.77
2020-04-08T01:00:01;19.44;1026.87;29.18
2020-04-08T02:00:02;18.64;1026.89;29.32
2020-04-08T03:00:01;18.54;1026.81;29.10
2020-04-08T04:00:01;18.71;1026.91;29.67
2020-04-08T05:00:01;18.22;1027.14;29.96
2020-04-08T06:00:01;19.25;1027.28;29.63
2020-04-08T07:00:01;20.20;1027.26;33.95
2020-04-08T08:00:01;21.38;1027.19;31.67
2020-04-08T09:00:01;27.30;1027.13;21.68
2020-04-08T10:00:01;30.58;1026.60;19.50
2020-04-08T11:00:02;31.03;1026.00;18.70
2020-04-08T12:00:01;31.31;1025.19;17.49
2020-04-08T13:00:01;33.99;1024.54;14.67
2020-04-08T14:00:01;36.94;1023.52;11.61
2020-04-08T15:00:01;33.59;1022.40;13.30
2020-04-08T16:00:01;25.65;1021.22;20.97
2020-04-08T17:00:02;24.32;1020.11;20.54
2020-04-08T18:00:02;22.75;1019.63;25.87
2020-04-08T19:00:01;22.26;1019.01;29.05
2020-04-08T20:00:01;22.30;1018.79;30.58
2020-04-08T21:00:01;21.61;1017.98;30.75
2020-04-08T22:00:01;21.00;1017.35;31.04
2020-04-08T23:00:02;21.41;1016.55;33.95
2020-04-09T00:00:01;21.34;1015.95;34.12
2020-04-09T01:00:01;21.25;1015.17;37.27
2020-04-09T02:00:01;21.36;1014.41;36.89
2020-04-09T03:00:01;21.42;1013.42;36.51
2020-04-09T04:00:01;21.29;1012.25;36.83
2020-04-09T05:00:01;21.13;1011.52;36.14
2020-04-09T06:00:02;21.02;1010.98;35.53
2020-04-09T07:00:01;20.89;1011.10;33.79
2020-04-09T08:00:01;21.42;1011.60;33.93
2020-04-09T09:00:01;22.61;1011.86;34.01
2020-04-09T10:00:01;23.09;1012.20;33.43
2020-04-09T11:00:01;26.81;1012.56;26.90
2020-04-09T12:00:02;28.22;1012.88;24.63
2020-04-09T13:00:01;27.02;1013.02;24.20
2020-04-09T14:00:01;30.92;1013.54;18.39
2020-04-09T15:00:01;30.19;1013.90;19.12
2020-04-09T16:00:01;23.34;1014.56;26.28
2020-04-09T17:00:01;21.78;1015.01;27.68
2020-04-09T18:00:01;20.36;1015.25;28.96
2020-04-09T19:00:01;20.33;1015.62;30.82
2020-04-09T20:00:01;19.88;1016.13;31.44
2020-04-09T21:00:01;21.07;1016.79;33.10
2020-04-09T22:00:01;21.75;1017.01;33.67
2020-04-09T23:00:01;22.41;1017.11;33.71
2020-04-10T00:00:01;20.80;1017.02;29.30
2020-04-10T01:00:02;19.68;1017.10;28.00
2020-04-10T02:00:02;19.23;1017.24;28.06
2020-04-10T03:00:01;20.97;1017.67;30.40
2020-04-10T04:00:01;21.28;1018.05;31.45
2020-04-10T05:00:01;21.30;1018.47;31.78
2020-04-10T06:00:01;21.22;1018.68;32.21
2020-04-10T07:00:01;20.85;1019.65;32.51
2020-04-10T08:00:01;22.91;1019.88;30.38
2020-04-10T09:00:01;26.83;1019.95;23.02
2020-04-10T10:00:01;28.86;1020.39;21.33
2020-04-10T11:00:01;28.75;1020.46;19.10
2020-04-10T12:00:01;27.12;1020.58;18.56
2020-04-10T13:00:01;27.80;1020.56;18.02
2020-04-10T14:00:01;32.00;1020.22;12.25
2020-04-10T15:00:01;26.38;1020.04;18.67
2020-04-10T16:00:02;22.13;1019.66;24.21
2020-04-10T17:00:01;21.45;1019.51;24.98
2020-04-10T18:00:02;20.76;1019.30;26.23
2020-04-10T19:00:01;20.29;1019.20;26.97
2020-04-10T20:00:01;19.83;1019.49;24.69
2020-04-10T21:00:02;19.21;1019.77;22.85
2020-04-10T22:00:01;19.90;1019.88;23.51
2020-04-10T23:00:01;20.62;1020.10;24.89
2020-04-11T00:00:01;20.81;1020.20;25.36
2020-04-11T01:00:01;21.07;1020.54;25.13
2020-04-11T02:00:01;20.85;1020.65;25.12
2020-04-11T03:00:01;18.41;1020.81;22.20
2020-04-11T04:00:01;19.18;1021.11;23.47
2020-04-11T05:00:01;21.18;1021.61;26.66
2020-04-11T06:00:01;21.30;1022.08;28.98
2020-04-11T07:00:01;20.79;1022.66;28.49
2020-04-11T08:00:01;22.65;1023.06;28.52
2020-04-11T09:00:01;26.73;1023.52;23.43
2020-04-11T10:00:01;29.39;1023.95;19.44
2020-04-11T11:00:01;29.46;1024.00;19.27
2020-04-11T12:00:02;30.29;1023.72;18.28
2020-04-11T13:00:01;30.64;1023.56;16.92
2020-04-11T14:00:01;33.36;1023.29;12.90
2020-04-11T15:00:01;31.98;1022.85;13.33
2020-04-11T16:00:02;24.49;1022.24;19.92
2020-04-11T17:00:01;22.10;1021.78;22.41
2020-04-11T18:00:01;21.18;1021.31;24.78
2020-04-11T19:00:01;20.91;1021.01;25.89
2020-04-11T20:00:01;20.23;1020.79;26.21
2020-04-11T21:00:02;20.09;1020.58;26.18
2020-04-11T22:00:01;19.55;1020.02;24.90
2020-04-11T23:00:01;19.05;1019.60;25.09
2020-04-12T00:00:01;19.47;1019.28;23.24
2020-04-12T01:00:01;19.43;1018.69;21.93
2020-04-12T02:00:01;19.65;1018.18;20.96
2020-04-12T03:00:01;21.05;1017.39;23.52
2020-04-12T04:00:01;22.05;1016.72;25.87
2020-04-12T05:00:01;22.35;1016.16;27.94
2020-04-12T06:00:01;21.89;1015.17;27.84
2020-04-12T07:00:02;21.92;1014.91;27.86
2020-04-12T08:00:01;22.33;1014.17;26.15
2020-04-12T09:00:01;24.37;1013.72;21.53
2020-04-12T10:00:02;24.39;1013.04;22.35
2020-04-12T11:00:01;26.47;1012.12;20.58
2020-04-12T12:00:01;30.69;1010.94;14.09
2020-04-12T13:00:01;32.03;1009.70;12.80
2020-04-12T14:00:01;34.02;1008.67;11.28
2020-04-12T15:00:02;32.45;1007.48;12.38
2020-04-12T16:00:01;25.72;1006.60;18.23
2020-04-12T17:00:01;23.98;1005.66;19.54
2020-04-12T18:00:01;22.86;1004.98;19.92
2020-04-12T19:00:01;22.19;1004.54;21.28
2020-04-12T20:00:01;22.19;1003.97;23.42
2020-04-12T21:00:01;22.14;1003.34;24.09
2020-04-12T22:00:01;21.88;1002.82;24.69
2020-04-12T23:00:01;21.48;1002.05;25.11
2020-04-13T00:00:02;21.14;1001.70;25.87
2020-04-13T01:00:01;21.10;1001.20;26.98
2020-04-13T02:00:02;20.58;1000.35;27.44
2020-04-13T03:00:01;20.29;999.90;28.89
2020-04-13T04:00:02;20.05;999.46;30.68
2020-04-13T05:00:02;20.24;999.21;31.38
2020-04-13T06:00:01;19.86;999.19;31.90
2020-04-13T07:00:01;19.60;999.14;30.30
2020-04-13T08:00:02;19.12;999.55;30.74
2020-04-13T09:00:01;19.29;999.94;27.38
2020-04-13T10:00:01;20.13;1000.34;24.41
2020-04-13T11:00:01;19.91;1000.92;23.15
2020-04-13T12:00:02;20.73;1001.42;20.40
2020-04-13T13:00:01;24.62;1001.81;17.50
2020-04-13T14:00:01;23.74;1002.90;16.26
2020-04-13T15:00:02;25.23;1003.49;13.73
2020-04-13T16:00:01;20.23;1004.13;20.35
2020-04-13T17:00:01;20.37;1004.12;20.42
2020-04-13T18:00:02;19.94;1004.31;20.74
2020-04-13T19:00:01;19.54;1004.73;23.53
2020-04-13T20:00:01;19.32;1004.86;22.86
2020-04-13T21:00:01;18.91;1005.23;22.79
2020-04-13T22:00:01;18.31;1005.42;21.66
2020-04-13T23:00:01;19.96;1005.68;24.31
2020-04-14T00:00:01;20.13;1005.77;26.84
2020-04-14T01:00:01;19.93;1005.90;29.00
2020-04-14T02:00:01;19.74;1006.03;29.98
2020-04-14T03:00:01;19.90;1006.43;30.85
2020-04-14T04:00:01;19.84;1006.85;31.64
2020-04-14T05:00:02;19.32;1006.84;32.75
2020-04-14T06:00:01;19.61;1007.09;32.87
2020-04-14T07:00:01;19.40;1007.65;31.40
2020-04-14T08:00:01;21.10;1008.15;30.75
2020-04-14T09:00:01;22.45;1008.45;27.16
2020-04-14T10:00:01;24.95;1009.08;24.31
2020-04-14T11:00:01;26.50;1009.47;22.25
2020-04-14T12:00:02;25.69;1009.79;23.40
2020-04-14T13:00:01;24.65;1009.69;24.08
2020-04-14T14:00:01;22.00;1010.34;25.27
2020-04-14T15:00:01;21.43;1010.77;24.12
2020-04-14T16:00:01;20.23;1011.41;24.31
2020-04-14T17:00:01;19.07;1011.23;24.22
2020-04-14T18:00:01;19.99;1011.14;28.22
2020-04-14T19:00:01;19.61;1011.13;27.90
2020-04-14T20:00:01;19.61;1011.65;30.57
2020-04-14T21:00:01;19.72;1011.29;32.70
2020-04-14T22:00:02;19.87;1010.99;33.87
2020-04-14T23:00:01;19.63;1010.43;35.04
2020-04-15T00:00:01;19.64;1010.04;36.78
2020-04-15T01:00:02;19.70;1010.09;36.69
2020-04-15T02:00:01;19.77;1009.49;36.82
2020-04-15T03:00:02;20.12;1008.66;37.08
2020-04-15T04:00:01;20.08;1007.98;37.37
2020-04-15T05:00:01;20.19;1007.49;37.09
2020-04-15T06:00:02;19.75;1007.38;35.44
2020-04-15T07:00:01;20.09;1007.39;37.21
2020-05-16T03:16:29;21.10;1009.29;39.42
2020-05-23T22:00:01;21.99;1013.46;42.93
2020-05-23T23:00:02;20.76;1013.71;45.92
2020-05-24T00:00:01;20.63;1013.75;47.87
2020-05-31T00:00:02;20.56;1015.03;45.06
2020-05-31T00:00:02;20.56;1015.03;45.06
2020-05-31T01:00:01;20.46;1014.85;45.72
2020-06-01T00:00:01;10.29;1023.51;77.25
2020-06-02T00:00:01;12.38;1020.33;68.97
2020-06-03T00:00:02;8.07;1012.41;83.69
2020-06-04T00:00:01;7.42;1005.81;84.96
